[Licensing::Module] Trying to connect to existing licensing client channel...
Built from '6000.2/staging' branch; Version is '6000.2.10f1 (d3d30d158480) revision 13882125'; Using compiler version '194234433'; Build Type 'Release'
OS: 'Windows 10  (10.0.19045) 64bit ProfessionalEducation' Language: 'ru' Physical Memory: 32535 MB
BatchMode: 1, IsHumanControllingUs: 0, StartBugReporterOnCrash: 0, Is64bit: 1
Date: 2025-11-23T18:15:22Z
[Licensing::IpcConnector] Successfully connected to: "LicenseClient-bebra" at "2025-11-23T18:15:22.5110497Z"

COMMAND LINE ARGUMENTS:
D:\UnityEditors\6000.2.10f1\Editor\Unity.exe
-adb2
-batchMode
-noUpm
-name
AssetImportWorker4
-projectPath
D:/projects_U/Yaiko-Game-Github
-logFile
Logs/AssetImportWorker4.log
-srvPort
52924
-licensingIpc
LicenseClient-bebra
-job-worker-count
7
-background-job-worker-count
8
-gc-helper-count
1
-name
AssetImport
Successfully changed project path to: D:/projects_U/Yaiko-Game-Github
D:/projects_U/Yaiko-Game-Github
[UnityMemory] Configuration Parameters - Can be set up in boot.config
    "memorysetup-allocator-temp-initial-block-size-main=262144"
    "memorysetup-allocator-temp-initial-block-size-worker=262144"
    "memorysetup-bucket-allocator-granularity=16"
    "memorysetup-bucket-allocator-bucket-count=8"
    "memorysetup-bucket-allocator-block-size=33554432"
    "memorysetup-bucket-allocator-block-count=8"
    "memorysetup-main-allocator-block-size=16777216"
    "memorysetup-thread-allocator-block-size=16777216"
    "memorysetup-gfx-main-allocator-block-size=16777216"
    "memorysetup-gfx-thread-allocator-block-size=16777216"
    "memorysetup-cache-allocator-block-size=4194304"
    "memorysetup-typetree-allocator-block-size=2097152"
    "memorysetup-profiler-bucket-allocator-granularity=16"
    "memorysetup-profiler-bucket-allocator-bucket-count=8"
    "memorysetup-profiler-bucket-allocator-block-size=33554432"
    "memorysetup-profiler-bucket-allocator-block-count=8"
    "memorysetup-profiler-allocator-block-size=16777216"
    "memorysetup-profiler-editor-allocator-block-size=1048576"
    "memorysetup-temp-allocator-size-main=16777216"
    "memorysetup-job-temp-allocator-block-size=2097152"
    "memorysetup-job-temp-allocator-block-size-background=1048576"
    "memorysetup-job-temp-allocator-reduction-small-platforms=262144"
    "memorysetup-temp-allocator-size-background-worker=32768"
    "memorysetup-temp-allocator-size-job-worker=262144"
    "memorysetup-temp-allocator-size-preload-manager=33554432"
    "memorysetup-temp-allocator-size-nav-mesh-worker=65536"
    "memorysetup-temp-allocator-size-audio-worker=65536"
    "memorysetup-temp-allocator-size-cloud-worker=32768"
    "memorysetup-temp-allocator-size-gi-baking-worker=262144"
    "memorysetup-temp-allocator-size-gi-baking-worker=262144"
    "memorysetup-temp-allocator-size-gi-baking-worker=262144"
    "memorysetup-temp-allocator-size-gi-baking-worker=262144"
    "memorysetup-temp-allocator-size-gi-baking-worker=262144"
    "memorysetup-temp-allocator-size-gfx=262144"
Player connection [14668]  Target information:

Player connection [14668]  * "[IP] 192.168.100.163 [Port] 0 [Flags] 2 [Guid] 2821675662 [EditorId] 2821675662 [Version] 1048832 [Id] WindowsEditor(7,DESKTOP-AR157Q0) [Debug] 1 [PackageName] WindowsEditor [ProjectName] Editor" 

Player connection [14668]  * "[IP] 26.204.231.216 [Port] 0 [Flags] 2 [Guid] 2821675662 [EditorId] 2821675662 [Version] 1048832 [Id] WindowsEditor(7,DESKTOP-AR157Q0) [Debug] 1 [PackageName] WindowsEditor [ProjectName] Editor" 

Player connection [14668] Host joined multi-casting on [225.0.0.222:54997]...
Player connection [14668] Host joined alternative multi-casting on [225.0.0.222:34997]...
JobSystem: Creating JobQueue using job-worker-count value 7
Input System module state changed to: Initialized.
[Physics::Module] Initialized fallback backend.
[Physics::Module] Id: 0xdecafbad
Library Redirect Path: Library/
[Licensing::Client] Code 10 while verifying Licensing Client signature (process Id: 2728, path: "D:/UnityHub/Unity Hub/UnityLicensingClient_V1/Unity.Licensing.Client.exe")
[Licensing::Module] LicensingClient has failed validation; ignoring
[Licensing::Client] Handshaking with LicensingClient:
  Version:                 1.17.3+a4e98f1
  Session Id:              bcee6d461b1b43d5acc5ea655856626f
  Correlation Id:          24c2afa5b20062f97c047b3ebb650f0b
  External correlation Id: 8715627853660358970
  Machine Id:              +zXSExsh24/+HhcDMMq/oURcqWg=
[Licensing::Module] Successfully connected to LicensingClient on channel: "LicenseClient-bebra" (connect: 0.00s, validation: 0.00s, handshake: 0.15s)
[Licensing::IpcConnector] Successfully connected to: "LicenseClient-bebra-notifications" at "2025-11-23T18:15:22.6722755Z"
[Licensing::Module] Licensing Background thread has ended after 0.17s
[Physics::Module] Selected backend.
[Physics::Module] Name: PhysX
[Physics::Module] Id: 0xf2b8ea05
[Physics::Module] SDK Version: 4.1.2
[Physics::Module] Integration Version: 1.0.0
[Physics::Module] Threading Mode: Multi-Threaded
Refreshing native plugins compatible for Editor in 5.58 ms, found 3 plugins.
Preloading 0 native plugins for Editor in 0.00 ms.
Initialize engine version: 6000.2.10f1 (d3d30d158480)
[Subsystems] Discovering subsystems at path D:/UnityEditors/6000.2.10f1/Editor/Data/Resources/UnitySubsystems
[Subsystems] Discovering subsystems at path D:/projects_U/Yaiko-Game-Github/Assets
GfxDevice: creating device client; kGfxThreadingModeNonThreaded
Direct3D:
    Version:  Direct3D 11.0 [level 11.1]
    Renderer: NVIDIA GeForce RTX 3060 (ID=0x2504)
    Vendor:   NVIDIA
    VRAM:     12115 MB
    Driver:   32.0.15.8180
Initialize mono
Mono path[0] = 'D:/UnityEditors/6000.2.10f1/Editor/Data/Managed'
Mono path[1] = 'D:/UnityEditors/6000.2.10f1/Editor/Data/MonoBleedingEdge/lib/mono/unityjit-win32'
Mono config path = 'D:/UnityEditors/6000.2.10f1/Editor/Data/MonoBleedingEdge/etc'
Using monoOptions --debugger-agent=transport=dt_socket,embedding=1,server=y,suspend=n,address=127.0.0.1:56656
Begin MonoManager ReloadAssembly
Registering precompiled unity dll's ...
Register platform support module: D:/UnityEditors/6000.2.10f1/Editor/Data/PlaybackEngines/WebGLSupport/UnityEditor.WebGL.Extensions.dll
Register platform support module: D:/UnityEditors/6000.2.10f1/Editor/Data/PlaybackEngines/WindowsStandaloneSupport/UnityEditor.WindowsStandalone.Extensions.dll
[Licensing::Client] Successfully resolved entitlement details
[Licensing::Module] License group:
  Id: 7972046529525-UnityPersXXXX
  Product: Unity Personal
  Type: Assigned
  Expiration: Unlimited
Register platform support module: D:/UnityEditors/6000.2.10f1/Editor/Data/PlaybackEngines/AndroidPlayer/UnityEditor.Android.Extensions.dll
Registered in 0.014707 seconds.
- Loaded All Assemblies, in  1.234 seconds
Native extension for Android target not found
Android Extension - Scanning For ADB Devices 629 ms
Native extension for WindowsStandalone target not found
Native extension for WebGL target not found
Mono: successfully reloaded assembly
- Finished resetting the current domain, in  1.618 seconds
Domain Reload Profiling: 2831ms
	BeginReloadAssembly (463ms)
		ExecutionOrderSort (0ms)
		DisableScriptedObjects (0ms)
		BackupInstance (0ms)
		ReleaseScriptingObjects (0ms)
		CreateAndSetChildDomain (1ms)
	RebuildCommonClasses (86ms)
	RebuildNativeTypeToScriptingClass (34ms)
	initialDomainReloadingComplete (176ms)
	LoadAllAssembliesAndSetupDomain (453ms)
		LoadAssemblies (455ms)
		RebuildTransferFunctionScriptingTraits (0ms)
		AnalyzeDomain (440ms)
			TypeCache.Refresh (438ms)
				TypeCache.ScanAssembly (414ms)
			BuildScriptInfoCaches (0ms)
			ResolveRequiredComponents (1ms)
	FinalizeReload (1619ms)
		ReleaseScriptCaches (0ms)
		RebuildScriptCaches (0ms)
		SetupLoadedEditorAssemblies (1528ms)
			LogAssemblyErrors (0ms)
			InitializePlatformSupportModulesInManaged (885ms)
			SetLoadedEditorAssemblies (8ms)
			BeforeProcessingInitializeOnLoad (111ms)
			ProcessInitializeOnLoadAttributes (344ms)
			ProcessInitializeOnLoadMethodAttributes (179ms)
			AfterProcessingInitializeOnLoad (0ms)
			EditorAssembliesLoaded (0ms)
		ExecutionOrderSort2 (0ms)
		AwakeInstancesAfterBackupRestoration (0ms)
Assembly reference Packages/com.unity.cinemachine/Editor/Samples/ExposeHDRPInternals/HDRP-Editor-ref.asmref has no target assembly definition
========================================================================
Worker process is ready to serve import requests
Import Worker Mode flag is 0x00
Assembly reference Packages/com.unity.cinemachine/Editor/Samples/ExposeHDRPInternals/HDRP-Editor-ref.asmref has no target assembly definition
Assembly reference Packages/com.unity.cinemachine/Editor/Samples/ExposeHDRPInternals/HDRP-Editor-ref.asmref has no target assembly definition
Begin MonoManager ReloadAssembly
[Licensing::Client] Successfully resolved entitlement details
- Loaded All Assemblies, in  1.940 seconds
Assembly reference Packages/com.unity.cinemachine/Editor/Samples/ExposeHDRPInternals/HDRP-Editor-ref.asmref has no target assembly definition
'Packages/com.unity.cinemachine/Editor/Obsolete/CinemachineVirtualCameraBaseEditor.cs' contains partial class of Unity.Object, exactly 1 of the partial classes needs to be in a file with the same filename. This is to know the one that can be referenced from ie. GameObjects
'Packages/com.unity.cinemachine/Editor/Editors/CinemachineVirtualCameraBaseEditor.cs' contains partial class of Unity.Object, exactly 1 of the partial classes needs to be in a file with the same filename. This is to know the one that can be referenced from ie. GameObjects
Refreshing native plugins compatible for Editor in 14.70 ms, found 3 plugins.
Native extension for Android target not found
Native extension for WindowsStandalone target not found
Native extension for WebGL target not found
Assembly reference Packages/com.unity.cinemachine/Editor/Samples/ExposeHDRPInternals/HDRP-Editor-ref.asmref has no target assembly definition
Package Manager log level set to [2]
[Package Manager] Failed to launch server process. Reason: Unity was launched with the -noUpm command-line argument
[Package Manager] Unable to send message (not connected to server process).
[Package Manager] Cannot connect to Unity Package Manager local server
[Package Manager] Failed to launch server process. Reason: Unity was launched with the -noUpm command-line argument
[Package Manager] Unable to send message (not connected to server process).
[Package Manager] Cannot connect to Unity Package Manager local server
Mono: successfully reloaded assembly
- Finished resetting the current domain, in  1.673 seconds
Domain Reload Profiling: 3593ms
	BeginReloadAssembly (513ms)
		ExecutionOrderSort (0ms)
		DisableScriptedObjects (12ms)
		BackupInstance (0ms)
		ReleaseScriptingObjects (0ms)
		CreateAndSetChildDomain (41ms)
	RebuildCommonClasses (89ms)
	RebuildNativeTypeToScriptingClass (34ms)
	initialDomainReloadingComplete (121ms)
	LoadAllAssembliesAndSetupDomain (1162ms)
		LoadAssemblies (920ms)
		RebuildTransferFunctionScriptingTraits (0ms)
		AnalyzeDomain (577ms)
			TypeCache.Refresh (421ms)
				TypeCache.ScanAssembly (398ms)
			BuildScriptInfoCaches (134ms)
			ResolveRequiredComponents (15ms)
	FinalizeReload (1674ms)
		ReleaseScriptCaches (0ms)
		RebuildScriptCaches (0ms)
		SetupLoadedEditorAssemblies (1365ms)
			LogAssemblyErrors (0ms)
			InitializePlatformSupportModulesInManaged (34ms)
			SetLoadedEditorAssemblies (10ms)
			BeforeProcessingInitializeOnLoad (341ms)
			ProcessInitializeOnLoadAttributes (814ms)
			ProcessInitializeOnLoadMethodAttributes (111ms)
			AfterProcessingInitializeOnLoad (47ms)
			EditorAssembliesLoaded (7ms)
		ExecutionOrderSort2 (0ms)
		AwakeInstancesAfterBackupRestoration (37ms)
Launched and connected shader compiler UnityShaderCompiler.exe after 0.04 seconds
Refreshing native plugins compatible for Editor in 3.57 ms, found 3 plugins.
Preloading 0 native plugins for Editor in 0.00 ms.
Unloading 1 Unused Serialized files (Serialized files now loaded: 0)
Unloading 4167 unused Assets / (219.0 KB). Loaded Objects now: 4678.
Memory consumption went from 88.0 MB to 87.8 MB.
Total: 7.897300 ms (FindLiveObjects: 0.608400 ms CreateObjectMapping: 0.360100 ms MarkObjects: 5.829000 ms  DeleteObjects: 1.098100 ms)

========================================================================
Received Import Request.
  Time since last request: 370527.096525 seconds.
  path: Assets/Pandazole_Ultimate_Pack/Pandazole Nature Environment Pack/Prefabs/TileGround_28.prefab
  artifactKey: Guid(2a92ca261ab698c4eb6b2016241a522b) Importer(2089858483,0ecaa5967403d082aa24f35e1b516d23)
Start importing Assets/Pandazole_Ultimate_Pack/Pandazole Nature Environment Pack/Prefabs/TileGround_28.prefab using Guid(2a92ca261ab698c4eb6b2016241a522b) Importer(2089858483,0ecaa5967403d082aa24f35e1b516d23) (ScriptedImporter) -> (artifact id: 'c2d515e1a8ba2065671bf6d5d18bc595') in 0.3374772 seconds
Number of updated asset objects reloaded before import = 0Number of asset objects unloaded after import = 8

========================================================================
Received Import Request.
  Time since last request: 0.000021 seconds.
  path: Assets/Pandazole_Ultimate_Pack/Pandazole Nature Environment Pack/Prefabs/Grass_17.prefab
  artifactKey: Guid(384943733caf7164db07fb9a0d88da6f) Importer(2089858483,0ecaa5967403d082aa24f35e1b516d23)
Start importing Assets/Pandazole_Ultimate_Pack/Pandazole Nature Environment Pack/Prefabs/Grass_17.prefab using Guid(384943733caf7164db07fb9a0d88da6f) Importer(2089858483,0ecaa5967403d082aa24f35e1b516d23) (ScriptedImporter) -> (artifact id: '85d9aa6f5c0e2d814c89412b8d73948e') in 0.0269709 seconds
Number of updated asset objects reloaded before import = 0Number of asset objects unloaded after import = 8

========================================================================
Received Import Request.
  Time since last request: 0.000033 seconds.
  path: Assets/Pandazole_Ultimate_Pack/Pandazole Nature Environment Pack/Prefabs/Bush_14.prefab
  artifactKey: Guid(f2c1cc5982e4baf4b9b63f34494b83e9) Importer(2089858483,0ecaa5967403d082aa24f35e1b516d23)
Start importing Assets/Pandazole_Ultimate_Pack/Pandazole Nature Environment Pack/Prefabs/Bush_14.prefab using Guid(f2c1cc5982e4baf4b9b63f34494b83e9) Importer(2089858483,0ecaa5967403d082aa24f35e1b516d23) (ScriptedImporter) -> (artifact id: 'df8f2549bdce599fd44db776149d0606') in 0.023195 seconds
Number of updated asset objects reloaded before import = 0Number of asset objects unloaded after import = 8

========================================================================
Received Import Request.
  Time since last request: 0.001648 seconds.
  path: Assets/Pandazole_Ultimate_Pack/Pandazole Nature Environment Pack/Prefabs/Grass_06.prefab
  artifactKey: Guid(118d420437bea2a44ae6aac02f355929) Importer(2089858483,0ecaa5967403d082aa24f35e1b516d23)
Start importing Assets/Pandazole_Ultimate_Pack/Pandazole Nature Environment Pack/Prefabs/Grass_06.prefab using Guid(118d420437bea2a44ae6aac02f355929) Importer(2089858483,0ecaa5967403d082aa24f35e1b516d23) (ScriptedImporter) -> (artifact id: '04fd5dbfa97b11eb9cef4c87f98d4a5b') in 0.0648542 seconds
Number of updated asset objects reloaded before import = 0Number of asset objects unloaded after import = 8

========================================================================
Received Import Request.
  Time since last request: 0.000022 seconds.
  path: Assets/Pandazole_Ultimate_Pack/Pandazole Nature Environment Pack/Prefabs/MineralNode_02_C.prefab
  artifactKey: Guid(2ded96dfa90cf60468e24ebb650d52ef) Importer(2089858483,0ecaa5967403d082aa24f35e1b516d23)
Start importing Assets/Pandazole_Ultimate_Pack/Pandazole Nature Environment Pack/Prefabs/MineralNode_02_C.prefab using Guid(2ded96dfa90cf60468e24ebb650d52ef) Importer(2089858483,0ecaa5967403d082aa24f35e1b516d23) (ScriptedImporter) -> (artifact id: '8a53a8e5f9e7baa798293328dbc8c1a1') in 0.0327754 seconds
Number of updated asset objects reloaded before import = 0Number of asset objects unloaded after import = 8

========================================================================
Received Import Request.
  Time since last request: 0.000021 seconds.
  path: Assets/Pandazole_Ultimate_Pack/Pandazole Nature Environment Pack/Prefabs/SoftRock_18.prefab
  artifactKey: Guid(91ae9495102f35e438e61abd907ec2e7) Importer(2089858483,0ecaa5967403d082aa24f35e1b516d23)
Start importing Assets/Pandazole_Ultimate_Pack/Pandazole Nature Environment Pack/Prefabs/SoftRock_18.prefab using Guid(91ae9495102f35e438e61abd907ec2e7) Importer(2089858483,0ecaa5967403d082aa24f35e1b516d23) (ScriptedImporter) -> (artifact id: '9ef185c8c7a1457e8cfec8071200364a') in 0.0198353 seconds
Number of updated asset objects reloaded before import = 0Number of asset objects unloaded after import = 8

========================================================================
Received Import Request.
  Time since last request: 0.000027 seconds.
  path: Assets/Pandazole_Ultimate_Pack/Pandazole Nature Environment Pack/Prefabs/TreeTrunk_53.prefab
  artifactKey: Guid(af6590ba82492fc46adee78647c6a919) Importer(2089858483,0ecaa5967403d082aa24f35e1b516d23)
Start importing Assets/Pandazole_Ultimate_Pack/Pandazole Nature Environment Pack/Prefabs/TreeTrunk_53.prefab using Guid(af6590ba82492fc46adee78647c6a919) Importer(2089858483,0ecaa5967403d082aa24f35e1b516d23) (ScriptedImporter) -> (artifact id: '557cced29dd7161d0c77b0aa2d1f1b55') in 0.0270015 seconds
Number of updated asset objects reloaded before import = 0Number of asset objects unloaded after import = 8

========================================================================
Received Import Request.
  Time since last request: 0.000022 seconds.
  path: Assets/Pandazole_Ultimate_Pack/Pandazole Nature Environment Pack/Prefabs/Tree_36_Spring.prefab
  artifactKey: Guid(3f842ba4b7a06ea49aa4350e72daa861) Importer(2089858483,0ecaa5967403d082aa24f35e1b516d23)
Start importing Assets/Pandazole_Ultimate_Pack/Pandazole Nature Environment Pack/Prefabs/Tree_36_Spring.prefab using Guid(3f842ba4b7a06ea49aa4350e72daa861) Importer(2089858483,0ecaa5967403d082aa24f35e1b516d23) (ScriptedImporter) -> (artifact id: '7459cddf817dc3a70f5dbc4813d2f549') in 0.0207322 seconds
Number of updated asset objects reloaded before import = 0Number of asset objects unloaded after import = 8

========================================================================
Received Import Request.
  Time since last request: 0.000019 seconds.
  path: Assets/Pandazole_Ultimate_Pack/Pandazole Nature Environment Pack/Prefabs/Tree_21_Fall.prefab
  artifactKey: Guid(ace80ea2f87f4854697157a95c20344b) Importer(2089858483,0ecaa5967403d082aa24f35e1b516d23)
Start importing Assets/Pandazole_Ultimate_Pack/Pandazole Nature Environment Pack/Prefabs/Tree_21_Fall.prefab using Guid(ace80ea2f87f4854697157a95c20344b) Importer(2089858483,0ecaa5967403d082aa24f35e1b516d23) (ScriptedImporter) -> (artifact id: 'a0e874962af5e8c28c6290f702d3942a') in 0.0393584 seconds
Number of updated asset objects reloaded before import = 0Number of asset objects unloaded after import = 13

========================================================================
Received Import Request.
  Time since last request: 0.000027 seconds.
  path: Assets/Pandazole_Ultimate_Pack/Pandazole Nature Environment Pack/Prefabs/Coral_16.prefab
  artifactKey: Guid(fe7843a265e409940bd7e896e8a86f2c) Importer(2089858483,0ecaa5967403d082aa24f35e1b516d23)
Start importing Assets/Pandazole_Ultimate_Pack/Pandazole Nature Environment Pack/Prefabs/Coral_16.prefab using Guid(fe7843a265e409940bd7e896e8a86f2c) Importer(2089858483,0ecaa5967403d082aa24f35e1b516d23) (ScriptedImporter) -> (artifact id: 'a1bbd259d8c61c82d1570665d1711532') in 0.0280647 seconds
Number of updated asset objects reloaded before import = 0Number of asset objects unloaded after import = 8

========================================================================
Received Import Request.
  Time since last request: 0.000480 seconds.
  path: Assets/Pandazole_Ultimate_Pack/Pandazole Nature Environment Pack/Prefabs/Tree_19_Spring.prefab
  artifactKey: Guid(3e415568e5f2caa4f87553e1ab9fb039) Importer(2089858483,0ecaa5967403d082aa24f35e1b516d23)
Start importing Assets/Pandazole_Ultimate_Pack/Pandazole Nature Environment Pack/Prefabs/Tree_19_Spring.prefab using Guid(3e415568e5f2caa4f87553e1ab9fb039) Importer(2089858483,0ecaa5967403d082aa24f35e1b516d23) (ScriptedImporter) -> (artifact id: 'fdd02d2d2b2d34db94c34303d0b9336f') in 0.0241229 seconds
Number of updated asset objects reloaded before import = 0Number of asset objects unloaded after import = 13

========================================================================
Received Import Request.
  Time since last request: 0.000328 seconds.
  path: Assets/Pandazole_Ultimate_Pack/Pandazole Nature Environment Pack/Prefabs/Bush_15.prefab
  artifactKey: Guid(f9ee1f02b6829bb4385061f97a96534b) Importer(2089858483,0ecaa5967403d082aa24f35e1b516d23)
Start importing Assets/Pandazole_Ultimate_Pack/Pandazole Nature Environment Pack/Prefabs/Bush_15.prefab using Guid(f9ee1f02b6829bb4385061f97a96534b) Importer(2089858483,0ecaa5967403d082aa24f35e1b516d23) (ScriptedImporter) -> (artifact id: '002bf715800a4b750f1f6318cd958d1f') in 0.0226577 seconds
Number of updated asset objects reloaded before import = 0Number of asset objects unloaded after import = 8

========================================================================
Received Import Request.
  Time since last request: 0.000021 seconds.
  path: Assets/Pandazole_Ultimate_Pack/Pandazole Nature Environment Pack/Prefabs/Coral_04.prefab
  artifactKey: Guid(7da64987f4f70e947b1fc3ab898acce8) Importer(2089858483,0ecaa5967403d082aa24f35e1b516d23)
Start importing Assets/Pandazole_Ultimate_Pack/Pandazole Nature Environment Pack/Prefabs/Coral_04.prefab using Guid(7da64987f4f70e947b1fc3ab898acce8) Importer(2089858483,0ecaa5967403d082aa24f35e1b516d23) (ScriptedImporter) -> (artifact id: 'a7200238ace6effbde8cfb961bacf8d4') in 0.0192766 seconds
Number of updated asset objects reloaded before import = 0Number of asset objects unloaded after import = 8

========================================================================
Received Import Request.
  Time since last request: 0.000018 seconds.
  path: Assets/Pandazole_Ultimate_Pack/Pandazole Nature Environment Pack/Prefabs/Tree_04_Winter.prefab
  artifactKey: Guid(b85d88c087c0a4e489dc94b5f62f72d1) Importer(2089858483,0ecaa5967403d082aa24f35e1b516d23)
Start importing Assets/Pandazole_Ultimate_Pack/Pandazole Nature Environment Pack/Prefabs/Tree_04_Winter.prefab using Guid(b85d88c087c0a4e489dc94b5f62f72d1) Importer(2089858483,0ecaa5967403d082aa24f35e1b516d23) (ScriptedImporter) -> (artifact id: 'a653639a33ec5633b0f5b816174e977f') in 0.042053 seconds
Number of updated asset objects reloaded before import = 0Number of asset objects unloaded after import = 13

========================================================================
Received Import Request.
  Time since last request: 0.000018 seconds.
  path: Assets/Pandazole_Ultimate_Pack/Pandazole Nature Environment Pack/Prefabs/MineralNode_14_C.prefab
  artifactKey: Guid(96dcd99717846e640b49290e6b01f932) Importer(2089858483,0ecaa5967403d082aa24f35e1b516d23)
Start importing Assets/Pandazole_Ultimate_Pack/Pandazole Nature Environment Pack/Prefabs/MineralNode_14_C.prefab using Guid(96dcd99717846e640b49290e6b01f932) Importer(2089858483,0ecaa5967403d082aa24f35e1b516d23) (ScriptedImporter) -> (artifact id: '9154b198668555dd7090bb433bb45468') in 0.0258687 seconds
Number of updated asset objects reloaded before import = 0Number of asset objects unloaded after import = 8

========================================================================
Received Import Request.
  Time since last request: 0.000556 seconds.
  path: Assets/Pandazole_Ultimate_Pack/Pandazole Nature Environment Pack/Prefabs/SoftRock_11.prefab
  artifactKey: Guid(07756f7dccaeeea4a850c0bc57fe4dd3) Importer(2089858483,0ecaa5967403d082aa24f35e1b516d23)
Start importing Assets/Pandazole_Ultimate_Pack/Pandazole Nature Environment Pack/Prefabs/SoftRock_11.prefab using Guid(07756f7dccaeeea4a850c0bc57fe4dd3) Importer(2089858483,0ecaa5967403d082aa24f35e1b516d23) (ScriptedImporter) -> (artifact id: '808862d075133200ad0b49e4a4812c2e') in 0.0207197 seconds
Number of updated asset objects reloaded before import = 0Number of asset objects unloaded after import = 8

========================================================================
Received Import Request.
  Time since last request: 0.000023 seconds.
  path: Assets/Pandazole_Ultimate_Pack/Pandazole Nature Environment Pack/Prefabs/Coral_03.prefab
  artifactKey: Guid(a5f699a4c6a81414fbeb528dfde804c9) Importer(2089858483,0ecaa5967403d082aa24f35e1b516d23)
Start importing Assets/Pandazole_Ultimate_Pack/Pandazole Nature Environment Pack/Prefabs/Coral_03.prefab using Guid(a5f699a4c6a81414fbeb528dfde804c9) Importer(2089858483,0ecaa5967403d082aa24f35e1b516d23) (ScriptedImporter) -> (artifact id: '80b3854d9a0456b8e91447ad8c85b16c') in 0.0300561 seconds
Number of updated asset objects reloaded before import = 0Number of asset objects unloaded after import = 8

========================================================================
Received Import Request.
  Time since last request: 0.000397 seconds.
  path: Assets/Pandazole_Ultimate_Pack/Pandazole Nature Environment Pack/Prefabs/Skull_02.prefab
  artifactKey: Guid(d5859bbd8c5ba724f9e1b89e4dc80236) Importer(2089858483,0ecaa5967403d082aa24f35e1b516d23)
Start importing Assets/Pandazole_Ultimate_Pack/Pandazole Nature Environment Pack/Prefabs/Skull_02.prefab using Guid(d5859bbd8c5ba724f9e1b89e4dc80236) Importer(2089858483,0ecaa5967403d082aa24f35e1b516d23) (ScriptedImporter) -> (artifact id: '210c257650bac928e36ad933ade511bd') in 0.0201455 seconds
Number of updated asset objects reloaded before import = 0Number of asset objects unloaded after import = 8

========================================================================
Received Import Request.
  Time since last request: 0.001806 seconds.
  path: Assets/Pandazole_Ultimate_Pack/Pandazole Nature Environment Pack/Prefabs/Flower_04.prefab
  artifactKey: Guid(de4a5f32e78b90b449280dfc8b090ce1) Importer(2089858483,0ecaa5967403d082aa24f35e1b516d23)
Start importing Assets/Pandazole_Ultimate_Pack/Pandazole Nature Environment Pack/Prefabs/Flower_04.prefab using Guid(de4a5f32e78b90b449280dfc8b090ce1) Importer(2089858483,0ecaa5967403d082aa24f35e1b516d23) (ScriptedImporter) -> (artifact id: '5fd6cbeb55896f6d9db1e371454004d0') in 0.0215777 seconds
Number of updated asset objects reloaded before import = 0Number of asset objects unloaded after import = 8

========================================================================
Received Import Request.
  Time since last request: 0.000023 seconds.
  path: Assets/Pandazole_Ultimate_Pack/Pandazole Nature Environment Pack/Prefabs/TileGround_32.prefab
  artifactKey: Guid(57843443001deb042be695ea746bb77e) Importer(2089858483,0ecaa5967403d082aa24f35e1b516d23)
Start importing Assets/Pandazole_Ultimate_Pack/Pandazole Nature Environment Pack/Prefabs/TileGround_32.prefab using Guid(57843443001deb042be695ea746bb77e) Importer(2089858483,0ecaa5967403d082aa24f35e1b516d23) (ScriptedImporter) -> (artifact id: '14d5607b9b2a7144e4be38988dafc9f4') in 0.0232682 seconds
Number of updated asset objects reloaded before import = 0Number of asset objects unloaded after import = 8

========================================================================
Received Import Request.
  Time since last request: 0.000023 seconds.
  path: Assets/Pandazole_Ultimate_Pack/Pandazole Nature Environment Pack/Prefabs/TileGround_27.prefab
  artifactKey: Guid(7e9f4e2738e466440938d9dd8687b340) Importer(2089858483,0ecaa5967403d082aa24f35e1b516d23)
Start importing Assets/Pandazole_Ultimate_Pack/Pandazole Nature Environment Pack/Prefabs/TileGround_27.prefab using Guid(7e9f4e2738e466440938d9dd8687b340) Importer(2089858483,0ecaa5967403d082aa24f35e1b516d23) (ScriptedImporter) -> (artifact id: 'a5f20894cddbf890607efff6872f716e') in 0.0277353 seconds
Number of updated asset objects reloaded before import = 0Number of asset objects unloaded after import = 8

========================================================================
Received Import Request.
  Time since last request: 0.000372 seconds.
  path: Assets/Pandazole_Ultimate_Pack/Pandazole Nature Environment Pack/Prefabs/Tree_12_Fall.prefab
  artifactKey: Guid(06f2b8cbc7cf93f49b4bcba7145838d6) Importer(2089858483,0ecaa5967403d082aa24f35e1b516d23)
Start importing Assets/Pandazole_Ultimate_Pack/Pandazole Nature Environment Pack/Prefabs/Tree_12_Fall.prefab using Guid(06f2b8cbc7cf93f49b4bcba7145838d6) Importer(2089858483,0ecaa5967403d082aa24f35e1b516d23) (ScriptedImporter) -> (artifact id: 'e604134b71b7feaaf6d565b1cd39fd5c') in 0.0291763 seconds
Number of updated asset objects reloaded before import = 0Number of asset objects unloaded after import = 13

========================================================================
Received Import Request.
  Time since last request: 0.000469 seconds.
  path: Assets/Pandazole_Ultimate_Pack/Pandazole Nature Environment Pack/Prefabs/TileHex_09.prefab
  artifactKey: Guid(2254e276611315b458ba7160cf9c6d1b) Importer(2089858483,0ecaa5967403d082aa24f35e1b516d23)
Start importing Assets/Pandazole_Ultimate_Pack/Pandazole Nature Environment Pack/Prefabs/TileHex_09.prefab using Guid(2254e276611315b458ba7160cf9c6d1b) Importer(2089858483,0ecaa5967403d082aa24f35e1b516d23) (ScriptedImporter) -> (artifact id: 'cee2da96b62027a8e3f7d8f615ddf154') in 0.019422 seconds
Number of updated asset objects reloaded before import = 0Number of asset objects unloaded after import = 8

========================================================================
Received Import Request.
  Time since last request: 0.000019 seconds.
  path: Assets/Pandazole_Ultimate_Pack/Pandazole Nature Environment Pack/Prefabs/HardRock_37.prefab
  artifactKey: Guid(617ca37626e746841b3ac2f6dc4f4d07) Importer(2089858483,0ecaa5967403d082aa24f35e1b516d23)
Start importing Assets/Pandazole_Ultimate_Pack/Pandazole Nature Environment Pack/Prefabs/HardRock_37.prefab using Guid(617ca37626e746841b3ac2f6dc4f4d07) Importer(2089858483,0ecaa5967403d082aa24f35e1b516d23) (ScriptedImporter) -> (artifact id: '6f9a151cc8f70bb0571a5924b6b866c0') in 0.0318112 seconds
Number of updated asset objects reloaded before import = 0Number of asset objects unloaded after import = 8

========================================================================
Received Import Request.
  Time since last request: 0.000029 seconds.
  path: Assets/Pandazole_Ultimate_Pack/Pandazole Nature Environment Pack/Prefabs/MineralNode_13_C.prefab
  artifactKey: Guid(62ff32002b5c5ab41b73ce26df98f5cb) Importer(2089858483,0ecaa5967403d082aa24f35e1b516d23)
Start importing Assets/Pandazole_Ultimate_Pack/Pandazole Nature Environment Pack/Prefabs/MineralNode_13_C.prefab using Guid(62ff32002b5c5ab41b73ce26df98f5cb) Importer(2089858483,0ecaa5967403d082aa24f35e1b516d23) (ScriptedImporter) -> (artifact id: '5c4f5649edf0b6b73bd1c3e31594cbfd') in 0.020703 seconds
Number of updated asset objects reloaded before import = 0Number of asset objects unloaded after import = 8

========================================================================
Received Import Request.
  Time since last request: 0.000485 seconds.
  path: Assets/Pandazole_Ultimate_Pack/Pandazole Nature Environment Pack/Prefabs/TileGround_37.prefab
  artifactKey: Guid(6033eb34d164c3541ba5d9e224af99f3) Importer(2089858483,0ecaa5967403d082aa24f35e1b516d23)
Start importing Assets/Pandazole_Ultimate_Pack/Pandazole Nature Environment Pack/Prefabs/TileGround_37.prefab using Guid(6033eb34d164c3541ba5d9e224af99f3) Importer(2089858483,0ecaa5967403d082aa24f35e1b516d23) (ScriptedImporter) -> (artifact id: 'f26ff9d9e5e380e9a0bfbff33365b5a0') in 0.0225818 seconds
Number of updated asset objects reloaded before import = 0Number of asset objects unloaded after import = 8

========================================================================
Received Import Request.
  Time since last request: 0.000021 seconds.
  path: Assets/Pandazole_Ultimate_Pack/Pandazole Nature Environment Pack/Prefabs/Plant_Stem_03.prefab
  artifactKey: Guid(5fd0f9b77a9765545a97676c5ec67816) Importer(2089858483,0ecaa5967403d082aa24f35e1b516d23)
Start importing Assets/Pandazole_Ultimate_Pack/Pandazole Nature Environment Pack/Prefabs/Plant_Stem_03.prefab using Guid(5fd0f9b77a9765545a97676c5ec67816) Importer(2089858483,0ecaa5967403d082aa24f35e1b516d23) (ScriptedImporter) -> (artifact id: '416d6f922cad9ebb5acc97cbd0b0571e') in 0.0199474 seconds
Number of updated asset objects reloaded before import = 0Number of asset objects unloaded after import = 8

========================================================================
Received Import Request.
  Time since last request: 0.000033 seconds.
  path: Assets/Pandazole_Ultimate_Pack/Pandazole Nature Environment Pack/Prefabs/Cactus_09_B.prefab
  artifactKey: Guid(515e1f6415abf1148b4023a3d6201659) Importer(2089858483,0ecaa5967403d082aa24f35e1b516d23)
Start importing Assets/Pandazole_Ultimate_Pack/Pandazole Nature Environment Pack/Prefabs/Cactus_09_B.prefab using Guid(515e1f6415abf1148b4023a3d6201659) Importer(2089858483,0ecaa5967403d082aa24f35e1b516d23) (ScriptedImporter) -> (artifact id: '975474f61160de8aefd9416e45fc3c4d') in 0.0197071 seconds
Number of updated asset objects reloaded before import = 0Number of asset objects unloaded after import = 8

========================================================================
Received Import Request.
  Time since last request: 0.000029 seconds.
  path: Assets/Pandazole_Ultimate_Pack/Pandazole Nature Environment Pack/Prefabs/HardRock_18.prefab
  artifactKey: Guid(cee7e7930fc04d945aa540f70ced0f72) Importer(2089858483,0ecaa5967403d082aa24f35e1b516d23)
Start importing Assets/Pandazole_Ultimate_Pack/Pandazole Nature Environment Pack/Prefabs/HardRock_18.prefab using Guid(cee7e7930fc04d945aa540f70ced0f72) Importer(2089858483,0ecaa5967403d082aa24f35e1b516d23) (ScriptedImporter) -> (artifact id: 'e42b48e346788aff5d6f72d0e1ca95ae') in 0.0247931 seconds
Number of updated asset objects reloaded before import = 0Number of asset objects unloaded after import = 8

Editor requested this worker to shutdown with reason: Scaling down because of idle timeout
AssetImportWorker is now disconnected from the server
Process exiting
Exiting without the bug reporter. Application will terminate with return code 0