Built from '6000.2/staging' branch; Version is '6000.2.10f1 (d3d30d158480) revision 13882125'; Using compiler version '194234433'; Build Type 'Release'
[Licensing::Module] Trying to connect to existing licensing client channel...
OS: 'Windows 10  (10.0.19045) 64bit ProfessionalEducation' Language: 'ru' Physical Memory: 32535 MB
BatchMode: 1, IsHumanControllingUs: 0, StartBugReporterOnCrash: 0, Is64bit: 1
Date: 2025-11-23T18:07:55Z
[Licensing::IpcConnector] Successfully connected to: "LicenseClient-bebra" at "2025-11-23T18:07:55.3527449Z"

COMMAND LINE ARGUMENTS:
D:\UnityEditors\6000.2.10f1\Editor\Unity.exe
-adb2
-batchMode
-noUpm
-name
AssetImportWorker3
-projectPath
D:/projects_U/Yaiko-Game-Github
-logFile
Logs/AssetImportWorker3.log
-srvPort
52924
-licensingIpc
LicenseClient-bebra
-job-worker-count
7
-background-job-worker-count
8
-gc-helper-count
1
-name
AssetImport
Successfully changed project path to: D:/projects_U/Yaiko-Game-Github
D:/projects_U/Yaiko-Game-Github
[UnityMemory] Configuration Parameters - Can be set up in boot.config
    "memorysetup-allocator-temp-initial-block-size-main=262144"
    "memorysetup-allocator-temp-initial-block-size-worker=262144"
    "memorysetup-bucket-allocator-granularity=16"
    "memorysetup-bucket-allocator-bucket-count=8"
    "memorysetup-bucket-allocator-block-size=33554432"
    "memorysetup-bucket-allocator-block-count=8"
    "memorysetup-main-allocator-block-size=16777216"
    "memorysetup-thread-allocator-block-size=16777216"
    "memorysetup-gfx-main-allocator-block-size=16777216"
    "memorysetup-gfx-thread-allocator-block-size=16777216"
    "memorysetup-cache-allocator-block-size=4194304"
    "memorysetup-typetree-allocator-block-size=2097152"
    "memorysetup-profiler-bucket-allocator-granularity=16"
    "memorysetup-profiler-bucket-allocator-bucket-count=8"
    "memorysetup-profiler-bucket-allocator-block-size=33554432"
    "memorysetup-profiler-bucket-allocator-block-count=8"
    "memorysetup-profiler-allocator-block-size=16777216"
    "memorysetup-profiler-editor-allocator-block-size=1048576"
    "memorysetup-temp-allocator-size-main=16777216"
    "memorysetup-job-temp-allocator-block-size=2097152"
    "memorysetup-job-temp-allocator-block-size-background=1048576"
    "memorysetup-job-temp-allocator-reduction-small-platforms=262144"
    "memorysetup-temp-allocator-size-background-worker=32768"
    "memorysetup-temp-allocator-size-job-worker=262144"
    "memorysetup-temp-allocator-size-preload-manager=33554432"
    "memorysetup-temp-allocator-size-nav-mesh-worker=65536"
    "memorysetup-temp-allocator-size-audio-worker=65536"
    "memorysetup-temp-allocator-size-cloud-worker=32768"
    "memorysetup-temp-allocator-size-gi-baking-worker=262144"
    "memorysetup-temp-allocator-size-gi-baking-worker=262144"
    "memorysetup-temp-allocator-size-gi-baking-worker=262144"
    "memorysetup-temp-allocator-size-gi-baking-worker=262144"
    "memorysetup-temp-allocator-size-gi-baking-worker=262144"
    "memorysetup-temp-allocator-size-gfx=262144"
Player connection [1348]  Target information:

Player connection [1348]  * "[IP] 192.168.100.163 [Port] 0 [Flags] 2 [Guid] 2366756242 [EditorId] 2366756242 [Version] 1048832 [Id] WindowsEditor(7,DESKTOP-AR157Q0) [Debug] 1 [PackageName] WindowsEditor [ProjectName] Editor" 

Player connection [1348]  * "[IP] 26.204.231.216 [Port] 0 [Flags] 2 [Guid] 2366756242 [EditorId] 2366756242 [Version] 1048832 [Id] WindowsEditor(7,DESKTOP-AR157Q0) [Debug] 1 [PackageName] WindowsEditor [ProjectName] Editor" 

Player connection [1348] Host joined multi-casting on [225.0.0.222:54997]...
Player connection [1348] Host joined alternative multi-casting on [225.0.0.222:34997]...
JobSystem: Creating JobQueue using job-worker-count value 7
Input System module state changed to: Initialized.
[Physics::Module] Initialized fallback backend.
[Physics::Module] Id: 0xdecafbad
[Licensing::Client] Code 10 while verifying Licensing Client signature (process Id: 2728, path: "D:/UnityHub/Unity Hub/UnityLicensingClient_V1/Unity.Licensing.Client.exe")
[Licensing::Module] LicensingClient has failed validation; ignoring
[Licensing::Client] Handshaking with LicensingClient:
  Version:                 1.17.3+a4e98f1
  Session Id:              b1c8e5c8a47b4a8d8c9798820c88ad95
  Correlation Id:          24c2afa5b20062f97c047b3ebb650f0b
  External correlation Id: 156019540382612619
  Machine Id:              +zXSExsh24/+HhcDMMq/oURcqWg=
[Licensing::Module] Successfully connected to LicensingClient on channel: "LicenseClient-bebra" (connect: 0.00s, validation: 0.00s, handshake: 0.10s)
[Licensing::IpcConnector] Successfully connected to: "LicenseClient-bebra-notifications" at "2025-11-23T18:07:55.4605793Z"
[Licensing::Module] Licensing Background thread has ended after 0.11s
Library Redirect Path: Library/
[Physics::Module] Selected backend.
[Physics::Module] Name: PhysX
[Physics::Module] Id: 0xf2b8ea05
[Physics::Module] SDK Version: 4.1.2
[Physics::Module] Integration Version: 1.0.0
[Physics::Module] Threading Mode: Multi-Threaded
Refreshing native plugins compatible for Editor in 5.05 ms, found 3 plugins.
Preloading 0 native plugins for Editor in 0.00 ms.
Initialize engine version: 6000.2.10f1 (d3d30d158480)
[Subsystems] Discovering subsystems at path D:/UnityEditors/6000.2.10f1/Editor/Data/Resources/UnitySubsystems
[Subsystems] Discovering subsystems at path D:/projects_U/Yaiko-Game-Github/Assets
GfxDevice: creating device client; kGfxThreadingModeNonThreaded
Direct3D:
    Version:  Direct3D 11.0 [level 11.1]
    Renderer: NVIDIA GeForce RTX 3060 (ID=0x2504)
    Vendor:   NVIDIA
    VRAM:     12115 MB
    Driver:   32.0.15.8180
Shader 'TextMeshPro/Distance Field': fallback shader 'TextMeshPro/Mobile/Distance Field' not found
Shader 'TextMeshPro/Distance Field Overlay': fallback shader 'TextMeshPro/Mobile/Distance Field' not found
Shader 'TextMeshPro/Distance Field SSD': fallback shader 'TextMeshPro/Mobile/Distance Field' not found
Initialize mono
Mono path[0] = 'D:/UnityEditors/6000.2.10f1/Editor/Data/Managed'
Mono path[1] = 'D:/UnityEditors/6000.2.10f1/Editor/Data/MonoBleedingEdge/lib/mono/unityjit-win32'
Mono config path = 'D:/UnityEditors/6000.2.10f1/Editor/Data/MonoBleedingEdge/etc'
Using monoOptions --debugger-agent=transport=dt_socket,embedding=1,server=y,suspend=n,address=127.0.0.1:56376
Begin MonoManager ReloadAssembly
Registering precompiled unity dll's ...
Register platform support module: D:/UnityEditors/6000.2.10f1/Editor/Data/PlaybackEngines/WebGLSupport/UnityEditor.WebGL.Extensions.dll
Register platform support module: D:/UnityEditors/6000.2.10f1/Editor/Data/PlaybackEngines/WindowsStandaloneSupport/UnityEditor.WindowsStandalone.Extensions.dll
[Licensing::Client] Successfully resolved entitlement details
[Licensing::Module] License group:
  Id: 7972046529525-UnityPersXXXX
  Product: Unity Personal
  Type: Assigned
  Expiration: Unlimited
Register platform support module: D:/UnityEditors/6000.2.10f1/Editor/Data/PlaybackEngines/AndroidPlayer/UnityEditor.Android.Extensions.dll
Registered in 0.011730 seconds.
- Loaded All Assemblies, in  0.725 seconds
Native extension for Android target not found
Android Extension - Scanning For ADB Devices 357 ms
Native extension for WindowsStandalone target not found
Native extension for WebGL target not found
Mono: successfully reloaded assembly
- Finished resetting the current domain, in  1.005 seconds
Domain Reload Profiling: 1719ms
	BeginReloadAssembly (253ms)
		ExecutionOrderSort (0ms)
		DisableScriptedObjects (0ms)
		BackupInstance (0ms)
		ReleaseScriptingObjects (0ms)
		CreateAndSetChildDomain (1ms)
	RebuildCommonClasses (54ms)
	RebuildNativeTypeToScriptingClass (18ms)
	initialDomainReloadingComplete (101ms)
	LoadAllAssembliesAndSetupDomain (287ms)
		LoadAssemblies (243ms)
		RebuildTransferFunctionScriptingTraits (0ms)
		AnalyzeDomain (281ms)
			TypeCache.Refresh (278ms)
				TypeCache.ScanAssembly (260ms)
			BuildScriptInfoCaches (0ms)
			ResolveRequiredComponents (1ms)
	FinalizeReload (1005ms)
		ReleaseScriptCaches (0ms)
		RebuildScriptCaches (0ms)
		SetupLoadedEditorAssemblies (956ms)
			LogAssemblyErrors (0ms)
			InitializePlatformSupportModulesInManaged (522ms)
			SetLoadedEditorAssemblies (5ms)
			BeforeProcessingInitializeOnLoad (108ms)
			ProcessInitializeOnLoadAttributes (230ms)
			ProcessInitializeOnLoadMethodAttributes (90ms)
			AfterProcessingInitializeOnLoad (0ms)
			EditorAssembliesLoaded (0ms)
		ExecutionOrderSort2 (0ms)
		AwakeInstancesAfterBackupRestoration (0ms)
Assembly reference Packages/com.unity.cinemachine/Editor/Samples/ExposeHDRPInternals/HDRP-Editor-ref.asmref has no target assembly definition
========================================================================
Worker process is ready to serve import requests
Import Worker Mode flag is 0x00
Assembly reference Packages/com.unity.cinemachine/Editor/Samples/ExposeHDRPInternals/HDRP-Editor-ref.asmref has no target assembly definition
Assembly reference Packages/com.unity.cinemachine/Editor/Samples/ExposeHDRPInternals/HDRP-Editor-ref.asmref has no target assembly definition
Begin MonoManager ReloadAssembly
[Licensing::Client] Successfully resolved entitlement details
- Loaded All Assemblies, in  1.245 seconds
Assembly reference Packages/com.unity.cinemachine/Editor/Samples/ExposeHDRPInternals/HDRP-Editor-ref.asmref has no target assembly definition
'Packages/com.unity.cinemachine/Editor/Obsolete/CinemachineVirtualCameraBaseEditor.cs' contains partial class of Unity.Object, exactly 1 of the partial classes needs to be in a file with the same filename. This is to know the one that can be referenced from ie. GameObjects
'Packages/com.unity.cinemachine/Editor/Editors/CinemachineVirtualCameraBaseEditor.cs' contains partial class of Unity.Object, exactly 1 of the partial classes needs to be in a file with the same filename. This is to know the one that can be referenced from ie. GameObjects
Refreshing native plugins compatible for Editor in 1.77 ms, found 3 plugins.
Native extension for Android target not found
Native extension for WindowsStandalone target not found
Native extension for WebGL target not found
Assembly reference Packages/com.unity.cinemachine/Editor/Samples/ExposeHDRPInternals/HDRP-Editor-ref.asmref has no target assembly definition
Package Manager log level set to [2]
[Package Manager] Failed to launch server process. Reason: Unity was launched with the -noUpm command-line argument
[Package Manager] Unable to send message (not connected to server process).
[Package Manager] Cannot connect to Unity Package Manager local server
[Package Manager] Failed to launch server process. Reason: Unity was launched with the -noUpm command-line argument
[Package Manager] Unable to send message (not connected to server process).
[Package Manager] Cannot connect to Unity Package Manager local server
Mono: successfully reloaded assembly
- Finished resetting the current domain, in  0.940 seconds
Domain Reload Profiling: 2169ms
	BeginReloadAssembly (333ms)
		ExecutionOrderSort (0ms)
		DisableScriptedObjects (11ms)
		BackupInstance (0ms)
		ReleaseScriptingObjects (0ms)
		CreateAndSetChildDomain (37ms)
	RebuildCommonClasses (62ms)
	RebuildNativeTypeToScriptingClass (23ms)
	initialDomainReloadingComplete (74ms)
	LoadAllAssembliesAndSetupDomain (736ms)
		LoadAssemblies (622ms)
		RebuildTransferFunctionScriptingTraits (0ms)
		AnalyzeDomain (320ms)
			TypeCache.Refresh (254ms)
				TypeCache.ScanAssembly (234ms)
			BuildScriptInfoCaches (51ms)
			ResolveRequiredComponents (11ms)
	FinalizeReload (941ms)
		ReleaseScriptCaches (0ms)
		RebuildScriptCaches (0ms)
		SetupLoadedEditorAssemblies (726ms)
			LogAssemblyErrors (0ms)
			InitializePlatformSupportModulesInManaged (20ms)
			SetLoadedEditorAssemblies (6ms)
			BeforeProcessingInitializeOnLoad (221ms)
			ProcessInitializeOnLoadAttributes (417ms)
			ProcessInitializeOnLoadMethodAttributes (38ms)
			AfterProcessingInitializeOnLoad (24ms)
			EditorAssembliesLoaded (0ms)
		ExecutionOrderSort2 (0ms)
		AwakeInstancesAfterBackupRestoration (17ms)
Launched and connected shader compiler UnityShaderCompiler.exe after 0.01 seconds
Refreshing native plugins compatible for Editor in 2.62 ms, found 3 plugins.
Preloading 0 native plugins for Editor in 0.00 ms.
Unloading 1 Unused Serialized files (Serialized files now loaded: 0)
Unloading 4167 unused Assets / (0.9 MB). Loaded Objects now: 4678.
Memory consumption went from 86.8 MB to 85.9 MB.
Total: 7.608700 ms (FindLiveObjects: 0.652000 ms CreateObjectMapping: 0.471000 ms MarkObjects: 5.235900 ms  DeleteObjects: 1.247800 ms)

========================================================================
Received Import Request.
  Time since last request: 370076.505286 seconds.
  path: Assets/Desert Pack/Prefabs/Prefabs RED/DesertBannerHolder_Red.prefab
  artifactKey: Guid(3ec7f26ddb4632f4596e058518efc89a) Importer(2089858483,0ecaa5967403d082aa24f35e1b516d23)
Start importing Assets/Desert Pack/Prefabs/Prefabs RED/DesertBannerHolder_Red.prefab using Guid(3ec7f26ddb4632f4596e058518efc89a) Importer(2089858483,0ecaa5967403d082aa24f35e1b516d23) (ScriptedImporter) -> (artifact id: '24419a12507084011038c9bf25fab873') in 0.2039854 seconds
Number of updated asset objects reloaded before import = 0Number of asset objects unloaded after import = 27

========================================================================
Received Import Request.
  Time since last request: 0.000042 seconds.
  path: Assets/LeanTween/Examples/Scenes/GeneralCameraShakeSettings.lighting
  artifactKey: Guid(b8f6a663b898bd446aea865970f0a181) Importer(2089858483,0ecaa5967403d082aa24f35e1b516d23)
Start importing Assets/LeanTween/Examples/Scenes/GeneralCameraShakeSettings.lighting using Guid(b8f6a663b898bd446aea865970f0a181) Importer(2089858483,0ecaa5967403d082aa24f35e1b516d23) (ScriptedImporter) -> (artifact id: 'f2f0d3ad2b408bab75ec397b2029542e') in 0.0241886 seconds
Number of updated asset objects reloaded before import = 0Number of asset objects unloaded after import = 1

========================================================================
Received Import Request.
  Time since last request: 0.000411 seconds.
  path: Assets/LeanTween/Examples/Scenes/GeneralBasics2d.unity
  artifactKey: Guid(db7afcf97d5f646b9986f7e84ca1ac68) Importer(2089858483,0ecaa5967403d082aa24f35e1b516d23)
Start importing Assets/LeanTween/Examples/Scenes/GeneralBasics2d.unity using Guid(db7afcf97d5f646b9986f7e84ca1ac68) Importer(2089858483,0ecaa5967403d082aa24f35e1b516d23) (ScriptedImporter) -> (artifact id: '980f6c32e47c2d1f144e2937701d6b0b') in 0.0118762 seconds
Number of updated asset objects reloaded before import = 0Number of asset objects unloaded after import = 1

========================================================================
Received Import Request.
  Time since last request: 0.000021 seconds.
  path: Assets/LeanTween/Examples/Scenes/GeneralAdvancedTechniquesSettings.lighting
  artifactKey: Guid(0be09194b766dcb49966c8c5269bffde) Importer(2089858483,0ecaa5967403d082aa24f35e1b516d23)
Start importing Assets/LeanTween/Examples/Scenes/GeneralAdvancedTechniquesSettings.lighting using Guid(0be09194b766dcb49966c8c5269bffde) Importer(2089858483,0ecaa5967403d082aa24f35e1b516d23) (ScriptedImporter) -> (artifact id: 'eb6f764ef679181f3e356699c5bb9d2a') in 0.0163987 seconds
Number of updated asset objects reloaded before import = 0Number of asset objects unloaded after import = 1

========================================================================
Received Import Request.
  Time since last request: 0.000020 seconds.
  path: Assets/LeanTween/Examples/Prefabs/AvatarDiffuse 1.prefab
  artifactKey: Guid(672fd62036f744e79b75297e492c996e) Importer(2089858483,0ecaa5967403d082aa24f35e1b516d23)
Start importing Assets/LeanTween/Examples/Prefabs/AvatarDiffuse 1.prefab using Guid(672fd62036f744e79b75297e492c996e) Importer(2089858483,0ecaa5967403d082aa24f35e1b516d23) (ScriptedImporter) -> (artifact id: '0510566b3ce6f3eb7c3c38ee9e913f0d') in 0.0215198 seconds
Number of updated asset objects reloaded before import = 0Number of asset objects unloaded after import = 8

========================================================================
Received Import Request.
  Time since last request: 0.000022 seconds.
  path: Assets/LeanTween/Examples/Scenes/GeneralEasingTypes.unity
  artifactKey: Guid(721616f4ed65645df9e1919c91909eb8) Importer(2089858483,0ecaa5967403d082aa24f35e1b516d23)
Start importing Assets/LeanTween/Examples/Scenes/GeneralEasingTypes.unity using Guid(721616f4ed65645df9e1919c91909eb8) Importer(2089858483,0ecaa5967403d082aa24f35e1b516d23) (ScriptedImporter) -> (artifact id: '7b879552708a291be15748d5ddd004ef') in 0.0121113 seconds
Number of updated asset objects reloaded before import = 0Number of asset objects unloaded after import = 1

========================================================================
Received Import Request.
  Time since last request: 0.000020 seconds.
  path: Assets/LeanTween/Examples/Models/LeanTween.prefab
  artifactKey: Guid(f6cb897ad03b148b0b891659e4337604) Importer(2089858483,0ecaa5967403d082aa24f35e1b516d23)
Start importing Assets/LeanTween/Examples/Models/LeanTween.prefab using Guid(f6cb897ad03b148b0b891659e4337604) Importer(2089858483,0ecaa5967403d082aa24f35e1b516d23) (ScriptedImporter) -> (artifact id: 'cdd0da84c493dbc790fa2c562a4110ae') in 0.0149939 seconds
Number of updated asset objects reloaded before import = 0Number of asset objects unloaded after import = 14

========================================================================
Received Import Request.
  Time since last request: 0.000019 seconds.
  path: Assets/LeanTween/Examples/Models/BasicExamplesText.fbx
  artifactKey: Guid(803bfbdea65eb4ebe96e481875403860) Importer(2089858483,0ecaa5967403d082aa24f35e1b516d23)
Start importing Assets/LeanTween/Examples/Models/BasicExamplesText.fbx using Guid(803bfbdea65eb4ebe96e481875403860) Importer(2089858483,0ecaa5967403d082aa24f35e1b516d23) (ScriptedImporter) -> (artifact id: 'af6c85e7abb720d4b500ae6d38ee2afe') in 0.0623802 seconds
Number of updated asset objects reloaded before import = 0Number of asset objects unloaded after import = 25

========================================================================
Received Import Request.
  Time since last request: 0.000021 seconds.
  path: Assets/LeanTween/Examples/Scenes/LogoCinematicSettings.lighting
  artifactKey: Guid(618212e462ac3924a956abebacd65e51) Importer(2089858483,0ecaa5967403d082aa24f35e1b516d23)
Start importing Assets/LeanTween/Examples/Scenes/LogoCinematicSettings.lighting using Guid(618212e462ac3924a956abebacd65e51) Importer(2089858483,0ecaa5967403d082aa24f35e1b516d23) (ScriptedImporter) -> (artifact id: '57164c9a7469410285e5ce52923a4c5a') in 0.0175164 seconds
Number of updated asset objects reloaded before import = 0Number of asset objects unloaded after import = 1

========================================================================
Received Import Request.
  Time since last request: 0.000084 seconds.
  path: Assets/LeanTween/Examples/Prefabs/AvatarEventsCS.prefab
  artifactKey: Guid(3c9c5d81a80e84e90af37f2113c12b2d) Importer(2089858483,0ecaa5967403d082aa24f35e1b516d23)
Start importing Assets/LeanTween/Examples/Prefabs/AvatarEventsCS.prefab using Guid(3c9c5d81a80e84e90af37f2113c12b2d) Importer(2089858483,0ecaa5967403d082aa24f35e1b516d23) (ScriptedImporter) -> (artifact id: '83ca432025023369f4aec2992c517f7f') in 0.0350719 seconds
Number of updated asset objects reloaded before import = 0Number of asset objects unloaded after import = 11

========================================================================
Received Import Request.
  Time since last request: 0.000021 seconds.
  path: Assets/Office_Props/Prefabs/(Prb)BigDrawer.prefab
  artifactKey: Guid(c53fe300edecc524f9f511dc58792d47) Importer(2089858483,0ecaa5967403d082aa24f35e1b516d23)
Start importing Assets/Office_Props/Prefabs/(Prb)BigDrawer.prefab using Guid(c53fe300edecc524f9f511dc58792d47) Importer(2089858483,0ecaa5967403d082aa24f35e1b516d23) (ScriptedImporter) -> (artifact id: '6ecf84501adcb27aa06cf09934d39acc') in 0.0144536 seconds
Number of updated asset objects reloaded before import = 0Number of asset objects unloaded after import = 59

========================================================================
Received Import Request.
  Time since last request: 0.000031 seconds.
  path: Assets/Desert Pack/Prefabs/DesertBridgeExtra01.prefab
  artifactKey: Guid(fd08503763d4b8c448e8f1b3bffdff5d) Importer(2089858483,0ecaa5967403d082aa24f35e1b516d23)
Start importing Assets/Desert Pack/Prefabs/DesertBridgeExtra01.prefab using Guid(fd08503763d4b8c448e8f1b3bffdff5d) Importer(2089858483,0ecaa5967403d082aa24f35e1b516d23) (ScriptedImporter) -> (artifact id: '06c49d671aca77e0c835bcf8fed6f1c8') in 0.0172314 seconds
Number of updated asset objects reloaded before import = 0Number of asset objects unloaded after import = 8

========================================================================
Received Import Request.
  Time since last request: 0.000030 seconds.
  path: Assets/Nature/Prefabs/Mushroom_01.prefab
  artifactKey: Guid(ff62b58c5a9ea164fa8ddf8038e10cd1) Importer(2089858483,0ecaa5967403d082aa24f35e1b516d23)
Start importing Assets/Nature/Prefabs/Mushroom_01.prefab using Guid(ff62b58c5a9ea164fa8ddf8038e10cd1) Importer(2089858483,0ecaa5967403d082aa24f35e1b516d23) (ScriptedImporter) -> (artifact id: '72ec579adbc90d73a09351f5d34fad6b') in 0.0152091 seconds
Number of updated asset objects reloaded before import = 0Number of asset objects unloaded after import = 16

========================================================================
Received Import Request.
  Time since last request: 0.000019 seconds.
  path: Assets/Models/Materials/Обунга.mat
  artifactKey: Guid(7b461a750d6bed047a03b38f6c491bb7) Importer(2089858483,0ecaa5967403d082aa24f35e1b516d23)
Start importing Assets/Models/Materials/Обунга.mat using Guid(7b461a750d6bed047a03b38f6c491bb7) Importer(2089858483,0ecaa5967403d082aa24f35e1b516d23) (ScriptedImporter) -> (artifact id: '4757f029f102975b829193682a623f61') in 0.0391767 seconds
Number of updated asset objects reloaded before import = 0Number of asset objects unloaded after import = 2

========================================================================
Received Import Request.
  Time since last request: 0.000020 seconds.
  path: Assets/LeanTween/Examples/Scenes/GeneralUISpaceSettings.lighting
  artifactKey: Guid(3d163efe5358b49dabdfa387538d1030) Importer(2089858483,0ecaa5967403d082aa24f35e1b516d23)
Start importing Assets/LeanTween/Examples/Scenes/GeneralUISpaceSettings.lighting using Guid(3d163efe5358b49dabdfa387538d1030) Importer(2089858483,0ecaa5967403d082aa24f35e1b516d23) (ScriptedImporter) -> (artifact id: '2256ff58924c4707bb7aef617eaa168b') in 0.0169837 seconds
Number of updated asset objects reloaded before import = 0Number of asset objects unloaded after import = 1

========================================================================
Received Import Request.
  Time since last request: 0.000020 seconds.
  path: Assets/Nature/Prefabs/Flowers_01.prefab
  artifactKey: Guid(ac8efb728f1fb9b4092c4df591c827ca) Importer(2089858483,0ecaa5967403d082aa24f35e1b516d23)
Start importing Assets/Nature/Prefabs/Flowers_01.prefab using Guid(ac8efb728f1fb9b4092c4df591c827ca) Importer(2089858483,0ecaa5967403d082aa24f35e1b516d23) (ScriptedImporter) -> (artifact id: '510522d7c5b942dee246a962f8827378') in 0.0154381 seconds
Number of updated asset objects reloaded before import = 0Number of asset objects unloaded after import = 16

========================================================================
Received Import Request.
  Time since last request: 0.000023 seconds.
  path: Assets/Nature/Materials/NaturePackLite_Texture_01.mat
  artifactKey: Guid(08ed5673f2e78d141af5197f99eb3972) Importer(2089858483,0ecaa5967403d082aa24f35e1b516d23)
Start importing Assets/Nature/Materials/NaturePackLite_Texture_01.mat using Guid(08ed5673f2e78d141af5197f99eb3972) Importer(2089858483,0ecaa5967403d082aa24f35e1b516d23) (ScriptedImporter) -> (artifact id: 'a9a05b65c806aa747a8165eba529e7a1') in 0.0152427 seconds
Number of updated asset objects reloaded before import = 0Number of asset objects unloaded after import = 2

========================================================================
Received Import Request.
  Time since last request: 0.000019 seconds.
  path: Assets/LeanTween/Framework/LTDescrOptional.cs
  artifactKey: Guid(c1ba8f1ef97134cb39b52ae26678db63) Importer(2089858483,0ecaa5967403d082aa24f35e1b516d23)
Start importing Assets/LeanTween/Framework/LTDescrOptional.cs using Guid(c1ba8f1ef97134cb39b52ae26678db63) Importer(2089858483,0ecaa5967403d082aa24f35e1b516d23) (ScriptedImporter) -> (artifact id: 'd3bfff4ba7f1b32a772e85061c3f5356') in 0.0136999 seconds
Number of updated asset objects reloaded before import = 0Number of asset objects unloaded after import = 0

========================================================================
Received Import Request.
  Time since last request: 0.000064 seconds.
  path: Assets/TextMesh Pro/Fonts/LiberationSans - OFL.txt
  artifactKey: Guid(6e59c59b81ab47f9b6ec5781fa725d2c) Importer(2089858483,0ecaa5967403d082aa24f35e1b516d23)
Start importing Assets/TextMesh Pro/Fonts/LiberationSans - OFL.txt using Guid(6e59c59b81ab47f9b6ec5781fa725d2c) Importer(2089858483,0ecaa5967403d082aa24f35e1b516d23) (ScriptedImporter) -> (artifact id: '90f42b439b075c45da9ee73b6d7189e9') in 0.0123502 seconds
Number of updated asset objects reloaded before import = 0Number of asset objects unloaded after import = 1

========================================================================
Received Import Request.
  Time since last request: 0.000020 seconds.
  path: Assets/Office_Props/Models/(Msh)BookPile4.fbx
  artifactKey: Guid(898aea206a1830c41bd91fa0978f4c35) Importer(2089858483,0ecaa5967403d082aa24f35e1b516d23)
Start importing Assets/Office_Props/Models/(Msh)BookPile4.fbx using Guid(898aea206a1830c41bd91fa0978f4c35) Importer(2089858483,0ecaa5967403d082aa24f35e1b516d23) (ScriptedImporter) -> (artifact id: '3d62e07d13887a02a6ebd4f043798eee') in 0.0292101 seconds
Number of updated asset objects reloaded before import = 0Number of asset objects unloaded after import = 51

========================================================================
Received Import Request.
  Time since last request: 0.000019 seconds.
  path: Assets/Office_Props/Models/(Msh)CeilingLight1.fbx
  artifactKey: Guid(a3391ff75e6a3d847a21fe59dccd4a8a) Importer(2089858483,0ecaa5967403d082aa24f35e1b516d23)
Start importing Assets/Office_Props/Models/(Msh)CeilingLight1.fbx using Guid(a3391ff75e6a3d847a21fe59dccd4a8a) Importer(2089858483,0ecaa5967403d082aa24f35e1b516d23) (ScriptedImporter) -> (artifact id: '9198f066af980f4d29d433a1b1b0e68a') in 0.0222418 seconds
Number of updated asset objects reloaded before import = 0Number of asset objects unloaded after import = 9

========================================================================
Received Import Request.
  Time since last request: 0.000021 seconds.
  path: Assets/TextMesh Pro/Examples & Extras/Fonts/Oswald-Bold - OFL.txt
  artifactKey: Guid(d2cf87a8a7a94aa8b80dff1c807c1178) Importer(2089858483,0ecaa5967403d082aa24f35e1b516d23)
Start importing Assets/TextMesh Pro/Examples & Extras/Fonts/Oswald-Bold - OFL.txt using Guid(d2cf87a8a7a94aa8b80dff1c807c1178) Importer(2089858483,0ecaa5967403d082aa24f35e1b516d23) (ScriptedImporter) -> (artifact id: 'e887968420b69478a7ce793cd85a593d') in 0.0134063 seconds
Number of updated asset objects reloaded before import = 0Number of asset objects unloaded after import = 1

========================================================================
Received Import Request.
  Time since last request: 0.000024 seconds.
  path: Assets/TextMesh Pro/Examples & Extras/Fonts/Oswald-Bold.ttf
  artifactKey: Guid(c9f6d0e7bc8541498c9a4799ba184ede) Importer(2089858483,0ecaa5967403d082aa24f35e1b516d23)
Start importing Assets/TextMesh Pro/Examples & Extras/Fonts/Oswald-Bold.ttf using Guid(c9f6d0e7bc8541498c9a4799ba184ede) Importer(2089858483,0ecaa5967403d082aa24f35e1b516d23) (ScriptedImporter) -> (artifact id: '74e182022c5bfb4f3fe902291d1df6fe') in 0.0295667 seconds
Number of updated asset objects reloaded before import = 0Number of asset objects unloaded after import = 3

========================================================================
Received Import Request.
  Time since last request: 0.000028 seconds.
  path: Assets/TextMesh Pro/Examples & Extras/Materials/Ground - Surface Shader Scene.mat
  artifactKey: Guid(aadd5a709a48466c887296bb5b1b8110) Importer(2089858483,0ecaa5967403d082aa24f35e1b516d23)
Start importing Assets/TextMesh Pro/Examples & Extras/Materials/Ground - Surface Shader Scene.mat using Guid(aadd5a709a48466c887296bb5b1b8110) Importer(2089858483,0ecaa5967403d082aa24f35e1b516d23) (ScriptedImporter) -> (artifact id: '7ea79de6e63ef98f3038dac53ac5ed93') in 0.0187855 seconds
Number of updated asset objects reloaded before import = 0Number of asset objects unloaded after import = 2

========================================================================
Received Import Request.
  Time since last request: 0.000017 seconds.
  path: Assets/LeanTween/Examples/Scenes/PathSplineTrackSettings.lighting
  artifactKey: Guid(9271ee0454d82b148979405311e55cb0) Importer(2089858483,0ecaa5967403d082aa24f35e1b516d23)
Start importing Assets/LeanTween/Examples/Scenes/PathSplineTrackSettings.lighting using Guid(9271ee0454d82b148979405311e55cb0) Importer(2089858483,0ecaa5967403d082aa24f35e1b516d23) (ScriptedImporter) -> (artifact id: '7ae5e5a02a8aad22be8560c3d60139cf') in 0.0175245 seconds
Number of updated asset objects reloaded before import = 0Number of asset objects unloaded after import = 1

========================================================================
Received Import Request.
  Time since last request: 0.000020 seconds.
  path: Assets/TextMesh Pro/Examples & Extras/Scenes/08 - Improved Text Alignment.unity
  artifactKey: Guid(5fe2257128d9401fad0790f581dc8a6f) Importer(2089858483,0ecaa5967403d082aa24f35e1b516d23)
Start importing Assets/TextMesh Pro/Examples & Extras/Scenes/08 - Improved Text Alignment.unity using Guid(5fe2257128d9401fad0790f581dc8a6f) Importer(2089858483,0ecaa5967403d082aa24f35e1b516d23) (ScriptedImporter) -> (artifact id: '858869a411f752385ddd55ed423124b2') in 0.0116076 seconds
Number of updated asset objects reloaded before import = 0Number of asset objects unloaded after import = 1

========================================================================
Received Import Request.
  Time since last request: 0.000016 seconds.
  path: Assets/LeanTween/Examples/Scripts/GeneralEasingTypes.cs
  artifactKey: Guid(94e9a883a33cd40b9be1a63f002c4db2) Importer(2089858483,0ecaa5967403d082aa24f35e1b516d23)
Start importing Assets/LeanTween/Examples/Scripts/GeneralEasingTypes.cs using Guid(94e9a883a33cd40b9be1a63f002c4db2) Importer(2089858483,0ecaa5967403d082aa24f35e1b516d23) (ScriptedImporter) -> (artifact id: '29c41a49c61ebc90906d48ebff22894f') in 0.0132906 seconds
Number of updated asset objects reloaded before import = 0Number of asset objects unloaded after import = 0

========================================================================
Received Import Request.
  Time since last request: 0.000345 seconds.
  path: Assets/LeanTween/Examples/Scripts/GeneralSequencer.cs
  artifactKey: Guid(5b54bce4a9ed14e28a4a423c794a2d70) Importer(2089858483,0ecaa5967403d082aa24f35e1b516d23)
Start importing Assets/LeanTween/Examples/Scripts/GeneralSequencer.cs using Guid(5b54bce4a9ed14e28a4a423c794a2d70) Importer(2089858483,0ecaa5967403d082aa24f35e1b516d23) (ScriptedImporter) -> (artifact id: '4f5624bb7b1522f13c31c8c047f621c8') in 0.0188214 seconds
Number of updated asset objects reloaded before import = 0Number of asset objects unloaded after import = 0

========================================================================
Received Import Request.
  Time since last request: 0.000553 seconds.
  path: Assets/TextMesh Pro/Examples & Extras/Scenes/11 - The Style Tag.unity
  artifactKey: Guid(84ed36ad77dd4956b2ffe3769f759879) Importer(2089858483,0ecaa5967403d082aa24f35e1b516d23)
Start importing Assets/TextMesh Pro/Examples & Extras/Scenes/11 - The Style Tag.unity using Guid(84ed36ad77dd4956b2ffe3769f759879) Importer(2089858483,0ecaa5967403d082aa24f35e1b516d23) (ScriptedImporter) -> (artifact id: '7e2a2e8b0f6e1077e967407c6ab4cafc') in 0.0130597 seconds
Number of updated asset objects reloaded before import = 0Number of asset objects unloaded after import = 1

========================================================================
Received Import Request.
  Time since last request: 0.000020 seconds.
  path: Assets/LeanTween/Examples/Scripts/GeneralBasics2d.cs
  artifactKey: Guid(9b39dd70d168b4cbea9a7b8561d9accc) Importer(2089858483,0ecaa5967403d082aa24f35e1b516d23)
Start importing Assets/LeanTween/Examples/Scripts/GeneralBasics2d.cs using Guid(9b39dd70d168b4cbea9a7b8561d9accc) Importer(2089858483,0ecaa5967403d082aa24f35e1b516d23) (ScriptedImporter) -> (artifact id: '99d90d291d63f91a1c85a38d33669889') in 0.0128632 seconds
Number of updated asset objects reloaded before import = 0Number of asset objects unloaded after import = 0

========================================================================
Received Import Request.
  Time since last request: 0.000043 seconds.
  path: Assets/TextMesh Pro/Examples & Extras/Fonts/Roboto-Bold.ttf
  artifactKey: Guid(4beb055f07aaff244873dec698d0363e) Importer(2089858483,0ecaa5967403d082aa24f35e1b516d23)
Start importing Assets/TextMesh Pro/Examples & Extras/Fonts/Roboto-Bold.ttf using Guid(4beb055f07aaff244873dec698d0363e) Importer(2089858483,0ecaa5967403d082aa24f35e1b516d23) (ScriptedImporter) -> (artifact id: 'c57543d5d9672d98a995bed7b86e6d32') in 0.01705 seconds
Number of updated asset objects reloaded before import = 0Number of asset objects unloaded after import = 3

========================================================================
Received Import Request.
  Time since last request: 0.000018 seconds.
  path: Assets/TextMesh Pro/Examples & Extras/Materials/Crate - URP.mat
  artifactKey: Guid(3b5cc91c3bf8cf74391252247f52fb59) Importer(2089858483,0ecaa5967403d082aa24f35e1b516d23)
Start importing Assets/TextMesh Pro/Examples & Extras/Materials/Crate - URP.mat using Guid(3b5cc91c3bf8cf74391252247f52fb59) Importer(2089858483,0ecaa5967403d082aa24f35e1b516d23) (ScriptedImporter) -> (artifact id: 'ee117fbfd6419a270f4a399175d05ab8') in 0.0176161 seconds
Number of updated asset objects reloaded before import = 0Number of asset objects unloaded after import = 1

========================================================================
Received Import Request.
  Time since last request: 0.000080 seconds.
  path: Assets/LeanTween/Examples/Scripts/PathSpline2d.cs
  artifactKey: Guid(15c036b11e3ff486ea685da06fa305f6) Importer(2089858483,0ecaa5967403d082aa24f35e1b516d23)
Start importing Assets/LeanTween/Examples/Scripts/PathSpline2d.cs using Guid(15c036b11e3ff486ea685da06fa305f6) Importer(2089858483,0ecaa5967403d082aa24f35e1b516d23) (ScriptedImporter) -> (artifact id: 'e33c568833f5dd3d387c8f2aca244fde') in 0.0129224 seconds
Number of updated asset objects reloaded before import = 0Number of asset objects unloaded after import = 0

========================================================================
Received Import Request.
  Time since last request: 0.000045 seconds.
  path: Assets/LeanTween/Examples/Textures/Dude2d.png
  artifactKey: Guid(5f7fa9a7940a64e79b5a42d9f661d42c) Importer(2089858483,0ecaa5967403d082aa24f35e1b516d23)
Start importing Assets/LeanTween/Examples/Textures/Dude2d.png using Guid(5f7fa9a7940a64e79b5a42d9f661d42c) Importer(2089858483,0ecaa5967403d082aa24f35e1b516d23) (ScriptedImporter) -> (artifact id: 'c15e34aa78a878ff262839063f2bca1f') in 0.0670667 seconds
Number of updated asset objects reloaded before import = 0Number of asset objects unloaded after import = 3

========================================================================
Received Import Request.
  Time since last request: 0.000023 seconds.
  path: Assets/LeanTween/Examples/Scenes/PathBezier2dSettings.lighting
  artifactKey: Guid(c5fcbed7413ee6644ac23fc9fba887e3) Importer(2089858483,0ecaa5967403d082aa24f35e1b516d23)
Start importing Assets/LeanTween/Examples/Scenes/PathBezier2dSettings.lighting using Guid(c5fcbed7413ee6644ac23fc9fba887e3) Importer(2089858483,0ecaa5967403d082aa24f35e1b516d23) (ScriptedImporter) -> (artifact id: 'a985e64c4e92d53ef87cc83101a2cc99') in 0.0150617 seconds
Number of updated asset objects reloaded before import = 0Number of asset objects unloaded after import = 1

========================================================================
Received Import Request.
  Time since last request: 0.000034 seconds.
  path: Assets/TextMesh Pro/Examples & Extras/Materials/Crate - Surface Shader Scene.mat
  artifactKey: Guid(e6b9b44320f4448d9d5e0ee634259966) Importer(2089858483,0ecaa5967403d082aa24f35e1b516d23)
Start importing Assets/TextMesh Pro/Examples & Extras/Materials/Crate - Surface Shader Scene.mat using Guid(e6b9b44320f4448d9d5e0ee634259966) Importer(2089858483,0ecaa5967403d082aa24f35e1b516d23) (ScriptedImporter) -> (artifact id: '638c7da7c01524d77b77773edc483b37') in 0.0263928 seconds
Number of updated asset objects reloaded before import = 0Number of asset objects unloaded after import = 3

========================================================================
Received Import Request.
  Time since last request: 0.000016 seconds.
  path: Assets/TextMesh Pro/Examples & Extras/Scenes/15 - Inline Graphics & Sprites.unity
  artifactKey: Guid(e76e6c0f81964cbda3fe0b7d26ed8060) Importer(2089858483,0ecaa5967403d082aa24f35e1b516d23)
Start importing Assets/TextMesh Pro/Examples & Extras/Scenes/15 - Inline Graphics & Sprites.unity using Guid(e76e6c0f81964cbda3fe0b7d26ed8060) Importer(2089858483,0ecaa5967403d082aa24f35e1b516d23) (ScriptedImporter) -> (artifact id: 'd953962edbb2b44380a0cffc64b1aa9a') in 0.0107197 seconds
Number of updated asset objects reloaded before import = 0Number of asset objects unloaded after import = 1

========================================================================
Received Import Request.
  Time since last request: 0.000042 seconds.
  path: Assets/LeanTween/Examples/Scripts/PathSplineEndless.cs
  artifactKey: Guid(784f0e347ee4d4c3b83ca56d6f33f01a) Importer(2089858483,0ecaa5967403d082aa24f35e1b516d23)
Start importing Assets/LeanTween/Examples/Scripts/PathSplineEndless.cs using Guid(784f0e347ee4d4c3b83ca56d6f33f01a) Importer(2089858483,0ecaa5967403d082aa24f35e1b516d23) (ScriptedImporter) -> (artifact id: '4142fdc4d5539d1389e86dd5e9e8e9ed') in 0.0108399 seconds
Number of updated asset objects reloaded before import = 0Number of asset objects unloaded after import = 0

========================================================================
Received Import Request.
  Time since last request: 0.000775 seconds.
  path: Assets/TextMesh Pro/Examples & Extras/Fonts/Bangers - OFL.txt
  artifactKey: Guid(efe0bf4ac872451e91612d1ae593f480) Importer(2089858483,0ecaa5967403d082aa24f35e1b516d23)
Start importing Assets/TextMesh Pro/Examples & Extras/Fonts/Bangers - OFL.txt using Guid(efe0bf4ac872451e91612d1ae593f480) Importer(2089858483,0ecaa5967403d082aa24f35e1b516d23) (ScriptedImporter) -> (artifact id: '3eae4c1339bbc9b6b70c9a31c9038520') in 0.0124286 seconds
Number of updated asset objects reloaded before import = 0Number of asset objects unloaded after import = 1

========================================================================
Received Import Request.
  Time since last request: 0.000019 seconds.
  path: Assets/LeanTween/Examples/Scripts/TestingZLegacy.cs
  artifactKey: Guid(ed8575995d061498aa84acbaf0b377de) Importer(2089858483,0ecaa5967403d082aa24f35e1b516d23)
Start importing Assets/LeanTween/Examples/Scripts/TestingZLegacy.cs using Guid(ed8575995d061498aa84acbaf0b377de) Importer(2089858483,0ecaa5967403d082aa24f35e1b516d23) (ScriptedImporter) -> (artifact id: '660bf5d126156cb188a61a6a02242e2a') in 0.0144315 seconds
Number of updated asset objects reloaded before import = 0Number of asset objects unloaded after import = 0

========================================================================
Received Import Request.
  Time since last request: 0.000020 seconds.
  path: Assets/LeanTween/Examples/Scenes/PathSplinesSettings.lighting
  artifactKey: Guid(f6dfea373fe9f0b4eb2000b17c27c068) Importer(2089858483,0ecaa5967403d082aa24f35e1b516d23)
Start importing Assets/LeanTween/Examples/Scenes/PathSplinesSettings.lighting using Guid(f6dfea373fe9f0b4eb2000b17c27c068) Importer(2089858483,0ecaa5967403d082aa24f35e1b516d23) (ScriptedImporter) -> (artifact id: 'cb3756f00324d014b0ac63446e97b327') in 0.0169073 seconds
Number of updated asset objects reloaded before import = 0Number of asset objects unloaded after import = 1

========================================================================
Received Import Request.
  Time since last request: 0.000022 seconds.
  path: Assets/TextMesh Pro/Examples & Extras/Materials/Ground - URP.mat
  artifactKey: Guid(71529b88994c1a341b22bc57c038674a) Importer(2089858483,0ecaa5967403d082aa24f35e1b516d23)
Start importing Assets/TextMesh Pro/Examples & Extras/Materials/Ground - URP.mat using Guid(71529b88994c1a341b22bc57c038674a) Importer(2089858483,0ecaa5967403d082aa24f35e1b516d23) (ScriptedImporter) -> (artifact id: 'ff91e3ef3125cba97577773fa4478094') in 0.012726 seconds
Number of updated asset objects reloaded before import = 0Number of asset objects unloaded after import = 1

========================================================================
Received Import Request.
  Time since last request: 0.000018 seconds.
  path: Assets/TextMesh Pro/Examples & Extras/Scenes/05 - Style Tags.unity
  artifactKey: Guid(70615243e2be4a81afaab9bf5d273d65) Importer(2089858483,0ecaa5967403d082aa24f35e1b516d23)
Start importing Assets/TextMesh Pro/Examples & Extras/Scenes/05 - Style Tags.unity using Guid(70615243e2be4a81afaab9bf5d273d65) Importer(2089858483,0ecaa5967403d082aa24f35e1b516d23) (ScriptedImporter) -> (artifact id: '54ab261f9d05a325a9ffd9276c1b7dce') in 0.0117551 seconds
Number of updated asset objects reloaded before import = 0Number of asset objects unloaded after import = 1

========================================================================
Received Import Request.
  Time since last request: 0.000049 seconds.
  path: Assets/LeanTween/Examples/Scripts/Archive.zip
  artifactKey: Guid(950dff8c2dd5346409806b627ff3691f) Importer(2089858483,0ecaa5967403d082aa24f35e1b516d23)
Start importing Assets/LeanTween/Examples/Scripts/Archive.zip using Guid(950dff8c2dd5346409806b627ff3691f) Importer(2089858483,0ecaa5967403d082aa24f35e1b516d23) (ScriptedImporter) -> (artifact id: '2e10ec184e5d66bec7df8d46ffc51ff4') in 0.0119358 seconds
Number of updated asset objects reloaded before import = 0Number of asset objects unloaded after import = 1

========================================================================
Received Import Request.
  Time since last request: 0.000026 seconds.
  path: Assets/TextMesh Pro/Examples & Extras/Scenes/09 - Margin Tag Example.unity
  artifactKey: Guid(349f38d3606449708c7340d26740e1e2) Importer(2089858483,0ecaa5967403d082aa24f35e1b516d23)
Start importing Assets/TextMesh Pro/Examples & Extras/Scenes/09 - Margin Tag Example.unity using Guid(349f38d3606449708c7340d26740e1e2) Importer(2089858483,0ecaa5967403d082aa24f35e1b516d23) (ScriptedImporter) -> (artifact id: '305b2b53d36b0685187e7912a733c664') in 0.0139006 seconds
Number of updated asset objects reloaded before import = 0Number of asset objects unloaded after import = 1

========================================================================
Received Import Request.
  Time since last request: 0.000019 seconds.
  path: Assets/Office_Props/Models/(Msh)DocumentHolder.fbx
  artifactKey: Guid(f79a2c7c74ed86945916baca4abd128c) Importer(2089858483,0ecaa5967403d082aa24f35e1b516d23)
Start importing Assets/Office_Props/Models/(Msh)DocumentHolder.fbx using Guid(f79a2c7c74ed86945916baca4abd128c) Importer(2089858483,0ecaa5967403d082aa24f35e1b516d23) (ScriptedImporter) -> (artifact id: 'b84b23ea65b3590ea5a96e2f1cf0d3b1') in 0.0207284 seconds
Number of updated asset objects reloaded before import = 0Number of asset objects unloaded after import = 9

========================================================================
Received Import Request.
  Time since last request: 0.000017 seconds.
  path: Assets/Desert Pack/Models/Desertjar1.fbx
  artifactKey: Guid(6ab1acb58cba3954ca1a9e9a6ba73926) Importer(2089858483,0ecaa5967403d082aa24f35e1b516d23)
Start importing Assets/Desert Pack/Models/Desertjar1.fbx using Guid(6ab1acb58cba3954ca1a9e9a6ba73926) Importer(2089858483,0ecaa5967403d082aa24f35e1b516d23) (ScriptedImporter) -> (artifact id: 'b520a29068fba19cd562b962283ebb95') in 0.0258701 seconds
Number of updated asset objects reloaded before import = 0Number of asset objects unloaded after import = 8

========================================================================
Received Import Request.
  Time since last request: 0.000021 seconds.
  path: Assets/TextMesh Pro/Examples & Extras/Scenes/22 - Basic Scripting Example.unity
  artifactKey: Guid(6250f98e58fe4abbaada5d84b7ca846d) Importer(2089858483,0ecaa5967403d082aa24f35e1b516d23)
Start importing Assets/TextMesh Pro/Examples & Extras/Scenes/22 - Basic Scripting Example.unity using Guid(6250f98e58fe4abbaada5d84b7ca846d) Importer(2089858483,0ecaa5967403d082aa24f35e1b516d23) (ScriptedImporter) -> (artifact id: '2fd850494287053c84bdcc8b659f52ea') in 0.012006 seconds
Number of updated asset objects reloaded before import = 0Number of asset objects unloaded after import = 1

========================================================================
Received Import Request.
  Time since last request: 0.000019 seconds.
  path: Assets/UnityTechnologies/DefaultPlayables/NavMeshAgentControl/NavMeshAgentControlTrack.cs
  artifactKey: Guid(d201ca921ed322e418c25df03740a308) Importer(2089858483,0ecaa5967403d082aa24f35e1b516d23)
Start importing Assets/UnityTechnologies/DefaultPlayables/NavMeshAgentControl/NavMeshAgentControlTrack.cs using Guid(d201ca921ed322e418c25df03740a308) Importer(2089858483,0ecaa5967403d082aa24f35e1b516d23) (ScriptedImporter) -> (artifact id: '5a92df78440d95c065039af1054f2120') in 0.0133464 seconds
Number of updated asset objects reloaded before import = 0Number of asset objects unloaded after import = 0

========================================================================
Received Import Request.
  Time since last request: 0.000067 seconds.
  path: Assets/TextMesh Pro/Examples & Extras/Scripts/TMP_TextInfoDebugTool.cs
  artifactKey: Guid(21256c5b62f346f18640dad779911e20) Importer(2089858483,0ecaa5967403d082aa24f35e1b516d23)
Start importing Assets/TextMesh Pro/Examples & Extras/Scripts/TMP_TextInfoDebugTool.cs using Guid(21256c5b62f346f18640dad779911e20) Importer(2089858483,0ecaa5967403d082aa24f35e1b516d23) (ScriptedImporter) -> (artifact id: '5cee39f29db24bbf5b1128cbc58981c2') in 0.0152744 seconds
Number of updated asset objects reloaded before import = 0Number of asset objects unloaded after import = 0

========================================================================
Received Import Request.
  Time since last request: 0.000023 seconds.
  path: Assets/TextMesh Pro/Examples & Extras/Scripts/TMP_ExampleScript_01.cs
  artifactKey: Guid(6f2c5b59b6874405865e2616e4ec276a) Importer(2089858483,0ecaa5967403d082aa24f35e1b516d23)
Start importing Assets/TextMesh Pro/Examples & Extras/Scripts/TMP_ExampleScript_01.cs using Guid(6f2c5b59b6874405865e2616e4ec276a) Importer(2089858483,0ecaa5967403d082aa24f35e1b516d23) (ScriptedImporter) -> (artifact id: '7a4dc6c916178692ce7adfcf8aea9981') in 0.0149678 seconds
Number of updated asset objects reloaded before import = 0Number of asset objects unloaded after import = 0

========================================================================
Received Import Request.
  Time since last request: 0.000017 seconds.
  path: Assets/UnityTechnologies/DefaultPlayables/NavMeshAgentControl/NavMeshAgentControlClip.cs
  artifactKey: Guid(cfedc374dca69334db907af09ba5c404) Importer(2089858483,0ecaa5967403d082aa24f35e1b516d23)
Start importing Assets/UnityTechnologies/DefaultPlayables/NavMeshAgentControl/NavMeshAgentControlClip.cs using Guid(cfedc374dca69334db907af09ba5c404) Importer(2089858483,0ecaa5967403d082aa24f35e1b516d23) (ScriptedImporter) -> (artifact id: '655e1357075f319757ad5a137424b8ed') in 0.0133521 seconds
Number of updated asset objects reloaded before import = 0Number of asset objects unloaded after import = 0

========================================================================
Received Import Request.
  Time since last request: 0.000064 seconds.
  path: Assets/UnityTechnologies/DefaultPlayables/NavMeshAgentControl/NavMeshAgentControlBehaviour.cs
  artifactKey: Guid(05bbdc6a3b254694e8d1e2d9d55cd256) Importer(2089858483,0ecaa5967403d082aa24f35e1b516d23)
Start importing Assets/UnityTechnologies/DefaultPlayables/NavMeshAgentControl/NavMeshAgentControlBehaviour.cs using Guid(05bbdc6a3b254694e8d1e2d9d55cd256) Importer(2089858483,0ecaa5967403d082aa24f35e1b516d23) (ScriptedImporter) -> (artifact id: '43b80b294f948b502f983adb84c45e01') in 0.0135038 seconds
Number of updated asset objects reloaded before import = 0Number of asset objects unloaded after import = 0

========================================================================
Received Import Request.
  Time since last request: 0.000017 seconds.
  path: Assets/UnityTechnologies/DefaultPlayables/LightControl/LightControlMixerBehaviour.cs
  artifactKey: Guid(b6ddd7db188548f49bf8d55102e62b63) Importer(2089858483,0ecaa5967403d082aa24f35e1b516d23)
Start importing Assets/UnityTechnologies/DefaultPlayables/LightControl/LightControlMixerBehaviour.cs using Guid(b6ddd7db188548f49bf8d55102e62b63) Importer(2089858483,0ecaa5967403d082aa24f35e1b516d23) (ScriptedImporter) -> (artifact id: '99487e19a29407c418469f2f57683280') in 0.0135973 seconds
Number of updated asset objects reloaded before import = 0Number of asset objects unloaded after import = 0

========================================================================
Received Import Request.
  Time since last request: 0.000091 seconds.
  path: Assets/TextMesh Pro/Examples & Extras/Scenes/23 - Animating Vertex Attributes.unity
  artifactKey: Guid(54e994244b4b467e8583cf2da6dcc716) Importer(2089858483,0ecaa5967403d082aa24f35e1b516d23)
Start importing Assets/TextMesh Pro/Examples & Extras/Scenes/23 - Animating Vertex Attributes.unity using Guid(54e994244b4b467e8583cf2da6dcc716) Importer(2089858483,0ecaa5967403d082aa24f35e1b516d23) (ScriptedImporter) -> (artifact id: 'f0a4a06a8ef2b0d96a3c57388f2e2f02') in 0.013266 seconds
Number of updated asset objects reloaded before import = 0Number of asset objects unloaded after import = 1

========================================================================
Received Import Request.
  Time since last request: 0.000020 seconds.
  path: Assets/TextMesh Pro/Examples & Extras/Scenes/24 - Surface Shader Example.unity
  artifactKey: Guid(8c4969fd8ba94a68b07cf11f3e7a5137) Importer(2089858483,0ecaa5967403d082aa24f35e1b516d23)
Start importing Assets/TextMesh Pro/Examples & Extras/Scenes/24 - Surface Shader Example.unity using Guid(8c4969fd8ba94a68b07cf11f3e7a5137) Importer(2089858483,0ecaa5967403d082aa24f35e1b516d23) (ScriptedImporter) -> (artifact id: 'df560d7c472094a056f4e0fbb2e228e6') in 0.0133576 seconds
Number of updated asset objects reloaded before import = 0Number of asset objects unloaded after import = 1

========================================================================
Received Import Request.
  Time since last request: 0.000022 seconds.
  path: Assets/TextMesh Pro/Examples & Extras/Scripts/TMPro_InstructionOverlay.cs
  artifactKey: Guid(c3c1afeda5e545e0b19add5373896d2e) Importer(2089858483,0ecaa5967403d082aa24f35e1b516d23)
Start importing Assets/TextMesh Pro/Examples & Extras/Scripts/TMPro_InstructionOverlay.cs using Guid(c3c1afeda5e545e0b19add5373896d2e) Importer(2089858483,0ecaa5967403d082aa24f35e1b516d23) (ScriptedImporter) -> (artifact id: '4a335012ca2578529bfd389c581e6385') in 0.0133139 seconds
Number of updated asset objects reloaded before import = 0Number of asset objects unloaded after import = 0

========================================================================
Received Import Request.
  Time since last request: 0.000020 seconds.
  path: Assets/TextMesh Pro/Examples & Extras/Scripts/Benchmark03.cs
  artifactKey: Guid(a73109742c8d47ac822895a473300c29) Importer(2089858483,0ecaa5967403d082aa24f35e1b516d23)
Start importing Assets/TextMesh Pro/Examples & Extras/Scripts/Benchmark03.cs using Guid(a73109742c8d47ac822895a473300c29) Importer(2089858483,0ecaa5967403d082aa24f35e1b516d23) (ScriptedImporter) -> (artifact id: '2b07394d8b97da8b0b8f5743fcdce62b') in 0.0155339 seconds
Number of updated asset objects reloaded before import = 0Number of asset objects unloaded after import = 0

========================================================================
Received Import Request.
  Time since last request: 0.000084 seconds.
  path: Assets/TextMesh Pro/Examples & Extras/Textures/Sunny Days - Seamless.jpg
  artifactKey: Guid(17c350171f7a3ca479f830547c66d187) Importer(2089858483,0ecaa5967403d082aa24f35e1b516d23)
Start importing Assets/TextMesh Pro/Examples & Extras/Textures/Sunny Days - Seamless.jpg using Guid(17c350171f7a3ca479f830547c66d187) Importer(2089858483,0ecaa5967403d082aa24f35e1b516d23) (ScriptedImporter) -> (artifact id: 'beadc39fa17a56d9c40408cc8bccab08') in 0.0247499 seconds
Number of updated asset objects reloaded before import = 0Number of asset objects unloaded after import = 1

========================================================================
Received Import Request.
  Time since last request: 0.000101 seconds.
  path: Assets/TextMesh Pro/Examples & Extras/Textures/Gradient Horizontal (Color).jpg
  artifactKey: Guid(6eb184de103d4b3f812b38561065192f) Importer(2089858483,0ecaa5967403d082aa24f35e1b516d23)
Start importing Assets/TextMesh Pro/Examples & Extras/Textures/Gradient Horizontal (Color).jpg using Guid(6eb184de103d4b3f812b38561065192f) Importer(2089858483,0ecaa5967403d082aa24f35e1b516d23) (ScriptedImporter) -> (artifact id: 'd508c1d3de04ff1e2f016e2653a9c908') in 0.0235063 seconds
Number of updated asset objects reloaded before import = 0Number of asset objects unloaded after import = 1

========================================================================
Received Import Request.
  Time since last request: 0.000020 seconds.
  path: Assets/TextMesh Pro/Examples & Extras/Scripts/TextConsoleSimulator.cs
  artifactKey: Guid(43bcd35a1c0c40ccb6d472893fe2093f) Importer(2089858483,0ecaa5967403d082aa24f35e1b516d23)
Start importing Assets/TextMesh Pro/Examples & Extras/Scripts/TextConsoleSimulator.cs using Guid(43bcd35a1c0c40ccb6d472893fe2093f) Importer(2089858483,0ecaa5967403d082aa24f35e1b516d23) (ScriptedImporter) -> (artifact id: 'e6c05bc57ac69515fa9b82aa31260fe7') in 0.0134965 seconds
Number of updated asset objects reloaded before import = 0Number of asset objects unloaded after import = 0

========================================================================
Received Import Request.
  Time since last request: 0.000036 seconds.
  path: Assets/TextMesh Pro/Examples & Extras/Scripts/TMP_DigitValidator.cs
  artifactKey: Guid(1a7eb92a01ed499a987bde9def05fbce) Importer(2089858483,0ecaa5967403d082aa24f35e1b516d23)
Start importing Assets/TextMesh Pro/Examples & Extras/Scripts/TMP_DigitValidator.cs using Guid(1a7eb92a01ed499a987bde9def05fbce) Importer(2089858483,0ecaa5967403d082aa24f35e1b516d23) (ScriptedImporter) -> (artifact id: '28134d16c0d2f9e0b6bae0f86aeda136') in 0.0124367 seconds
Number of updated asset objects reloaded before import = 0Number of asset objects unloaded after import = 0

========================================================================
Received Import Request.
  Time since last request: 0.000023 seconds.
  path: Assets/TextMesh Pro/Examples & Extras/Scripts/TMP_TextSelector_A.cs
  artifactKey: Guid(103e0a6a1d404693b9fb1a5173e0e979) Importer(2089858483,0ecaa5967403d082aa24f35e1b516d23)
Start importing Assets/TextMesh Pro/Examples & Extras/Scripts/TMP_TextSelector_A.cs using Guid(103e0a6a1d404693b9fb1a5173e0e979) Importer(2089858483,0ecaa5967403d082aa24f35e1b516d23) (ScriptedImporter) -> (artifact id: '3aae6dae0468410456eaf6854a82bb10') in 0.012948 seconds
Number of updated asset objects reloaded before import = 0Number of asset objects unloaded after import = 0

========================================================================
Received Import Request.
  Time since last request: 0.000102 seconds.
  path: Assets/UnityTechnologies/DefaultPlayables/ScreenFader/ScreenFaderMixerBehaviour.cs
  artifactKey: Guid(88173aff48b4ccb429d83dca32d03a86) Importer(2089858483,0ecaa5967403d082aa24f35e1b516d23)
Start importing Assets/UnityTechnologies/DefaultPlayables/ScreenFader/ScreenFaderMixerBehaviour.cs using Guid(88173aff48b4ccb429d83dca32d03a86) Importer(2089858483,0ecaa5967403d082aa24f35e1b516d23) (ScriptedImporter) -> (artifact id: 'a6f9bdbff4d75db1589ab089cabb5b35') in 0.011885 seconds
Number of updated asset objects reloaded before import = 0Number of asset objects unloaded after import = 0

========================================================================
Received Import Request.
  Time since last request: 0.000059 seconds.
  path: Assets/TextMesh Pro/Examples & Extras/Scripts/TeleType.cs
  artifactKey: Guid(e32c266ee6204b21a427753cb0694c81) Importer(2089858483,0ecaa5967403d082aa24f35e1b516d23)
Start importing Assets/TextMesh Pro/Examples & Extras/Scripts/TeleType.cs using Guid(e32c266ee6204b21a427753cb0694c81) Importer(2089858483,0ecaa5967403d082aa24f35e1b516d23) (ScriptedImporter) -> (artifact id: '30280fe60fe7b5ac5fc0f218ec86618e') in 0.0131651 seconds
Number of updated asset objects reloaded before import = 0Number of asset objects unloaded after import = 0

========================================================================
Received Import Request.
  Time since last request: 0.000018 seconds.
  path: Assets/UnityTechnologies/DefaultPlayables/TimeDilation/TimeDilationClip.cs
  artifactKey: Guid(eed9a3f59ff436340b05ff8248f0d998) Importer(2089858483,0ecaa5967403d082aa24f35e1b516d23)
Start importing Assets/UnityTechnologies/DefaultPlayables/TimeDilation/TimeDilationClip.cs using Guid(eed9a3f59ff436340b05ff8248f0d998) Importer(2089858483,0ecaa5967403d082aa24f35e1b516d23) (ScriptedImporter) -> (artifact id: 'b115a2390e58705bbf8c21f5559dbfe3') in 0.0129068 seconds
Number of updated asset objects reloaded before import = 0Number of asset objects unloaded after import = 0

========================================================================
Received Import Request.
  Time since last request: 0.000017 seconds.
  path: Assets/UnityTechnologies/DefaultPlayables/TransformTween/TransformTweenBehaviour.cs
  artifactKey: Guid(0594bfd3cbfda4d4bab34de00fb2faed) Importer(2089858483,0ecaa5967403d082aa24f35e1b516d23)
Start importing Assets/UnityTechnologies/DefaultPlayables/TransformTween/TransformTweenBehaviour.cs using Guid(0594bfd3cbfda4d4bab34de00fb2faed) Importer(2089858483,0ecaa5967403d082aa24f35e1b516d23) (ScriptedImporter) -> (artifact id: '374e969fb48a616bc8f7b045c438a5ac') in 0.0132188 seconds
Number of updated asset objects reloaded before import = 0Number of asset objects unloaded after import = 0

========================================================================
Received Import Request.
  Time since last request: 0.000044 seconds.
  path: Assets/TextMesh Pro/Examples & Extras/Textures/Small Crate_diffuse.jpg
  artifactKey: Guid(602cb87b6a29443b8636370ea0751574) Importer(2089858483,0ecaa5967403d082aa24f35e1b516d23)
Start importing Assets/TextMesh Pro/Examples & Extras/Textures/Small Crate_diffuse.jpg using Guid(602cb87b6a29443b8636370ea0751574) Importer(2089858483,0ecaa5967403d082aa24f35e1b516d23) (ScriptedImporter) -> (artifact id: '23963750c2f8f7c1d001684d79f96f87') in 0.0219116 seconds
Number of updated asset objects reloaded before import = 0Number of asset objects unloaded after import = 1

========================================================================
Received Import Request.
  Time since last request: 0.000019 seconds.
  path: Assets/TextMesh Pro/Resources/Fonts & Materials/LiberationSans SDF - Fallback.asset
  artifactKey: Guid(2e498d1c8094910479dc3e1b768306a4) Importer(2089858483,0ecaa5967403d082aa24f35e1b516d23)
Start importing Assets/TextMesh Pro/Resources/Fonts & Materials/LiberationSans SDF - Fallback.asset using Guid(2e498d1c8094910479dc3e1b768306a4) Importer(2089858483,0ecaa5967403d082aa24f35e1b516d23) (ScriptedImporter) -> (artifact id: '453a4159dd19a98ba507c834560f5464') in 0.0584017 seconds
Number of updated asset objects reloaded before import = 0Number of asset objects unloaded after import = 5

========================================================================
Received Import Request.
  Time since last request: 0.000020 seconds.
  path: Assets/UnityTechnologies/DefaultPlayables/ScreenFader/ScreenFaderBehaviour.cs
  artifactKey: Guid(4cf88cabc4dadeb4fafeefdbc61869ca) Importer(2089858483,0ecaa5967403d082aa24f35e1b516d23)
Start importing Assets/UnityTechnologies/DefaultPlayables/ScreenFader/ScreenFaderBehaviour.cs using Guid(4cf88cabc4dadeb4fafeefdbc61869ca) Importer(2089858483,0ecaa5967403d082aa24f35e1b516d23) (ScriptedImporter) -> (artifact id: '09ede85d4480f3737662d0fdf6dcfa3c') in 0.0129851 seconds
Number of updated asset objects reloaded before import = 0Number of asset objects unloaded after import = 0

========================================================================
Received Import Request.
  Time since last request: 0.000051 seconds.
  path: Assets/TextMesh Pro/Examples & Extras/Scripts/VertexShakeA.cs
  artifactKey: Guid(f7cfa58e417a46ea8889989684c2522e) Importer(2089858483,0ecaa5967403d082aa24f35e1b516d23)
Start importing Assets/TextMesh Pro/Examples & Extras/Scripts/VertexShakeA.cs using Guid(f7cfa58e417a46ea8889989684c2522e) Importer(2089858483,0ecaa5967403d082aa24f35e1b516d23) (ScriptedImporter) -> (artifact id: 'd751be7281750832f02595f5867742be') in 0.0130055 seconds
Number of updated asset objects reloaded before import = 0Number of asset objects unloaded after import = 0

========================================================================
Received Import Request.
  Time since last request: 0.000074 seconds.
  path: Assets/TextMesh Pro/Examples & Extras/Sprites/DropCap Numbers.psd
  artifactKey: Guid(fd09957580ac4326916010f1f260975b) Importer(2089858483,0ecaa5967403d082aa24f35e1b516d23)
Start importing Assets/TextMesh Pro/Examples & Extras/Sprites/DropCap Numbers.psd using Guid(fd09957580ac4326916010f1f260975b) Importer(2089858483,0ecaa5967403d082aa24f35e1b516d23) (ScriptedImporter) -> (artifact id: '3461b1b3a9659656f8a0d2baaa924839') in 0.024012 seconds
Number of updated asset objects reloaded before import = 0Number of asset objects unloaded after import = 1

========================================================================
Received Import Request.
  Time since last request: 0.064104 seconds.
  path: Assets/LeanTween/Documentation/assets/css/main.css
  artifactKey: Guid(f2e6f2786cebb4eb8945b46000f02d18) Importer(2089858483,0ecaa5967403d082aa24f35e1b516d23)
Start importing Assets/LeanTween/Documentation/assets/css/main.css using Guid(f2e6f2786cebb4eb8945b46000f02d18) Importer(2089858483,0ecaa5967403d082aa24f35e1b516d23) (ScriptedImporter) -> (artifact id: '2d6bccf60c9bb6728516774fa7a6e7f9') in 0.0138954 seconds
Number of updated asset objects reloaded before import = 0Number of asset objects unloaded after import = 1

========================================================================
Received Import Request.
  Time since last request: 0.000076 seconds.
  path: Assets/TextMesh Pro/Examples & Extras/Resources/Fonts & Materials/Unity SDF.asset
  artifactKey: Guid(c9adb1f542a93ae489bacfeae21e8394) Importer(2089858483,0ecaa5967403d082aa24f35e1b516d23)
Start importing Assets/TextMesh Pro/Examples & Extras/Resources/Fonts & Materials/Unity SDF.asset using Guid(c9adb1f542a93ae489bacfeae21e8394) Importer(2089858483,0ecaa5967403d082aa24f35e1b516d23) (ScriptedImporter) -> (artifact id: '744e182c6cd6aef67e257696dd073a4d') in 0.0420908 seconds
Number of updated asset objects reloaded before import = 0Number of asset objects unloaded after import = 3

========================================================================
Received Import Request.
  Time since last request: 0.000021 seconds.
  path: Assets/UnityTechnologies/DefaultPlayables/TimeDilation/Editor/TimeDilationDrawer.cs
  artifactKey: Guid(96853521ef6ea974d96cf7ef72f7c6a7) Importer(2089858483,0ecaa5967403d082aa24f35e1b516d23)
Start importing Assets/UnityTechnologies/DefaultPlayables/TimeDilation/Editor/TimeDilationDrawer.cs using Guid(96853521ef6ea974d96cf7ef72f7c6a7) Importer(2089858483,0ecaa5967403d082aa24f35e1b516d23) (ScriptedImporter) -> (artifact id: 'b7f03b5afe78eb840a08aabd12740bac') in 0.0139467 seconds
Number of updated asset objects reloaded before import = 0Number of asset objects unloaded after import = 0

========================================================================
Received Import Request.
  Time since last request: 0.000280 seconds.
  path: Assets/UnityTechnologies/DefaultPlayables/ScreenFader/Editor/ScreenFaderDrawer.cs
  artifactKey: Guid(7075b31fb4bae504f8480419ce90246f) Importer(2089858483,0ecaa5967403d082aa24f35e1b516d23)
Start importing Assets/UnityTechnologies/DefaultPlayables/ScreenFader/Editor/ScreenFaderDrawer.cs using Guid(7075b31fb4bae504f8480419ce90246f) Importer(2089858483,0ecaa5967403d082aa24f35e1b516d23) (ScriptedImporter) -> (artifact id: '1d3aeae7efbfbd1aa6ffa11d12112fab') in 0.0125924 seconds
Number of updated asset objects reloaded before import = 0Number of asset objects unloaded after import = 0

========================================================================
Received Import Request.
  Time since last request: 0.000108 seconds.
  path: Assets/TextMesh Pro/Examples & Extras/Resources/Fonts & Materials/Roboto-Bold SDF - Surface.mat
  artifactKey: Guid(e6b276ec991f467aa14ef1f3cc665993) Importer(2089858483,0ecaa5967403d082aa24f35e1b516d23)
Start importing Assets/TextMesh Pro/Examples & Extras/Resources/Fonts & Materials/Roboto-Bold SDF - Surface.mat using Guid(e6b276ec991f467aa14ef1f3cc665993) Importer(2089858483,0ecaa5967403d082aa24f35e1b516d23) (ScriptedImporter) -> (artifact id: 'e76c04862280c6e000fd690cde3024d3') in 0.0193012 seconds
Number of updated asset objects reloaded before import = 0Number of asset objects unloaded after import = 2

========================================================================
Received Import Request.
  Time since last request: 0.000017 seconds.
  path: Assets/UnityTechnologies/DefaultPlayables/TransformTween/Editor/TransformTweenDrawer.cs
  artifactKey: Guid(d4c9e800b8d9b3344850b4b658de699d) Importer(2089858483,0ecaa5967403d082aa24f35e1b516d23)
Start importing Assets/UnityTechnologies/DefaultPlayables/TransformTween/Editor/TransformTweenDrawer.cs using Guid(d4c9e800b8d9b3344850b4b658de699d) Importer(2089858483,0ecaa5967403d082aa24f35e1b516d23) (ScriptedImporter) -> (artifact id: 'a290466fb9513733fcc5e3030db479a0') in 0.0139703 seconds
Number of updated asset objects reloaded before import = 0Number of asset objects unloaded after import = 0

========================================================================
Received Import Request.
  Time since last request: 0.000357 seconds.
  path: Assets/TextMesh Pro/Examples & Extras/Resources/Fonts & Materials/Anton SDF - Drop Shadow.mat
  artifactKey: Guid(749b9069dc4742c5bfa5c74644049926) Importer(2089858483,0ecaa5967403d082aa24f35e1b516d23)
Start importing Assets/TextMesh Pro/Examples & Extras/Resources/Fonts & Materials/Anton SDF - Drop Shadow.mat using Guid(749b9069dc4742c5bfa5c74644049926) Importer(2089858483,0ecaa5967403d082aa24f35e1b516d23) (ScriptedImporter) -> (artifact id: 'b6ff17107e71ef504c5187d78a02c13b') in 0.0179499 seconds
Number of updated asset objects reloaded before import = 0Number of asset objects unloaded after import = 2

========================================================================
Received Import Request.
  Time since last request: 0.000020 seconds.
  path: Assets/LeanTween/Examples/Models/Materials/Material.mat
  artifactKey: Guid(af31d53076fd745faa5f05dae96c15c3) Importer(2089858483,0ecaa5967403d082aa24f35e1b516d23)
Start importing Assets/LeanTween/Examples/Models/Materials/Material.mat using Guid(af31d53076fd745faa5f05dae96c15c3) Importer(2089858483,0ecaa5967403d082aa24f35e1b516d23) (ScriptedImporter) -> (artifact id: '6c7363093df52aae2fac3b1f8d72362d') in 0.0334303 seconds
Number of updated asset objects reloaded before import = 0Number of asset objects unloaded after import = 1

========================================================================
Received Import Request.
  Time since last request: 0.000166 seconds.
  path: Assets/TextMesh Pro/Examples & Extras/Resources/Fonts & Materials/Roboto-Bold SDF - URP.mat
  artifactKey: Guid(90722b8bd74d9aa49958562aff7bdf76) Importer(2089858483,0ecaa5967403d082aa24f35e1b516d23)
Start importing Assets/TextMesh Pro/Examples & Extras/Resources/Fonts & Materials/Roboto-Bold SDF - URP.mat using Guid(90722b8bd74d9aa49958562aff7bdf76) Importer(2089858483,0ecaa5967403d082aa24f35e1b516d23) (ScriptedImporter) -> (artifact id: 'dfaec1524b28dc6935cd2f65bcd85e4a') in 0.0143128 seconds
Number of updated asset objects reloaded before import = 0Number of asset objects unloaded after import = 1

========================================================================
Received Import Request.
  Time since last request: 0.000021 seconds.
  path: Assets/TextMesh Pro/Examples & Extras/Resources/Fonts & Materials/Bangers SDF - Drop Shadow.mat
  artifactKey: Guid(f2dcf029949142e28b974630369c8b4e) Importer(2089858483,0ecaa5967403d082aa24f35e1b516d23)
Start importing Assets/TextMesh Pro/Examples & Extras/Resources/Fonts & Materials/Bangers SDF - Drop Shadow.mat using Guid(f2dcf029949142e28b974630369c8b4e) Importer(2089858483,0ecaa5967403d082aa24f35e1b516d23) (ScriptedImporter) -> (artifact id: '40dcabe77ac54878bb10782ad427c4b7') in 0.01578 seconds
Number of updated asset objects reloaded before import = 0Number of asset objects unloaded after import = 2

========================================================================
Received Import Request.
  Time since last request: 0.000021 seconds.
  path: Assets/TextMesh Pro/Examples & Extras/Resources/Fonts & Materials/Bangers SDF - Drop Shadow - 2 Pass.mat
  artifactKey: Guid(947a44964e53bf0448ff698b2a2219c0) Importer(2089858483,0ecaa5967403d082aa24f35e1b516d23)
Start importing Assets/TextMesh Pro/Examples & Extras/Resources/Fonts & Materials/Bangers SDF - Drop Shadow - 2 Pass.mat using Guid(947a44964e53bf0448ff698b2a2219c0) Importer(2089858483,0ecaa5967403d082aa24f35e1b516d23) (ScriptedImporter) -> (artifact id: '575cbc360399db3b658b369fdca72198') in 0.0168262 seconds
Number of updated asset objects reloaded before import = 0Number of asset objects unloaded after import = 2

========================================================================
Received Import Request.
  Time since last request: 0.000019 seconds.
  path: Assets/LeanTween/Examples/Models/Materials/SimpleAvatarMat.mat
  artifactKey: Guid(5732f0a6e68964f3eb5c3ebb94242055) Importer(2089858483,0ecaa5967403d082aa24f35e1b516d23)
Start importing Assets/LeanTween/Examples/Models/Materials/SimpleAvatarMat.mat using Guid(5732f0a6e68964f3eb5c3ebb94242055) Importer(2089858483,0ecaa5967403d082aa24f35e1b516d23) (ScriptedImporter) -> (artifact id: '9952b3f76f4dd3f2b21b05b911214716') in 0.0135432 seconds
Number of updated asset objects reloaded before import = 0Number of asset objects unloaded after import = 1

========================================================================
Received Import Request.
  Time since last request: 0.000020 seconds.
  path: Assets/LeanTween/Examples/Models/Materials/eanTween.mat
  artifactKey: Guid(f619dcfcfb4564405b5fe5ea207c9199) Importer(2089858483,0ecaa5967403d082aa24f35e1b516d23)
Start importing Assets/LeanTween/Examples/Models/Materials/eanTween.mat using Guid(f619dcfcfb4564405b5fe5ea207c9199) Importer(2089858483,0ecaa5967403d082aa24f35e1b516d23) (ScriptedImporter) -> (artifact id: '0ae004c37a565755919e64440c21b2ec') in 0.0136985 seconds
Number of updated asset objects reloaded before import = 0Number of asset objects unloaded after import = 1

========================================================================
Received Import Request.
  Time since last request: 0.000017 seconds.
  path: Assets/UnityTechnologies/DefaultPlayables/TextSwitcher/Editor/TextSwitcherDrawer.cs
  artifactKey: Guid(d10fec9d6fdea024293153308aa74ef7) Importer(2089858483,0ecaa5967403d082aa24f35e1b516d23)
Start importing Assets/UnityTechnologies/DefaultPlayables/TextSwitcher/Editor/TextSwitcherDrawer.cs using Guid(d10fec9d6fdea024293153308aa74ef7) Importer(2089858483,0ecaa5967403d082aa24f35e1b516d23) (ScriptedImporter) -> (artifact id: '5d5af75d61b12c9f3184b94c4f579eb3') in 0.0136363 seconds
Number of updated asset objects reloaded before import = 0Number of asset objects unloaded after import = 0

========================================================================
Received Import Request.
  Time since last request: 18.779599 seconds.
  path: Assets/Materials/WIN 1.mat
  artifactKey: Guid(48c576cfea9f9824cbba9f7dd404f990) Importer(815301076,1909f56bfc062723c751e8b465ee728b)
Start importing Assets/Materials/WIN 1.mat using Guid(48c576cfea9f9824cbba9f7dd404f990) Importer(815301076,1909f56bfc062723c751e8b465ee728b) (PreviewImporter) -> (artifact id: 'f87805d9443b23990f666fde3063935a') in 0.1285524 seconds
Number of updated asset objects reloaded before import = 0Number of asset objects unloaded after import = 1

========================================================================
Received Import Request.
  Time since last request: 0.540093 seconds.
  path: Assets/TextMesh Pro/Examples & Extras/Resources/Fonts & Materials/Unity SDF.asset
  artifactKey: Guid(c9adb1f542a93ae489bacfeae21e8394) Importer(815301076,1909f56bfc062723c751e8b465ee728b)
Start importing Assets/TextMesh Pro/Examples & Extras/Resources/Fonts & Materials/Unity SDF.asset using Guid(c9adb1f542a93ae489bacfeae21e8394) Importer(815301076,1909f56bfc062723c751e8b465ee728b) (PreviewImporter) -> (artifact id: 'af8630497d89c172c99e182a059f66f8') in 0.0490936 seconds
Number of updated asset objects reloaded before import = 0Number of asset objects unloaded after import = 4

========================================================================
Received Import Request.
  Time since last request: 0.000025 seconds.
  path: Assets/TextMesh Pro/Examples & Extras/Materials/Small Crate_diffuse.mat
  artifactKey: Guid(22262639920f43d6be32430e4e58350d) Importer(815301076,1909f56bfc062723c751e8b465ee728b)
Start importing Assets/TextMesh Pro/Examples & Extras/Materials/Small Crate_diffuse.mat using Guid(22262639920f43d6be32430e4e58350d) Importer(815301076,1909f56bfc062723c751e8b465ee728b) (PreviewImporter) -> (artifact id: '9b9af3b0b36b2f124f5b60a9009367bc') in 0.1940893 seconds
Number of updated asset objects reloaded before import = 0Number of asset objects unloaded after import = 3

========================================================================
Received Import Request.
  Time since last request: 0.007390 seconds.
  path: Assets/TextMesh Pro/Examples & Extras/Resources/Fonts & Materials/Roboto-Bold SDF - Surface.mat
  artifactKey: Guid(e6b276ec991f467aa14ef1f3cc665993) Importer(815301076,1909f56bfc062723c751e8b465ee728b)
Start importing Assets/TextMesh Pro/Examples & Extras/Resources/Fonts & Materials/Roboto-Bold SDF - Surface.mat using Guid(e6b276ec991f467aa14ef1f3cc665993) Importer(815301076,1909f56bfc062723c751e8b465ee728b) (PreviewImporter) -> (artifact id: '760bf97368c8324df963d8951ebfa22a') in 0.0825793 seconds
Number of updated asset objects reloaded before import = 0Number of asset objects unloaded after import = 2

========================================================================
Received Import Request.
  Time since last request: 0.000561 seconds.
  path: Assets/LeanTween/Examples/Models/DirectionalArrow.fbx
  artifactKey: Guid(d47ae0396110840289d47476d8289fbf) Importer(815301076,1909f56bfc062723c751e8b465ee728b)
Start importing Assets/LeanTween/Examples/Models/DirectionalArrow.fbx using Guid(d47ae0396110840289d47476d8289fbf) Importer(815301076,1909f56bfc062723c751e8b465ee728b) (PreviewImporter) -> (artifact id: 'e965963b7c69d762f8cd5b5b6ba23e45') in 0.0439914 seconds
Number of updated asset objects reloaded before import = 0Number of asset objects unloaded after import = 8

========================================================================
Received Import Request.
  Time since last request: 0.000025 seconds.
  path: Assets/Models/Materials/photo_2025-11-15_23-27-05.mat
  artifactKey: Guid(661a2a264d7467e408ea28cd3ff24fef) Importer(815301076,1909f56bfc062723c751e8b465ee728b)
Start importing Assets/Models/Materials/photo_2025-11-15_23-27-05.mat using Guid(661a2a264d7467e408ea28cd3ff24fef) Importer(815301076,1909f56bfc062723c751e8b465ee728b) (PreviewImporter) -> (artifact id: '44161f151d485855891d84b80c5194d4') in 0.0148778 seconds
Number of updated asset objects reloaded before import = 0Number of asset objects unloaded after import = 2

========================================================================
Received Import Request.
  Time since last request: 0.000023 seconds.
  path: Assets/LeanTween/Examples/Models/Materials/Material.001.mat
  artifactKey: Guid(ee920b9374bc046b4a8b04eec2888d20) Importer(815301076,1909f56bfc062723c751e8b465ee728b)
Start importing Assets/LeanTween/Examples/Models/Materials/Material.001.mat using Guid(ee920b9374bc046b4a8b04eec2888d20) Importer(815301076,1909f56bfc062723c751e8b465ee728b) (PreviewImporter) -> (artifact id: '561ec4f6b43ad50abfb525b1ce09eada') in 0.0827918 seconds
Number of updated asset objects reloaded before import = 0Number of asset objects unloaded after import = 1

========================================================================
Received Import Request.
  Time since last request: 0.046522 seconds.
  path: Assets/Desert Pack/Models/Desertjar2.fbx
  artifactKey: Guid(4d68ba28d3bbede4383ecdcedebd71a9) Importer(815301076,1909f56bfc062723c751e8b465ee728b)
Start importing Assets/Desert Pack/Models/Desertjar2.fbx using Guid(4d68ba28d3bbede4383ecdcedebd71a9) Importer(815301076,1909f56bfc062723c751e8b465ee728b) (PreviewImporter) -> (artifact id: '0a26c13556bf9ca25d872ecf7201d656') in 0.0336194 seconds
Number of updated asset objects reloaded before import = 0Number of asset objects unloaded after import = 8

========================================================================
Received Import Request.
  Time since last request: 0.000019 seconds.
  path: Assets/Desert Pack/Models/DesertBoxFillerBlue.fbx
  artifactKey: Guid(50485a96d556be84e9ff165441c6da6f) Importer(815301076,1909f56bfc062723c751e8b465ee728b)
Start importing Assets/Desert Pack/Models/DesertBoxFillerBlue.fbx using Guid(50485a96d556be84e9ff165441c6da6f) Importer(815301076,1909f56bfc062723c751e8b465ee728b) (PreviewImporter) -> (artifact id: 'e09ceb0486e419b20169bc9436774866') in 0.0237716 seconds
Number of updated asset objects reloaded before import = 0Number of asset objects unloaded after import = 8

========================================================================
Received Import Request.
  Time since last request: 0.000018 seconds.
  path: Assets/Desert Pack/Models/DesertWindow.fbx
  artifactKey: Guid(e8e2606076be7ac49ad4782fca602ffd) Importer(815301076,1909f56bfc062723c751e8b465ee728b)
Start importing Assets/Desert Pack/Models/DesertWindow.fbx using Guid(e8e2606076be7ac49ad4782fca602ffd) Importer(815301076,1909f56bfc062723c751e8b465ee728b) (PreviewImporter) -> (artifact id: '0a66c17b60ea39e0fdd95e6bb733895a') in 0.0252945 seconds
Number of updated asset objects reloaded before import = 0Number of asset objects unloaded after import = 8

========================================================================
Received Import Request.
  Time since last request: 0.000019 seconds.
  path: Assets/Desert Pack/Models/DesertRock04.fbx
  artifactKey: Guid(03e2c7d78ad2b584d9a979ef1ee533b4) Importer(815301076,1909f56bfc062723c751e8b465ee728b)
Start importing Assets/Desert Pack/Models/DesertRock04.fbx using Guid(03e2c7d78ad2b584d9a979ef1ee533b4) Importer(815301076,1909f56bfc062723c751e8b465ee728b) (PreviewImporter) -> (artifact id: 'b6a00cb910417bfeb479d3a2b402390f') in 0.0250644 seconds
Number of updated asset objects reloaded before import = 0Number of asset objects unloaded after import = 8

========================================================================
Received Import Request.
  Time since last request: 0.000022 seconds.
  path: Assets/Desert Pack/Models/DesertDoorLeft.fbx
  artifactKey: Guid(bbca20c143b76c64e8cc14d761cff1aa) Importer(815301076,1909f56bfc062723c751e8b465ee728b)
Start importing Assets/Desert Pack/Models/DesertDoorLeft.fbx using Guid(bbca20c143b76c64e8cc14d761cff1aa) Importer(815301076,1909f56bfc062723c751e8b465ee728b) (PreviewImporter) -> (artifact id: '0a6f31947c92e9d0189964b3d164cda4') in 0.0239253 seconds
Number of updated asset objects reloaded before import = 0Number of asset objects unloaded after import = 8

========================================================================
Received Import Request.
  Time since last request: 0.000016 seconds.
  path: Assets/Desert Pack/Models/DesertBridgeExtra01.fbx
  artifactKey: Guid(bdc69c8dbb9638147808b023bec5fc26) Importer(815301076,1909f56bfc062723c751e8b465ee728b)
Start importing Assets/Desert Pack/Models/DesertBridgeExtra01.fbx using Guid(bdc69c8dbb9638147808b023bec5fc26) Importer(815301076,1909f56bfc062723c751e8b465ee728b) (PreviewImporter) -> (artifact id: 'df1c6c2e74a6934423c9e41ab354d82f') in 0.0233019 seconds
Number of updated asset objects reloaded before import = 0Number of asset objects unloaded after import = 8

========================================================================
Received Import Request.
  Time since last request: 0.000018 seconds.
  path: Assets/Desert Pack/Models/DesertDoorRight.fbx
  artifactKey: Guid(2ecf61b24ed19d54a917c84ef9d9872f) Importer(815301076,1909f56bfc062723c751e8b465ee728b)
Start importing Assets/Desert Pack/Models/DesertDoorRight.fbx using Guid(2ecf61b24ed19d54a917c84ef9d9872f) Importer(815301076,1909f56bfc062723c751e8b465ee728b) (PreviewImporter) -> (artifact id: '3600f9bcb108957a159040a533ae2bd7') in 0.0235051 seconds
Number of updated asset objects reloaded before import = 0Number of asset objects unloaded after import = 8

========================================================================
Received Import Request.
  Time since last request: 0.000020 seconds.
  path: Assets/Desert Pack/Models/DesertBoxlarge.fbx
  artifactKey: Guid(2b4b51f609cfb024ba0f1ffc36943c3a) Importer(815301076,1909f56bfc062723c751e8b465ee728b)
Start importing Assets/Desert Pack/Models/DesertBoxlarge.fbx using Guid(2b4b51f609cfb024ba0f1ffc36943c3a) Importer(815301076,1909f56bfc062723c751e8b465ee728b) (PreviewImporter) -> (artifact id: '8515235dece38f0ce4bf352e640725e0') in 0.0227952 seconds
Number of updated asset objects reloaded before import = 0Number of asset objects unloaded after import = 8

========================================================================
Received Import Request.
  Time since last request: 0.077585 seconds.
  path: Assets/Desert Pack/Models/DesertRock02.fbx
  artifactKey: Guid(9f666b9d9c9ceca4e8da8117e06ec7be) Importer(815301076,1909f56bfc062723c751e8b465ee728b)
Start importing Assets/Desert Pack/Models/DesertRock02.fbx using Guid(9f666b9d9c9ceca4e8da8117e06ec7be) Importer(815301076,1909f56bfc062723c751e8b465ee728b) (PreviewImporter) -> (artifact id: '1b921bbff785c9555ef53179fede3928') in 0.0304765 seconds
Number of updated asset objects reloaded before import = 0Number of asset objects unloaded after import = 8

========================================================================
Received Import Request.
  Time since last request: 0.000017 seconds.
  path: Assets/Desert Pack/Models/DesertFlag.fbx
  artifactKey: Guid(ec75c215f09cbdc4facd7f5cd3e4a909) Importer(815301076,1909f56bfc062723c751e8b465ee728b)
Start importing Assets/Desert Pack/Models/DesertFlag.fbx using Guid(ec75c215f09cbdc4facd7f5cd3e4a909) Importer(815301076,1909f56bfc062723c751e8b465ee728b) (PreviewImporter) -> (artifact id: 'fbe05d007ddcf8632326496f39c10d82') in 0.0416271 seconds
Number of updated asset objects reloaded before import = 0Number of asset objects unloaded after import = 26

========================================================================
Received Import Request.
  Time since last request: 0.000020 seconds.
  path: Assets/TextMesh Pro/Resources/Fonts & Materials/LiberationSans SDF.asset
  artifactKey: Guid(8f586378b4e144a9851e7b34d9b748ee) Importer(815301076,1909f56bfc062723c751e8b465ee728b)
Start importing Assets/TextMesh Pro/Resources/Fonts & Materials/LiberationSans SDF.asset using Guid(8f586378b4e144a9851e7b34d9b748ee) Importer(815301076,1909f56bfc062723c751e8b465ee728b) (PreviewImporter) -> (artifact id: 'f2250959e0020d819edefff161a02fc5') in 0.0358466 seconds
Number of updated asset objects reloaded before import = 0Number of asset objects unloaded after import = 9

========================================================================
Received Import Request.
  Time since last request: 0.000020 seconds.
  path: Assets/Desert Pack/Models/DesertCube02.fbx
  artifactKey: Guid(615f8e2d72a80ae43bd78d830b3b9e91) Importer(815301076,1909f56bfc062723c751e8b465ee728b)
Start importing Assets/Desert Pack/Models/DesertCube02.fbx using Guid(615f8e2d72a80ae43bd78d830b3b9e91) Importer(815301076,1909f56bfc062723c751e8b465ee728b) (PreviewImporter) -> (artifact id: 'ae446866697e6d579df417a9d63dca42') in 0.0217098 seconds
Number of updated asset objects reloaded before import = 0Number of asset objects unloaded after import = 8

========================================================================
Received Import Request.
  Time since last request: 0.180848 seconds.
  path: Assets/TextMesh Pro/Resources/Fonts & Materials/LiberationSans SDF - Drop Shadow.mat
  artifactKey: Guid(e73a58f6e2794ae7b1b7e50b7fb811b0) Importer(815301076,1909f56bfc062723c751e8b465ee728b)
Start importing Assets/TextMesh Pro/Resources/Fonts & Materials/LiberationSans SDF - Drop Shadow.mat using Guid(e73a58f6e2794ae7b1b7e50b7fb811b0) Importer(815301076,1909f56bfc062723c751e8b465ee728b) (PreviewImporter) -> (artifact id: 'e2016ed9a5ace8a6436756e2bca0bb1b') in 0.0730308 seconds
Number of updated asset objects reloaded before import = 0Number of asset objects unloaded after import = 2

========================================================================
Received Import Request.
  Time since last request: 0.000019 seconds.
  path: Assets/TextMesh Pro/Examples & Extras/Resources/Fonts & Materials/LiberationSans SDF - Overlay.mat
  artifactKey: Guid(9ad269c99dcf42b7aedefd83dd5a7b9d) Importer(815301076,1909f56bfc062723c751e8b465ee728b)
Start importing Assets/TextMesh Pro/Examples & Extras/Resources/Fonts & Materials/LiberationSans SDF - Overlay.mat using Guid(9ad269c99dcf42b7aedefd83dd5a7b9d) Importer(815301076,1909f56bfc062723c751e8b465ee728b) (PreviewImporter) -> (artifact id: 'b40e0e6cba6cc3bb6976d169be6b0d9d') in 0.0152625 seconds
Number of updated asset objects reloaded before import = 0Number of asset objects unloaded after import = 2

========================================================================
Received Import Request.
  Time since last request: 0.000030 seconds.
  path: Assets/LeanTween/Examples/Material/GridLines.mat
  artifactKey: Guid(9a06e258e3bf640e885048b32fdf51b7) Importer(815301076,1909f56bfc062723c751e8b465ee728b)
Start importing Assets/LeanTween/Examples/Material/GridLines.mat using Guid(9a06e258e3bf640e885048b32fdf51b7) Importer(815301076,1909f56bfc062723c751e8b465ee728b) (PreviewImporter) -> (artifact id: '2f163b08311a395bb6c637810f07dba7') in 0.0904009 seconds
Number of updated asset objects reloaded before import = 0Number of asset objects unloaded after import = 1

========================================================================
Received Import Request.
  Time since last request: 0.081074 seconds.
  path: Assets/Nest/Materials/Egg_White_Mat.mat
  artifactKey: Guid(d1b4e5bce733f0a468a419073b207a0e) Importer(815301076,1909f56bfc062723c751e8b465ee728b)
Start importing Assets/Nest/Materials/Egg_White_Mat.mat using Guid(d1b4e5bce733f0a468a419073b207a0e) Importer(815301076,1909f56bfc062723c751e8b465ee728b) (PreviewImporter) -> (artifact id: 'b08ddec6dfd3fd7b87f2deea8eb58f5e') in 0.0232917 seconds
Number of updated asset objects reloaded before import = 0Number of asset objects unloaded after import = 1

========================================================================
Received Import Request.
  Time since last request: 0.016287 seconds.
  path: Assets/Desert Pack/Materials/CubeParticlesDesert.mat
  artifactKey: Guid(1d13699a40edd244080be7667d805d4d) Importer(815301076,1909f56bfc062723c751e8b465ee728b)
Start importing Assets/Desert Pack/Materials/CubeParticlesDesert.mat using Guid(1d13699a40edd244080be7667d805d4d) Importer(815301076,1909f56bfc062723c751e8b465ee728b) (PreviewImporter) -> (artifact id: 'ad0da50130c9d898df88097d43d3b37a') in 0.0155148 seconds
Number of updated asset objects reloaded before import = 0Number of asset objects unloaded after import = 2

========================================================================
Received Import Request.
  Time since last request: 0.000020 seconds.
  path: Assets/Yaiko Skins/skin1.obj
  artifactKey: Guid(2f11b17f5f9cf0047a30000012d00cc1) Importer(815301076,1909f56bfc062723c751e8b465ee728b)
Start importing Assets/Yaiko Skins/skin1.obj using Guid(2f11b17f5f9cf0047a30000012d00cc1) Importer(815301076,1909f56bfc062723c751e8b465ee728b) (PreviewImporter) -> (artifact id: '1ee18a16bcfff5aead5b399f9a2cfe0c') in 0.0299934 seconds
Number of updated asset objects reloaded before import = 0Number of asset objects unloaded after import = 10

========================================================================
Received Import Request.
  Time since last request: 0.000019 seconds.
  path: Assets/Desert Pack/Materials/ColorPaletteShowCase.mat
  artifactKey: Guid(adddff3fab177f74c81ad7ac2f724ff6) Importer(815301076,1909f56bfc062723c751e8b465ee728b)
Start importing Assets/Desert Pack/Materials/ColorPaletteShowCase.mat using Guid(adddff3fab177f74c81ad7ac2f724ff6) Importer(815301076,1909f56bfc062723c751e8b465ee728b) (PreviewImporter) -> (artifact id: 'ac9b156b5cd1fc9a4402803120644651') in 0.0146567 seconds
Number of updated asset objects reloaded before import = 0Number of asset objects unloaded after import = 1

========================================================================
Received Import Request.
  Time since last request: 0.000018 seconds.
  path: Assets/Desert Pack/Materials/ColorPaletteBLUE.mat
  artifactKey: Guid(1ec2e18e91ff6354baa4f9df6999904a) Importer(815301076,1909f56bfc062723c751e8b465ee728b)
Start importing Assets/Desert Pack/Materials/ColorPaletteBLUE.mat using Guid(1ec2e18e91ff6354baa4f9df6999904a) Importer(815301076,1909f56bfc062723c751e8b465ee728b) (PreviewImporter) -> (artifact id: '1fc8ca7b11bbd641d759a17df0f61227') in 0.0146899 seconds
Number of updated asset objects reloaded before import = 0Number of asset objects unloaded after import = 2

========================================================================
Received Import Request.
  Time since last request: 0.000022 seconds.
  path: Assets/Models/Materials/edison1joined-Material.002.mat
  artifactKey: Guid(846a8176b4cd87949a9a7f7a72718643) Importer(815301076,1909f56bfc062723c751e8b465ee728b)
Start importing Assets/Models/Materials/edison1joined-Material.002.mat using Guid(846a8176b4cd87949a9a7f7a72718643) Importer(815301076,1909f56bfc062723c751e8b465ee728b) (PreviewImporter) -> (artifact id: '302bda8d17da720ef6b95acaada9047b') in 0.013478 seconds
Number of updated asset objects reloaded before import = 0Number of asset objects unloaded after import = 1

========================================================================
Received Import Request.
  Time since last request: 0.000018 seconds.
  path: Assets/Nest/Materials/Egg_Green_Mat.mat
  artifactKey: Guid(31dd860e412b0964d8c3d26968e743da) Importer(815301076,1909f56bfc062723c751e8b465ee728b)
Start importing Assets/Nest/Materials/Egg_Green_Mat.mat using Guid(31dd860e412b0964d8c3d26968e743da) Importer(815301076,1909f56bfc062723c751e8b465ee728b) (PreviewImporter) -> (artifact id: 'b8cc122fbb0347c747e0309782ff1b7a') in 0.0329911 seconds
Number of updated asset objects reloaded before import = 0Number of asset objects unloaded after import = 1

========================================================================
Received Import Request.
  Time since last request: 0.000018 seconds.
  path: Assets/LeanTween/Examples/Material/DirectionalArrowMaterial.mat
  artifactKey: Guid(79809b4fc57ad41b982c1dd5ceb812b2) Importer(815301076,1909f56bfc062723c751e8b465ee728b)
Start importing Assets/LeanTween/Examples/Material/DirectionalArrowMaterial.mat using Guid(79809b4fc57ad41b982c1dd5ceb812b2) Importer(815301076,1909f56bfc062723c751e8b465ee728b) (PreviewImporter) -> (artifact id: '7312e1d92eda9c81e071c344115aaf73') in 0.0129483 seconds
Number of updated asset objects reloaded before import = 0Number of asset objects unloaded after import = 1

========================================================================
Received Import Request.
  Time since last request: 0.140067 seconds.
  path: Assets/TextMesh Pro/Examples & Extras/Resources/Fonts & Materials/Bangers SDF - Outline.mat
  artifactKey: Guid(f629c6e43dba4bf38cb74d8860150664) Importer(815301076,1909f56bfc062723c751e8b465ee728b)
Start importing Assets/TextMesh Pro/Examples & Extras/Resources/Fonts & Materials/Bangers SDF - Outline.mat using Guid(f629c6e43dba4bf38cb74d8860150664) Importer(815301076,1909f56bfc062723c751e8b465ee728b) (PreviewImporter) -> (artifact id: '4f5460bc04d4b927426e233b229b83f1') in 0.0363349 seconds
Number of updated asset objects reloaded before import = 0Number of asset objects unloaded after import = 2

========================================================================
Received Import Request.
  Time since last request: 0.000051 seconds.
  path: Assets/LeanTween/Examples/Material/AlphBumps.mat
  artifactKey: Guid(12c720f1dd5674502bc1185ff99b70f9) Importer(815301076,1909f56bfc062723c751e8b465ee728b)
Start importing Assets/LeanTween/Examples/Material/AlphBumps.mat using Guid(12c720f1dd5674502bc1185ff99b70f9) Importer(815301076,1909f56bfc062723c751e8b465ee728b) (PreviewImporter) -> (artifact id: '3f8d6ee3b887338e1c5d9821bac83547') in 0.1063175 seconds
Number of updated asset objects reloaded before import = 0Number of asset objects unloaded after import = 1

========================================================================
Received Import Request.
  Time since last request: 0.000020 seconds.
  path: Assets/Office_Props/Materials/(Mat)GradientDarkGreen.mat
  artifactKey: Guid(95d691d1ae476e049b3ca1db2f7b4c0d) Importer(815301076,1909f56bfc062723c751e8b465ee728b)
Start importing Assets/Office_Props/Materials/(Mat)GradientDarkGreen.mat using Guid(95d691d1ae476e049b3ca1db2f7b4c0d) Importer(815301076,1909f56bfc062723c751e8b465ee728b) (PreviewImporter) -> (artifact id: 'cb0b046a9460b22498fc12113082a60a') in 0.0143898 seconds
Number of updated asset objects reloaded before import = 0Number of asset objects unloaded after import = 2

========================================================================
Received Import Request.
  Time since last request: 0.000022 seconds.
  path: Assets/Materials/25_20251115231855.mat
  artifactKey: Guid(6bfe3544a7433574f8d8f378d30ac70e) Importer(815301076,1909f56bfc062723c751e8b465ee728b)
Start importing Assets/Materials/25_20251115231855.mat using Guid(6bfe3544a7433574f8d8f378d30ac70e) Importer(815301076,1909f56bfc062723c751e8b465ee728b) (PreviewImporter) -> (artifact id: '4c19a1500eb08a28c332c3d5bc63b902') in 0.0126867 seconds
Number of updated asset objects reloaded before import = 0Number of asset objects unloaded after import = 2

========================================================================
Received Import Request.
  Time since last request: 0.000013 seconds.
  path: Assets/Office_Props/Materials/(Mat)MetallicBlack.mat
  artifactKey: Guid(31e87d42f3ffa2546b1f527e7a0a4b9d) Importer(815301076,1909f56bfc062723c751e8b465ee728b)
Start importing Assets/Office_Props/Materials/(Mat)MetallicBlack.mat using Guid(31e87d42f3ffa2546b1f527e7a0a4b9d) Importer(815301076,1909f56bfc062723c751e8b465ee728b) (PreviewImporter) -> (artifact id: '52be58e04bbb3f74f2e414680dbfb44e') in 0.0135659 seconds
Number of updated asset objects reloaded before import = 0Number of asset objects unloaded after import = 1

========================================================================
Received Import Request.
  Time since last request: 0.000018 seconds.
  path: Assets/TextMesh Pro/Examples & Extras/Resources/Fonts & Materials/Anton SDF - Outline.mat
  artifactKey: Guid(a00013af81304728b2be1f4309ee2433) Importer(815301076,1909f56bfc062723c751e8b465ee728b)
Start importing Assets/TextMesh Pro/Examples & Extras/Resources/Fonts & Materials/Anton SDF - Outline.mat using Guid(a00013af81304728b2be1f4309ee2433) Importer(815301076,1909f56bfc062723c751e8b465ee728b) (PreviewImporter) -> (artifact id: '0a1af15543749b3359f0d5d56234c206') in 0.0062892 seconds
Number of updated asset objects reloaded before import = 0Number of asset objects unloaded after import = 2

========================================================================
Received Import Request.
  Time since last request: 0.000015 seconds.
  path: Assets/Office_Props/Materials/(Mat)GradientBrown.mat
  artifactKey: Guid(c0999236ab32ad94fb08c06e6694fa49) Importer(815301076,1909f56bfc062723c751e8b465ee728b)
Start importing Assets/Office_Props/Materials/(Mat)GradientBrown.mat using Guid(c0999236ab32ad94fb08c06e6694fa49) Importer(815301076,1909f56bfc062723c751e8b465ee728b) (PreviewImporter) -> (artifact id: '0bd7b7e1d9628fc3fd6e358b57228c9c') in 0.0126044 seconds
Number of updated asset objects reloaded before import = 0Number of asset objects unloaded after import = 2

========================================================================
Received Import Request.
  Time since last request: 0.000028 seconds.
  path: Assets/Office_Props/Materials/(Mat)GradientOrange.mat
  artifactKey: Guid(fb698345bbbc4d74ba2ca7b2bb59eb9d) Importer(815301076,1909f56bfc062723c751e8b465ee728b)
Start importing Assets/Office_Props/Materials/(Mat)GradientOrange.mat using Guid(fb698345bbbc4d74ba2ca7b2bb59eb9d) Importer(815301076,1909f56bfc062723c751e8b465ee728b) (PreviewImporter) -> (artifact id: 'd16eed3ff121badd979ede1116bcf33b') in 0.0176777 seconds
Number of updated asset objects reloaded before import = 0Number of asset objects unloaded after import = 2

Editor requested this worker to shutdown with reason: Scaling down because of idle timeout
AssetImportWorker is now disconnected from the server
Process exiting
Exiting without the bug reporter. Application will terminate with return code 0