Using pre-set license
Built from '6000.0/staging' branch; Version is '6000.0.58f1 (44b8bf3a3225) revision 4503743'; Using compiler version '193933523'; Build Type 'Release'
OS: 'Windows 10  (10.0.19045) 64bit ProfessionalEducation' Language: 'ru' Physical Memory: 32535 MB
BatchMode: 1, IsHumanControllingUs: 0, StartBugReporterOnCrash: 0, Is64bit: 1
Date: 2025-11-29T15:57:56Z

COMMAND LINE ARGUMENTS:
D:\UnityEditors\6000.0.58f1\Editor\Unity.exe
-adb2
-batchMode
-noUpm
-name
AssetImportWorker0
-projectPath
D:/projects_U/YaikoGame_Revive
-logFile
Logs/AssetImportWorker0.log
-srvPort
54693
-job-worker-count
7
-background-job-worker-count
8
-gc-helper-count
1
-name
AssetImport
Successfully changed project path to: D:/projects_U/YaikoGame_Revive
D:/projects_U/YaikoGame_Revive
[UnityMemory] Configuration Parameters - Can be set up in boot.config
    "memorysetup-bucket-allocator-granularity=16"
    "memorysetup-bucket-allocator-bucket-count=8"
    "memorysetup-bucket-allocator-block-size=33554432"
    "memorysetup-bucket-allocator-block-count=8"
    "memorysetup-main-allocator-block-size=16777216"
    "memorysetup-thread-allocator-block-size=16777216"
    "memorysetup-gfx-main-allocator-block-size=16777216"
    "memorysetup-gfx-thread-allocator-block-size=16777216"
    "memorysetup-cache-allocator-block-size=4194304"
    "memorysetup-typetree-allocator-block-size=2097152"
    "memorysetup-profiler-bucket-allocator-granularity=16"
    "memorysetup-profiler-bucket-allocator-bucket-count=8"
    "memorysetup-profiler-bucket-allocator-block-size=33554432"
    "memorysetup-profiler-bucket-allocator-block-count=8"
    "memorysetup-profiler-allocator-block-size=16777216"
    "memorysetup-profiler-editor-allocator-block-size=1048576"
    "memorysetup-temp-allocator-size-main=16777216"
    "memorysetup-job-temp-allocator-block-size=2097152"
    "memorysetup-job-temp-allocator-block-size-background=1048576"
    "memorysetup-job-temp-allocator-reduction-small-platforms=262144"
    "memorysetup-allocator-temp-initial-block-size-main=262144"
    "memorysetup-allocator-temp-initial-block-size-worker=262144"
    "memorysetup-temp-allocator-size-background-worker=32768"
    "memorysetup-temp-allocator-size-job-worker=262144"
    "memorysetup-temp-allocator-size-preload-manager=33554432"
    "memorysetup-temp-allocator-size-nav-mesh-worker=65536"
    "memorysetup-temp-allocator-size-audio-worker=65536"
    "memorysetup-temp-allocator-size-cloud-worker=32768"
    "memorysetup-temp-allocator-size-gi-baking-worker=262144"
    "memorysetup-temp-allocator-size-gi-baking-worker=262144"
    "memorysetup-temp-allocator-size-gi-baking-worker=262144"
    "memorysetup-temp-allocator-size-gi-baking-worker=262144"
    "memorysetup-temp-allocator-size-gi-baking-worker=262144"
    "memorysetup-temp-allocator-size-gfx=262144"
Player connection [6612]  Target information:

Player connection [6612]  * "[IP] 192.168.100.163 [Port] 0 [Flags] 2 [Guid] 631353077 [EditorId] 631353077 [Version] 1048832 [Id] WindowsEditor(7,DESKTOP-AR157Q0) [Debug] 1 [PackageName] WindowsEditor [ProjectName] Editor" 

Player connection [6612]  * "[IP] 26.204.231.216 [Port] 0 [Flags] 2 [Guid] 631353077 [EditorId] 631353077 [Version] 1048832 [Id] WindowsEditor(7,DESKTOP-AR157Q0) [Debug] 1 [PackageName] WindowsEditor [ProjectName] Editor" 

Player connection [6612] Host joined multi-casting on [225.0.0.222:54997]...
Player connection [6612] Host joined alternative multi-casting on [225.0.0.222:34997]...
JobSystem: Creating JobQueue using job-worker-count value 7
Input System module state changed to: Initialized.
[Physics::Module] Initialized fallback backend.
[Physics::Module] Id: 0xdecafbad
Library Redirect Path: Library/
[Physics::Module] Selected backend.
[Physics::Module] Name: PhysX
[Physics::Module] Id: 0xf2b8ea05
[Physics::Module] SDK Version: 4.1.2
[Physics::Module] Integration Version: 1.0.0
[Physics::Module] Threading Mode: Multi-Threaded
Refreshing native plugins compatible for Editor in 2.35 ms, found 3 plugins.
Preloading 0 native plugins for Editor in 0.00 ms.
Initialize engine version: 6000.0.58f1 (44b8bf3a3225)
[Subsystems] Discovering subsystems at path D:/UnityEditors/6000.0.58f1/Editor/Data/Resources/UnitySubsystems
[Subsystems] Discovering subsystems at path D:/projects_U/YaikoGame_Revive/Assets
GfxDevice: creating device client; kGfxThreadingModeNonThreaded
Direct3D:
    Version:  Direct3D 11.0 [level 11.1]
    Renderer: NVIDIA GeForce RTX 3060 (ID=0x2504)
    Vendor:   NVIDIA
    VRAM:     12115 MB
    Driver:   32.0.15.8180
Initialize mono
Mono path[0] = 'D:/UnityEditors/6000.0.58f1/Editor/Data/Managed'
Mono path[1] = 'D:/UnityEditors/6000.0.58f1/Editor/Data/MonoBleedingEdge/lib/mono/unityjit-win32'
Mono config path = 'D:/UnityEditors/6000.0.58f1/Editor/Data/MonoBleedingEdge/etc'
Using monoOptions --debugger-agent=transport=dt_socket,embedding=1,server=y,suspend=n,address=127.0.0.1:56036
Begin MonoManager ReloadAssembly
Registering precompiled unity dll's ...
Register platform support module: D:/UnityEditors/6000.0.58f1/Editor/Data/PlaybackEngines/WebGLSupport/UnityEditor.WebGL.Extensions.dll
Register platform support module: D:/UnityEditors/6000.0.58f1/Editor/Data/PlaybackEngines/WindowsStandaloneSupport/UnityEditor.WindowsStandalone.Extensions.dll
Register platform support module: D:/UnityEditors/6000.0.58f1/Editor/Data/PlaybackEngines/AndroidPlayer/UnityEditor.Android.Extensions.dll
Registered in 0.006198 seconds.
- Loaded All Assemblies, in  0.543 seconds
Native extension for Android target not found
Android Extension - Scanning For ADB Devices 267 ms
Native extension for WindowsStandalone target not found
Native extension for WebGL target not found
Mono: successfully reloaded assembly
- Finished resetting the current domain, in  0.702 seconds
Domain Reload Profiling: 1245ms
	BeginReloadAssembly (192ms)
		ExecutionOrderSort (0ms)
		DisableScriptedObjects (0ms)
		BackupInstance (0ms)
		ReleaseScriptingObjects (0ms)
		CreateAndSetChildDomain (1ms)
	RebuildCommonClasses (48ms)
	RebuildNativeTypeToScriptingClass (16ms)
	initialDomainReloadingComplete (65ms)
	LoadAllAssembliesAndSetupDomain (220ms)
		LoadAssemblies (195ms)
		RebuildTransferFunctionScriptingTraits (0ms)
		AnalyzeDomain (213ms)
			TypeCache.Refresh (211ms)
				TypeCache.ScanAssembly (194ms)
			BuildScriptInfoCaches (0ms)
			ResolveRequiredComponents (1ms)
	FinalizeReload (703ms)
		ReleaseScriptCaches (0ms)
		RebuildScriptCaches (0ms)
		SetupLoadedEditorAssemblies (637ms)
			LogAssemblyErrors (0ms)
			InitializePlatformSupportModulesInManaged (375ms)
			SetLoadedEditorAssemblies (3ms)
			BeforeProcessingInitializeOnLoad (42ms)
			ProcessInitializeOnLoadAttributes (144ms)
			ProcessInitializeOnLoadMethodAttributes (73ms)
			AfterProcessingInitializeOnLoad (0ms)
			EditorAssembliesLoaded (0ms)
		ExecutionOrderSort2 (0ms)
		AwakeInstancesAfterBackupRestoration (0ms)
Assembly reference Packages/com.unity.cinemachine/Editor/Samples/ExposeHDRPInternals/HDRP-Editor-ref.asmref has no target assembly definition
========================================================================
Worker process is ready to serve import requests
Import Worker Mode flag is 0x00
Assembly reference Packages/com.unity.cinemachine/Editor/Samples/ExposeHDRPInternals/HDRP-Editor-ref.asmref has no target assembly definition
Assembly reference Packages/com.unity.cinemachine/Editor/Samples/ExposeHDRPInternals/HDRP-Editor-ref.asmref has no target assembly definition
Begin MonoManager ReloadAssembly
- Loaded All Assemblies, in  1.099 seconds
Assembly reference Packages/com.unity.cinemachine/Editor/Samples/ExposeHDRPInternals/HDRP-Editor-ref.asmref has no target assembly definition
'Packages/com.unity.cinemachine/Editor/Obsolete/CinemachineVirtualCameraBaseEditor.cs' contains partial class of Unity.Object, exactly 1 of the partial classes needs to be in a file with the same filename. This is to know the one that can be referenced from ie. GameObjects
'Packages/com.unity.cinemachine/Editor/Editors/CinemachineVirtualCameraBaseEditor.cs' contains partial class of Unity.Object, exactly 1 of the partial classes needs to be in a file with the same filename. This is to know the one that can be referenced from ie. GameObjects
Refreshing native plugins compatible for Editor in 1.34 ms, found 3 plugins.
Missing types referenced from component UniversalRenderPipelineGlobalSettings on game object UniversalRenderPipelineGlobalSettings:
	UnityEngine.Rendering.LightmapSamplingSettings, Unity.RenderPipelines.Core.Runtime (1 object)
	UnityEngine.Rendering.RenderingDebuggerRuntimeResources, Unity.RenderPipelines.Core.Runtime (1 object)
	UnityEngine.Rendering.VrsRenderPipelineRuntimeResources, Unity.RenderPipelines.Core.Runtime (1 object)
Native extension for Android target not found
Native extension for WindowsStandalone target not found
Native extension for WebGL target not found
Assembly reference Packages/com.unity.cinemachine/Editor/Samples/ExposeHDRPInternals/HDRP-Editor-ref.asmref has no target assembly definition
Package Manager log level set to [2]
[Package Manager] Failed to launch server process. Reason: Unity was launched with the -noUpm command-line argument
[Package Manager] Unable to send message (not connected to server process).
[Package Manager] Cannot connect to Unity Package Manager local server
[Package Manager] Failed to launch server process. Reason: Unity was launched with the -noUpm command-line argument
[Package Manager] Unable to send message (not connected to server process).
[Package Manager] Cannot connect to Unity Package Manager local server
Mono: successfully reloaded assembly
- Finished resetting the current domain, in  1.165 seconds
Domain Reload Profiling: 2263ms
	BeginReloadAssembly (239ms)
		ExecutionOrderSort (0ms)
		DisableScriptedObjects (8ms)
		BackupInstance (0ms)
		ReleaseScriptingObjects (0ms)
		CreateAndSetChildDomain (31ms)
	RebuildCommonClasses (47ms)
	RebuildNativeTypeToScriptingClass (19ms)
	initialDomainReloadingComplete (49ms)
	LoadAllAssembliesAndSetupDomain (742ms)
		LoadAssemblies (526ms)
		RebuildTransferFunctionScriptingTraits (0ms)
		AnalyzeDomain (363ms)
			TypeCache.Refresh (268ms)
				TypeCache.ScanAssembly (245ms)
			BuildScriptInfoCaches (74ms)
			ResolveRequiredComponents (18ms)
	FinalizeReload (1166ms)
		ReleaseScriptCaches (0ms)
		RebuildScriptCaches (0ms)
		SetupLoadedEditorAssemblies (819ms)
			LogAssemblyErrors (0ms)
			InitializePlatformSupportModulesInManaged (21ms)
			SetLoadedEditorAssemblies (5ms)
			BeforeProcessingInitializeOnLoad (169ms)
			ProcessInitializeOnLoadAttributes (546ms)
			ProcessInitializeOnLoadMethodAttributes (74ms)
			AfterProcessingInitializeOnLoad (4ms)
			EditorAssembliesLoaded (0ms)
		ExecutionOrderSort2 (0ms)
		AwakeInstancesAfterBackupRestoration (8ms)
Launched and connected shader compiler UnityShaderCompiler.exe after 0.01 seconds
Refreshing native plugins compatible for Editor in 1.47 ms, found 3 plugins.
Preloading 0 native plugins for Editor in 0.00 ms.
Unloading 13 Unused Serialized files (Serialized files now loaded: 0)
Unloading 6605 unused Assets / (2.9 MB). Loaded Objects now: 7321.
Memory consumption went from 132.9 MB to 130.0 MB.
Total: 10.334500 ms (FindLiveObjects: 0.960000 ms CreateObjectMapping: 0.930100 ms MarkObjects: 6.119000 ms  DeleteObjects: 2.323300 ms)

========================================================================
Received Import Request.
  Time since last request: 342328.010744 seconds.
  path: Assets/Hovl Studio/Magic effects pack/Materials/Circle.mat
  artifactKey: Guid(4bab0f95134663b4c9c3dd73939c0ff1) Importer(815301076,1909f56bfc062723c751e8b465ee728b)
Start importing Assets/Hovl Studio/Magic effects pack/Materials/Circle.mat using Guid(4bab0f95134663b4c9c3dd73939c0ff1) Importer(815301076,1909f56bfc062723c751e8b465ee728b) (PreviewImporter) -> (artifact id: '8ef2105cc90de670e7d69a743d880066') in 0.7502091 seconds
Number of updated asset objects reloaded before import = 0Number of asset objects unloaded after import = 2

========================================================================
Received Import Request.
  Time since last request: 0.000058 seconds.
  path: Assets/Hovl Studio/Magic effects pack/Textures/Circle.png
  artifactKey: Guid(c4cf9c9f7cf52f6409ef75a08a4357ac) Importer(815301076,1909f56bfc062723c751e8b465ee728b)
Start importing Assets/Hovl Studio/Magic effects pack/Textures/Circle.png using Guid(c4cf9c9f7cf52f6409ef75a08a4357ac) Importer(815301076,1909f56bfc062723c751e8b465ee728b) (PreviewImporter) -> (artifact id: 'dfd219a11d3d7a5434e0c4779c809d15') in 0.0236391 seconds
Number of updated asset objects reloaded before import = 0Number of asset objects unloaded after import = 2

========================================================================
Received Import Request.
  Time since last request: 0.000041 seconds.
  path: Assets/Hovl Studio/Magic effects pack/Materials
  artifactKey: Guid(8c3bf0b682932da4daea2e3e160331a1) Importer(815301076,1909f56bfc062723c751e8b465ee728b)
Start importing Assets/Hovl Studio/Magic effects pack/Materials using Guid(8c3bf0b682932da4daea2e3e160331a1) Importer(815301076,1909f56bfc062723c751e8b465ee728b) (PreviewImporter) -> (artifact id: 'cca6860cb7a53de71e9656f458c34bea') in 0.0006722 seconds
Number of updated asset objects reloaded before import = 0Number of asset objects unloaded after import = 0

========================================================================
Received Import Request.
  Time since last request: 0.000028 seconds.
  path: Assets/Hovl Studio/Magic effects pack/Textures/Point1.png
  artifactKey: Guid(640e93060c8b460449dc5d4f16193387) Importer(815301076,1909f56bfc062723c751e8b465ee728b)
Start importing Assets/Hovl Studio/Magic effects pack/Textures/Point1.png using Guid(640e93060c8b460449dc5d4f16193387) Importer(815301076,1909f56bfc062723c751e8b465ee728b) (PreviewImporter) -> (artifact id: 'b198103643bbe5d6c7f98558f939f6f7') in 0.0117283 seconds
Number of updated asset objects reloaded before import = 0Number of asset objects unloaded after import = 2

========================================================================
Received Import Request.
  Time since last request: 0.000025 seconds.
  path: Assets/Hovl Studio/Magic effects pack
  artifactKey: Guid(9a0c7ef5cf781774ba89047f30044986) Importer(815301076,1909f56bfc062723c751e8b465ee728b)
Start importing Assets/Hovl Studio/Magic effects pack using Guid(9a0c7ef5cf781774ba89047f30044986) Importer(815301076,1909f56bfc062723c751e8b465ee728b) (PreviewImporter) -> (artifact id: '58b1d975358f8ca3f8af0e1f867c4b34') in 0.0007341 seconds
Number of updated asset objects reloaded before import = 0Number of asset objects unloaded after import = 0

========================================================================
Received Import Request.
  Time since last request: 0.000029 seconds.
  path: Assets/Hovl Studio/Magic effects pack/Materials/Point.mat
  artifactKey: Guid(e546d2d7171981b468cf29388d902e99) Importer(815301076,1909f56bfc062723c751e8b465ee728b)
Start importing Assets/Hovl Studio/Magic effects pack/Materials/Point.mat using Guid(e546d2d7171981b468cf29388d902e99) Importer(815301076,1909f56bfc062723c751e8b465ee728b) (PreviewImporter) -> (artifact id: '0a19f47d98355b3759deb6a8403c95d5') in 0.0464426 seconds
Number of updated asset objects reloaded before import = 0Number of asset objects unloaded after import = 2

========================================================================
Received Import Request.
  Time since last request: 0.692859 seconds.
  path: Assets/_Project
  artifactKey: Guid(009b5b8df7c57d54fbef8e1770687247) Importer(815301076,1909f56bfc062723c751e8b465ee728b)
Start importing Assets/_Project using Guid(009b5b8df7c57d54fbef8e1770687247) Importer(815301076,1909f56bfc062723c751e8b465ee728b) (PreviewImporter) -> (artifact id: '865947aac66bcecfdbbb9aed64cec0a8') in 0.0006131 seconds
Number of updated asset objects reloaded before import = 0Number of asset objects unloaded after import = 0

========================================================================
Received Import Request.
  Time since last request: 62.750208 seconds.
  path: Assets/Effects/BoxHitted.prefab
  artifactKey: Guid(3db4991d6ea3f8d42a09199f62c1b5e9) Importer(815301076,1909f56bfc062723c751e8b465ee728b)
Start importing Assets/Effects/BoxHitted.prefab using Guid(3db4991d6ea3f8d42a09199f62c1b5e9) Importer(815301076,1909f56bfc062723c751e8b465ee728b) (PreviewImporter) -> (artifact id: '9e4f84a114953d95024b191b3ab6b600') in 3.9745749 seconds
Number of updated asset objects reloaded before import = 0Number of asset objects unloaded after import = 30

========================================================================
Received Import Request.
  Time since last request: 1379.610619 seconds.
  path: Assets/GAME/Models/Materials/edison1joined-staklo.001.mat
  artifactKey: Guid(40a4f3e9580df6a4fa3c0e4321cc220e) Importer(815301076,1909f56bfc062723c751e8b465ee728b)
Start importing Assets/GAME/Models/Materials/edison1joined-staklo.001.mat using Guid(40a4f3e9580df6a4fa3c0e4321cc220e) Importer(815301076,1909f56bfc062723c751e8b465ee728b) (PreviewImporter) -> (artifact id: '6fa55d6dd66b28f45b37adb64b0aec7a') in 0.0213267 seconds
Number of updated asset objects reloaded before import = 0Number of asset objects unloaded after import = 1

========================================================================
Received Import Request.
  Time since last request: 0.089298 seconds.
  path: Assets/Nest/Meshes/Nest_11.fbx
  artifactKey: Guid(4316d3f6cd0317f40b835a74d998f439) Importer(815301076,1909f56bfc062723c751e8b465ee728b)
Start importing Assets/Nest/Meshes/Nest_11.fbx using Guid(4316d3f6cd0317f40b835a74d998f439) Importer(815301076,1909f56bfc062723c751e8b465ee728b) (PreviewImporter) -> (artifact id: '4560da5042656ed5978ca547294eb074') in 0.0908309 seconds
Number of updated asset objects reloaded before import = 0Number of asset objects unloaded after import = 67

========================================================================
Received Import Request.
  Time since last request: 0.039929 seconds.
  path: Assets/Nest/Materials/Egg_Orange_Mat.mat
  artifactKey: Guid(bde71d60149c1aa4bb3763d77778d124) Importer(815301076,1909f56bfc062723c751e8b465ee728b)
Start importing Assets/Nest/Materials/Egg_Orange_Mat.mat using Guid(bde71d60149c1aa4bb3763d77778d124) Importer(815301076,1909f56bfc062723c751e8b465ee728b) (PreviewImporter) -> (artifact id: '1e0302198c370fc98ac1461856eb1878') in 0.0180518 seconds
Number of updated asset objects reloaded before import = 0Number of asset objects unloaded after import = 1

========================================================================
Received Import Request.
  Time since last request: 0.000039 seconds.
  path: Assets/Epic_BlueSunset/Epic_BlueSunset Equirect.mat
  artifactKey: Guid(cdbb40e11399e4a17882ada20a1b896a) Importer(815301076,1909f56bfc062723c751e8b465ee728b)
Start importing Assets/Epic_BlueSunset/Epic_BlueSunset Equirect.mat using Guid(cdbb40e11399e4a17882ada20a1b896a) Importer(815301076,1909f56bfc062723c751e8b465ee728b) (PreviewImporter) -> (artifact id: '12f05c8d865dcf6297098ad3a5ce856a') in 0.0413708 seconds
Number of updated asset objects reloaded before import = 0Number of asset objects unloaded after import = 2

========================================================================
Received Import Request.
  Time since last request: 0.000043 seconds.
  path: Assets/LowPoly-Animals/Water/Fish_1/Materials/fish_1_v2.mat
  artifactKey: Guid(4b40c3c8824a21e46934796fd1ebabb8) Importer(815301076,1909f56bfc062723c751e8b465ee728b)
Start importing Assets/LowPoly-Animals/Water/Fish_1/Materials/fish_1_v2.mat using Guid(4b40c3c8824a21e46934796fd1ebabb8) Importer(815301076,1909f56bfc062723c751e8b465ee728b) (PreviewImporter) -> (artifact id: 'e6eb6fd1c0a8f72bedc26c262a19b730') in 0.0821014 seconds
Number of updated asset objects reloaded before import = 0Number of asset objects unloaded after import = 4

========================================================================
Received Import Request.
  Time since last request: 0.000036 seconds.
  path: Assets/Nest/Materials/Egg_Purple_Mat.mat
  artifactKey: Guid(5d78a4a58d499da42984ef342cdf59cb) Importer(815301076,1909f56bfc062723c751e8b465ee728b)
Start importing Assets/Nest/Materials/Egg_Purple_Mat.mat using Guid(5d78a4a58d499da42984ef342cdf59cb) Importer(815301076,1909f56bfc062723c751e8b465ee728b) (PreviewImporter) -> (artifact id: '9e83fe5fcdf7869099b85a3b0e0ff49a') in 0.0186264 seconds
Number of updated asset objects reloaded before import = 0Number of asset objects unloaded after import = 1

========================================================================
Received Import Request.
  Time since last request: 0.000034 seconds.
  path: Assets/LowPoly-Animals/Water/Fish_2/Materials/fish_2_v3.mat
  artifactKey: Guid(0398e772dd820c046ad86bcc6dc8ff65) Importer(815301076,1909f56bfc062723c751e8b465ee728b)
Start importing Assets/LowPoly-Animals/Water/Fish_2/Materials/fish_2_v3.mat using Guid(0398e772dd820c046ad86bcc6dc8ff65) Importer(815301076,1909f56bfc062723c751e8b465ee728b) (PreviewImporter) -> (artifact id: '38d01ca2c79e2458e0a63ddb73981426') in 0.0300256 seconds
Number of updated asset objects reloaded before import = 0Number of asset objects unloaded after import = 2

========================================================================
Received Import Request.
  Time since last request: 0.000039 seconds.
  path: Assets/Epic_BlueSunset/Epic_BlueSunset.mat
  artifactKey: Guid(7416536dbe0334cfd888dd1beb75a9fb) Importer(815301076,1909f56bfc062723c751e8b465ee728b)
Start importing Assets/Epic_BlueSunset/Epic_BlueSunset.mat using Guid(7416536dbe0334cfd888dd1beb75a9fb) Importer(815301076,1909f56bfc062723c751e8b465ee728b) (PreviewImporter) -> (artifact id: '71435e048ece2c5e769f66df7d2c595f') in 0.0423827 seconds
Number of updated asset objects reloaded before import = 0Number of asset objects unloaded after import = 7

========================================================================
Received Import Request.
  Time since last request: 0.000030 seconds.
  path: Assets/LowPoly-Animals/Water/Fish_2/Materials/fish_2_v4.mat
  artifactKey: Guid(a9ad00dab4e26814481031655b374dea) Importer(815301076,1909f56bfc062723c751e8b465ee728b)
Start importing Assets/LowPoly-Animals/Water/Fish_2/Materials/fish_2_v4.mat using Guid(a9ad00dab4e26814481031655b374dea) Importer(815301076,1909f56bfc062723c751e8b465ee728b) (PreviewImporter) -> (artifact id: 'a5b878bc68e46c341fd9c6b17f541c4d') in 0.0287214 seconds
Number of updated asset objects reloaded before import = 0Number of asset objects unloaded after import = 2

========================================================================
Received Import Request.
  Time since last request: 0.000029 seconds.
  path: Assets/LowPoly-Animals/Water/Fish_2/Materials/fish_2_v5.mat
  artifactKey: Guid(ca5506ebafbabad47b799ad069e3d514) Importer(815301076,1909f56bfc062723c751e8b465ee728b)
Start importing Assets/LowPoly-Animals/Water/Fish_2/Materials/fish_2_v5.mat using Guid(ca5506ebafbabad47b799ad069e3d514) Importer(815301076,1909f56bfc062723c751e8b465ee728b) (PreviewImporter) -> (artifact id: '9dfd38de9bda7400289be750a930d572') in 0.0316323 seconds
Number of updated asset objects reloaded before import = 0Number of asset objects unloaded after import = 2

========================================================================
Received Import Request.
  Time since last request: 0.000037 seconds.
  path: Assets/LowPoly-Animals/Water/Fish_1/Materials/fish_1_v4.mat
  artifactKey: Guid(65df06cd968577042a54d4eba3d2b08b) Importer(815301076,1909f56bfc062723c751e8b465ee728b)
Start importing Assets/LowPoly-Animals/Water/Fish_1/Materials/fish_1_v4.mat using Guid(65df06cd968577042a54d4eba3d2b08b) Importer(815301076,1909f56bfc062723c751e8b465ee728b) (PreviewImporter) -> (artifact id: '03939635c3d2ad61a2070bc373f23f60') in 0.0450997 seconds
Number of updated asset objects reloaded before import = 0Number of asset objects unloaded after import = 4

========================================================================
Received Import Request.
  Time since last request: 0.000046 seconds.
  path: Assets/LowPoly-Animals/Water/Fish_2/Materials/fish_2_v2.mat
  artifactKey: Guid(0c5a04f787340ac41abc27a9960c2ebb) Importer(815301076,1909f56bfc062723c751e8b465ee728b)
Start importing Assets/LowPoly-Animals/Water/Fish_2/Materials/fish_2_v2.mat using Guid(0c5a04f787340ac41abc27a9960c2ebb) Importer(815301076,1909f56bfc062723c751e8b465ee728b) (PreviewImporter) -> (artifact id: 'ac4c8aaffdec4557fd0af39f9ed76276') in 0.0319158 seconds
Number of updated asset objects reloaded before import = 0Number of asset objects unloaded after import = 2

========================================================================
Received Import Request.
  Time since last request: 0.000030 seconds.
  path: Assets/LowPoly-Animals/Water/Dolphin/Materials/Dolphin_Mat_v4.mat
  artifactKey: Guid(43fa39eb5b2a96f4392c4e81f2db8191) Importer(815301076,1909f56bfc062723c751e8b465ee728b)
Start importing Assets/LowPoly-Animals/Water/Dolphin/Materials/Dolphin_Mat_v4.mat using Guid(43fa39eb5b2a96f4392c4e81f2db8191) Importer(815301076,1909f56bfc062723c751e8b465ee728b) (PreviewImporter) -> (artifact id: '38dc783627680a13a07b80f549f4e353') in 0.029656 seconds
Number of updated asset objects reloaded before import = 0Number of asset objects unloaded after import = 2

========================================================================
Received Import Request.
  Time since last request: 0.000029 seconds.
  path: Assets/LowPoly-Animals/Water/Dolphin/Materials/Dolphin_Mat_v1.mat
  artifactKey: Guid(e4b6a919c1ddace419970f6c05aadf5f) Importer(815301076,1909f56bfc062723c751e8b465ee728b)
Start importing Assets/LowPoly-Animals/Water/Dolphin/Materials/Dolphin_Mat_v1.mat using Guid(e4b6a919c1ddace419970f6c05aadf5f) Importer(815301076,1909f56bfc062723c751e8b465ee728b) (PreviewImporter) -> (artifact id: '776ed8c86bde35c6f0a79b879b3faca5') in 0.0305551 seconds
Number of updated asset objects reloaded before import = 0Number of asset objects unloaded after import = 2

========================================================================
Received Import Request.
  Time since last request: 0.000058 seconds.
  path: Assets/LowPoly-Animals/Water/Dolphin/Materials/Dolphin_Mat_v2.mat
  artifactKey: Guid(da10623be2a801240a0b0ea40f25d010) Importer(815301076,1909f56bfc062723c751e8b465ee728b)
Start importing Assets/LowPoly-Animals/Water/Dolphin/Materials/Dolphin_Mat_v2.mat using Guid(da10623be2a801240a0b0ea40f25d010) Importer(815301076,1909f56bfc062723c751e8b465ee728b) (PreviewImporter) -> (artifact id: '2262d0453968387d7508805537a491e5') in 0.0352171 seconds
Number of updated asset objects reloaded before import = 0Number of asset objects unloaded after import = 2

========================================================================
Received Import Request.
  Time since last request: 0.000048 seconds.
  path: Assets/LowPoly-Animals/Water/Dolphin/Dolfin_Animated.fbx
  artifactKey: Guid(022485f29bd7da742a91f941d60320e9) Importer(815301076,1909f56bfc062723c751e8b465ee728b)
Start importing Assets/LowPoly-Animals/Water/Dolphin/Dolfin_Animated.fbx using Guid(022485f29bd7da742a91f941d60320e9) Importer(815301076,1909f56bfc062723c751e8b465ee728b) (PreviewImporter) -> (artifact id: 'ef78513b7fd22df0ce3bdbbc7eb6f519') in 0.0620281 seconds
Number of updated asset objects reloaded before import = 0Number of asset objects unloaded after import = 51

========================================================================
Received Import Request.
  Time since last request: 0.000031 seconds.
  path: Assets/GAME/Models/Materials/edison1joined-BMD_BrushedSteel_0011.mat
  artifactKey: Guid(16d5512933a590840b87ab62934a04da) Importer(815301076,1909f56bfc062723c751e8b465ee728b)
Start importing Assets/GAME/Models/Materials/edison1joined-BMD_BrushedSteel_0011.mat using Guid(16d5512933a590840b87ab62934a04da) Importer(815301076,1909f56bfc062723c751e8b465ee728b) (PreviewImporter) -> (artifact id: 'd6f68df140407c3e814202b24bea9d03') in 0.0175116 seconds
Number of updated asset objects reloaded before import = 0Number of asset objects unloaded after import = 1

========================================================================
Received Import Request.
  Time since last request: 0.000030 seconds.
  path: Assets/Desert Pack/Materials/CubeParticlesDesert.mat
  artifactKey: Guid(1d13699a40edd244080be7667d805d4d) Importer(815301076,1909f56bfc062723c751e8b465ee728b)
Start importing Assets/Desert Pack/Materials/CubeParticlesDesert.mat using Guid(1d13699a40edd244080be7667d805d4d) Importer(815301076,1909f56bfc062723c751e8b465ee728b) (PreviewImporter) -> (artifact id: '815574c56190af7ccd313fb4176796bf') in 0.0414579 seconds
Number of updated asset objects reloaded before import = 0Number of asset objects unloaded after import = 2

========================================================================
Received Import Request.
  Time since last request: 0.000031 seconds.
  path: Assets/UniversalAssets/JMO Assets/Cartoon FX Remaster/CFXR Assets/Graphics/cfxr stretch trait hdr ab.mat
  artifactKey: Guid(e58b05bbb47341847a331e7b5b579772) Importer(815301076,1909f56bfc062723c751e8b465ee728b)
Start importing Assets/UniversalAssets/JMO Assets/Cartoon FX Remaster/CFXR Assets/Graphics/cfxr stretch trait hdr ab.mat using Guid(e58b05bbb47341847a331e7b5b579772) Importer(815301076,1909f56bfc062723c751e8b465ee728b) (PreviewImporter) -> (artifact id: 'fb585038aad620d6b20b4ec2f8bcaec6') in 0.0638089 seconds
Number of updated asset objects reloaded before import = 0Number of asset objects unloaded after import = 3

========================================================================
Received Import Request.
  Time since last request: 0.000029 seconds.
  path: Assets/UniversalAssets/JMO Assets/Cartoon FX (legacy)/Materials/Stretched/CFX_Ray.mat
  artifactKey: Guid(aee57ce24bf40bb4ba8b07e4535eaeb6) Importer(815301076,1909f56bfc062723c751e8b465ee728b)
Start importing Assets/UniversalAssets/JMO Assets/Cartoon FX (legacy)/Materials/Stretched/CFX_Ray.mat using Guid(aee57ce24bf40bb4ba8b07e4535eaeb6) Importer(815301076,1909f56bfc062723c751e8b465ee728b) (PreviewImporter) -> (artifact id: '416b7f4da5e00e96e913ff82c61d56e3') in 0.0196763 seconds
Number of updated asset objects reloaded before import = 0Number of asset objects unloaded after import = 2

========================================================================
Received Import Request.
  Time since last request: 0.000038 seconds.
  path: Assets/UniversalAssets/JMO Assets/Cartoon FX (legacy)/Materials/Misc/CFX_Star Add.mat
  artifactKey: Guid(28bd8c3c14d3f214da37557b91e0fa5d) Importer(815301076,1909f56bfc062723c751e8b465ee728b)
Start importing Assets/UniversalAssets/JMO Assets/Cartoon FX (legacy)/Materials/Misc/CFX_Star Add.mat using Guid(28bd8c3c14d3f214da37557b91e0fa5d) Importer(815301076,1909f56bfc062723c751e8b465ee728b) (PreviewImporter) -> (artifact id: '2fef97d48cb91ce20fb558ad965ac49c') in 0.0200459 seconds
Number of updated asset objects reloaded before import = 0Number of asset objects unloaded after import = 2

========================================================================
Received Import Request.
  Time since last request: 0.000032 seconds.
  path: Assets/UniversalAssets/JMO Assets/Cartoon FX Remaster/CFXR Assets/Graphics/cfxr smoke cloud x4 hdr ab.mat
  artifactKey: Guid(f3bebc0cfc3da6947a78607230b8d2a3) Importer(815301076,1909f56bfc062723c751e8b465ee728b)
Start importing Assets/UniversalAssets/JMO Assets/Cartoon FX Remaster/CFXR Assets/Graphics/cfxr smoke cloud x4 hdr ab.mat using Guid(f3bebc0cfc3da6947a78607230b8d2a3) Importer(815301076,1909f56bfc062723c751e8b465ee728b) (PreviewImporter) -> (artifact id: 'a9b50287b71684d610e9f1edea55ab77') in 0.0957808 seconds
Number of updated asset objects reloaded before import = 0Number of asset objects unloaded after import = 4

========================================================================
Received Import Request.
  Time since last request: 0.000028 seconds.
  path: Assets/UniversalAssets/JMO Assets/Cartoon FX (legacy)/Materials/Misc/CFX_Bubble.mat
  artifactKey: Guid(2656ffd617a68d949a7600cc66478917) Importer(815301076,1909f56bfc062723c751e8b465ee728b)
Start importing Assets/UniversalAssets/JMO Assets/Cartoon FX (legacy)/Materials/Misc/CFX_Bubble.mat using Guid(2656ffd617a68d949a7600cc66478917) Importer(815301076,1909f56bfc062723c751e8b465ee728b) (PreviewImporter) -> (artifact id: '6c206d5f60d7dc4c5a4fc5372b0e674c') in 0.0165685 seconds
Number of updated asset objects reloaded before import = 0Number of asset objects unloaded after import = 2

========================================================================
Received Import Request.
  Time since last request: 0.000050 seconds.
  path: Assets/GAME/Models/Materials/edison1joined-Material.002.mat
  artifactKey: Guid(846a8176b4cd87949a9a7f7a72718643) Importer(815301076,1909f56bfc062723c751e8b465ee728b)
Start importing Assets/GAME/Models/Materials/edison1joined-Material.002.mat using Guid(846a8176b4cd87949a9a7f7a72718643) Importer(815301076,1909f56bfc062723c751e8b465ee728b) (PreviewImporter) -> (artifact id: '7e2cc7232a0e58d8f0d27abf30193846') in 0.0172095 seconds
Number of updated asset objects reloaded before import = 0Number of asset objects unloaded after import = 1

========================================================================
Received Import Request.
  Time since last request: 0.000028 seconds.
  path: Assets/Desert Pack/Materials/ColorPaletteNOTEAM.mat
  artifactKey: Guid(81f52d79120604d4fb0609b14e9ffe15) Importer(815301076,1909f56bfc062723c751e8b465ee728b)
Start importing Assets/Desert Pack/Materials/ColorPaletteNOTEAM.mat using Guid(81f52d79120604d4fb0609b14e9ffe15) Importer(815301076,1909f56bfc062723c751e8b465ee728b) (PreviewImporter) -> (artifact id: '24186879dd0816847d75d479666e0b8a') in 0.0193472 seconds
Number of updated asset objects reloaded before import = 0Number of asset objects unloaded after import = 2

========================================================================
Received Import Request.
  Time since last request: 0.000032 seconds.
  path: Assets/Desert Pack/Materials/ColorPaletteBLUE.mat
  artifactKey: Guid(1ec2e18e91ff6354baa4f9df6999904a) Importer(815301076,1909f56bfc062723c751e8b465ee728b)
Start importing Assets/Desert Pack/Materials/ColorPaletteBLUE.mat using Guid(1ec2e18e91ff6354baa4f9df6999904a) Importer(815301076,1909f56bfc062723c751e8b465ee728b) (PreviewImporter) -> (artifact id: 'e24b43b3f47f34422fd58510306865a8') in 0.0176684 seconds
Number of updated asset objects reloaded before import = 0Number of asset objects unloaded after import = 2

========================================================================
Received Import Request.
  Time since last request: 0.000033 seconds.
  path: Assets/TextMesh Pro/Examples & Extras/Resources/Fonts & Materials/Bangers SDF Glow.mat
  artifactKey: Guid(d75b8f41e959450c84ac6e967084d3e1) Importer(815301076,1909f56bfc062723c751e8b465ee728b)
Start importing Assets/TextMesh Pro/Examples & Extras/Resources/Fonts & Materials/Bangers SDF Glow.mat using Guid(d75b8f41e959450c84ac6e967084d3e1) Importer(815301076,1909f56bfc062723c751e8b465ee728b) (PreviewImporter) -> (artifact id: 'c57a049926d1fcb3b5368f615f024363') in 0.0944646 seconds
Number of updated asset objects reloaded before import = 0Number of asset objects unloaded after import = 3

========================================================================
Received Import Request.
  Time since last request: 0.000042 seconds.
  path: Assets/TextMesh Pro/Examples & Extras/Resources/Fonts & Materials/Anton SDF - Outline.mat
  artifactKey: Guid(a00013af81304728b2be1f4309ee2433) Importer(815301076,1909f56bfc062723c751e8b465ee728b)
Start importing Assets/TextMesh Pro/Examples & Extras/Resources/Fonts & Materials/Anton SDF - Outline.mat using Guid(a00013af81304728b2be1f4309ee2433) Importer(815301076,1909f56bfc062723c751e8b465ee728b) (PreviewImporter) -> (artifact id: '7e14eaa5e3824bd67648f20eee0b5e8f') in 0.0278077 seconds
Number of updated asset objects reloaded before import = 0Number of asset objects unloaded after import = 2

========================================================================
Received Import Request.
  Time since last request: 0.000029 seconds.
  path: Assets/TextMesh Pro/Examples & Extras/Materials/Crate - URP.mat
  artifactKey: Guid(3b5cc91c3bf8cf74391252247f52fb59) Importer(815301076,1909f56bfc062723c751e8b465ee728b)
Start importing Assets/TextMesh Pro/Examples & Extras/Materials/Crate - URP.mat using Guid(3b5cc91c3bf8cf74391252247f52fb59) Importer(815301076,1909f56bfc062723c751e8b465ee728b) (PreviewImporter) -> (artifact id: 'a3f9e3d9f5994a6d69a8bdc5d1c2ba49') in 0.0350526 seconds
Number of updated asset objects reloaded before import = 0Number of asset objects unloaded after import = 3

========================================================================
Received Import Request.
  Time since last request: 0.000030 seconds.
  path: Assets/LeanTween/Examples/Models/Materials/eanTween.mat
  artifactKey: Guid(f619dcfcfb4564405b5fe5ea207c9199) Importer(815301076,1909f56bfc062723c751e8b465ee728b)
Start importing Assets/LeanTween/Examples/Models/Materials/eanTween.mat using Guid(f619dcfcfb4564405b5fe5ea207c9199) Importer(815301076,1909f56bfc062723c751e8b465ee728b) (PreviewImporter) -> (artifact id: '75d0628185c860b9a149e15838eb1a63') in 0.0190397 seconds
Number of updated asset objects reloaded before import = 0Number of asset objects unloaded after import = 1

========================================================================
Received Import Request.
  Time since last request: 0.000033 seconds.
  path: Assets/Nest/Materials/Egg_Green_Mat.mat
  artifactKey: Guid(31dd860e412b0964d8c3d26968e743da) Importer(815301076,1909f56bfc062723c751e8b465ee728b)
Start importing Assets/Nest/Materials/Egg_Green_Mat.mat using Guid(31dd860e412b0964d8c3d26968e743da) Importer(815301076,1909f56bfc062723c751e8b465ee728b) (PreviewImporter) -> (artifact id: 'bf25e402dbf2b4db957eafde5c4fe339') in 0.016866 seconds
Number of updated asset objects reloaded before import = 0Number of asset objects unloaded after import = 1

========================================================================
Received Import Request.
  Time since last request: 0.000045 seconds.
  path: Assets/LowPoly-Animals/Water/Dolphin/Materials/Dolphin_Mat_v3.mat
  artifactKey: Guid(8e05bdd67a374bb49ad4b52d10b7fa2a) Importer(815301076,1909f56bfc062723c751e8b465ee728b)
Start importing Assets/LowPoly-Animals/Water/Dolphin/Materials/Dolphin_Mat_v3.mat using Guid(8e05bdd67a374bb49ad4b52d10b7fa2a) Importer(815301076,1909f56bfc062723c751e8b465ee728b) (PreviewImporter) -> (artifact id: '5bab60f58f2b9f76e43b67b518268fbb') in 0.0295037 seconds
Number of updated asset objects reloaded before import = 0Number of asset objects unloaded after import = 2

========================================================================
Received Import Request.
  Time since last request: 0.000032 seconds.
  path: Assets/Nest/Materials/Egg_White_Mat.mat
  artifactKey: Guid(d1b4e5bce733f0a468a419073b207a0e) Importer(815301076,1909f56bfc062723c751e8b465ee728b)
Start importing Assets/Nest/Materials/Egg_White_Mat.mat using Guid(d1b4e5bce733f0a468a419073b207a0e) Importer(815301076,1909f56bfc062723c751e8b465ee728b) (PreviewImporter) -> (artifact id: '7b699a9c78e2111ee2cb932ae0209059') in 0.0181294 seconds
Number of updated asset objects reloaded before import = 0Number of asset objects unloaded after import = 1

========================================================================
Received Import Request.
  Time since last request: 0.000058 seconds.
  path: Assets/TextMesh Pro/Examples & Extras/Resources/Fonts & Materials/Bangers SDF Logo - URP.mat
  artifactKey: Guid(6751ce1a4611b3940812c13a6847d94f) Importer(815301076,1909f56bfc062723c751e8b465ee728b)
Start importing Assets/TextMesh Pro/Examples & Extras/Resources/Fonts & Materials/Bangers SDF Logo - URP.mat using Guid(6751ce1a4611b3940812c13a6847d94f) Importer(815301076,1909f56bfc062723c751e8b465ee728b) (PreviewImporter) -> (artifact id: 'bdd294abef9926f7713767dbf7d46c9c') in 0.1351432 seconds
Number of updated asset objects reloaded before import = 0Number of asset objects unloaded after import = 5

========================================================================
Received Import Request.
  Time since last request: 0.000035 seconds.
  path: Assets/UniversalAssets/JMO Assets/Cartoon FX (legacy)/Materials/Animated/CFX_Anim_Poof_AddSoft.mat
  artifactKey: Guid(74a6f6cd13c058a43858627e5383715e) Importer(815301076,1909f56bfc062723c751e8b465ee728b)
Start importing Assets/UniversalAssets/JMO Assets/Cartoon FX (legacy)/Materials/Animated/CFX_Anim_Poof_AddSoft.mat using Guid(74a6f6cd13c058a43858627e5383715e) Importer(815301076,1909f56bfc062723c751e8b465ee728b) (PreviewImporter) -> (artifact id: '80c7527b4066aa8e1326e0a134660a46') in 0.0169176 seconds
Number of updated asset objects reloaded before import = 0Number of asset objects unloaded after import = 2

========================================================================
Received Import Request.
  Time since last request: 0.000045 seconds.
  path: Assets/UniversalAssets/JMO Assets/Cartoon FX Remaster/CFXR Assets/Graphics/cfxr spikes impact ab.mat
  artifactKey: Guid(79d0c47029980c04caed1c1327f99c17) Importer(815301076,1909f56bfc062723c751e8b465ee728b)
Start importing Assets/UniversalAssets/JMO Assets/Cartoon FX Remaster/CFXR Assets/Graphics/cfxr spikes impact ab.mat using Guid(79d0c47029980c04caed1c1327f99c17) Importer(815301076,1909f56bfc062723c751e8b465ee728b) (PreviewImporter) -> (artifact id: 'c58ce2da7632078ddfa5af9973d58e8c') in 0.0205724 seconds
Number of updated asset objects reloaded before import = 0Number of asset objects unloaded after import = 3

========================================================================
Received Import Request.
  Time since last request: 0.000042 seconds.
  path: Assets/Office_Props/Materials/(Mat)MetallicBlack.mat
  artifactKey: Guid(31e87d42f3ffa2546b1f527e7a0a4b9d) Importer(815301076,1909f56bfc062723c751e8b465ee728b)
Start importing Assets/Office_Props/Materials/(Mat)MetallicBlack.mat using Guid(31e87d42f3ffa2546b1f527e7a0a4b9d) Importer(815301076,1909f56bfc062723c751e8b465ee728b) (PreviewImporter) -> (artifact id: 'b4967f141fdc6bccd02baf92704a40a9') in 0.0181077 seconds
Number of updated asset objects reloaded before import = 0Number of asset objects unloaded after import = 1

========================================================================
Received Import Request.
  Time since last request: 0.000027 seconds.
  path: Assets/LeanTween/Examples/Material/AlphaReadyMaterial.mat
  artifactKey: Guid(61731bf38a6fa4d66b536bc03fc8eb3f) Importer(815301076,1909f56bfc062723c751e8b465ee728b)
Start importing Assets/LeanTween/Examples/Material/AlphaReadyMaterial.mat using Guid(61731bf38a6fa4d66b536bc03fc8eb3f) Importer(815301076,1909f56bfc062723c751e8b465ee728b) (PreviewImporter) -> (artifact id: '13e6f81e257a90e04aa316a827ba0e74') in 0.0098605 seconds
Number of updated asset objects reloaded before import = 0Number of asset objects unloaded after import = 1

========================================================================
Received Import Request.
  Time since last request: 0.000041 seconds.
  path: Assets/Office_Props/Materials/(Mat)GradientYellow.mat
  artifactKey: Guid(e03c61940200c9b428ea54b9134ba0a7) Importer(815301076,1909f56bfc062723c751e8b465ee728b)
Start importing Assets/Office_Props/Materials/(Mat)GradientYellow.mat using Guid(e03c61940200c9b428ea54b9134ba0a7) Importer(815301076,1909f56bfc062723c751e8b465ee728b) (PreviewImporter) -> (artifact id: 'cf15fba75ee30b97097d1a321e6d2416') in 0.0193407 seconds
Number of updated asset objects reloaded before import = 0Number of asset objects unloaded after import = 2

========================================================================
Received Import Request.
  Time since last request: 0.000043 seconds.
  path: Assets/Office_Props/Materials/(Mat)Skybox.mat
  artifactKey: Guid(f5b880b2bccf7364cbc645f81894becd) Importer(815301076,1909f56bfc062723c751e8b465ee728b)
Start importing Assets/Office_Props/Materials/(Mat)Skybox.mat using Guid(f5b880b2bccf7364cbc645f81894becd) Importer(815301076,1909f56bfc062723c751e8b465ee728b) (PreviewImporter) -> (artifact id: 'dee99183bd60bdee120c08e588a74bed') in 0.0771543 seconds
Number of updated asset objects reloaded before import = 0Number of asset objects unloaded after import = 1

========================================================================
Received Import Request.
  Time since last request: 0.000024 seconds.
  path: Assets/Office_Props/Materials/(Mat)GradientDarkGrey.mat
  artifactKey: Guid(eecaa3198cbebd74e8cd79d0f71765cc) Importer(815301076,1909f56bfc062723c751e8b465ee728b)
Start importing Assets/Office_Props/Materials/(Mat)GradientDarkGrey.mat using Guid(eecaa3198cbebd74e8cd79d0f71765cc) Importer(815301076,1909f56bfc062723c751e8b465ee728b) (PreviewImporter) -> (artifact id: '0f8d5d36d4afffa6fcd937c91690bf0a') in 0.0186766 seconds
Number of updated asset objects reloaded before import = 0Number of asset objects unloaded after import = 2

========================================================================
Received Import Request.
  Time since last request: 0.000033 seconds.
  path: Assets/Office_Props/Materials/(Mat)GradientBeige.mat
  artifactKey: Guid(eb0f168ce60c9424896bd8c33ac3f2c9) Importer(815301076,1909f56bfc062723c751e8b465ee728b)
Start importing Assets/Office_Props/Materials/(Mat)GradientBeige.mat using Guid(eb0f168ce60c9424896bd8c33ac3f2c9) Importer(815301076,1909f56bfc062723c751e8b465ee728b) (PreviewImporter) -> (artifact id: '31acb7cd5a2c553a6f8bd7058d0d52b0') in 0.0195002 seconds
Number of updated asset objects reloaded before import = 0Number of asset objects unloaded after import = 2

========================================================================
Received Import Request.
  Time since last request: 0.000031 seconds.
  path: Assets/Office_Props/Materials/(Mat)GradientBlack.mat
  artifactKey: Guid(7f64eac4bd640ef44ae0187dbfcb4089) Importer(815301076,1909f56bfc062723c751e8b465ee728b)
Start importing Assets/Office_Props/Materials/(Mat)GradientBlack.mat using Guid(7f64eac4bd640ef44ae0187dbfcb4089) Importer(815301076,1909f56bfc062723c751e8b465ee728b) (PreviewImporter) -> (artifact id: '3245dc3d8a33e4597c9c14d0f1805811') in 0.0200702 seconds
Number of updated asset objects reloaded before import = 0Number of asset objects unloaded after import = 2

========================================================================
Received Import Request.
  Time since last request: 0.000133 seconds.
  path: Assets/Office_Props/Materials/(Mat)GradientDarkGreen.mat
  artifactKey: Guid(95d691d1ae476e049b3ca1db2f7b4c0d) Importer(815301076,1909f56bfc062723c751e8b465ee728b)
Start importing Assets/Office_Props/Materials/(Mat)GradientDarkGreen.mat using Guid(95d691d1ae476e049b3ca1db2f7b4c0d) Importer(815301076,1909f56bfc062723c751e8b465ee728b) (PreviewImporter) -> (artifact id: '52cee5e99bd368df2c4b974060ec4f01') in 0.0184283 seconds
Number of updated asset objects reloaded before import = 0Number of asset objects unloaded after import = 2

========================================================================
Received Import Request.
  Time since last request: 0.000029 seconds.
  path: Assets/LeanTween/Examples/Material/AlphBumps.mat
  artifactKey: Guid(12c720f1dd5674502bc1185ff99b70f9) Importer(815301076,1909f56bfc062723c751e8b465ee728b)
Start importing Assets/LeanTween/Examples/Material/AlphBumps.mat using Guid(12c720f1dd5674502bc1185ff99b70f9) Importer(815301076,1909f56bfc062723c751e8b465ee728b) (PreviewImporter) -> (artifact id: '5d803d0d8a4e0ceee4cbf39250d32d41') in 0.010447 seconds
Number of updated asset objects reloaded before import = 0Number of asset objects unloaded after import = 1

========================================================================
Received Import Request.
  Time since last request: 0.000030 seconds.
  path: Assets/TextMesh Pro/Examples & Extras/Resources/Fonts & Materials/Anton SDF - Drop Shadow.mat
  artifactKey: Guid(749b9069dc4742c5bfa5c74644049926) Importer(815301076,1909f56bfc062723c751e8b465ee728b)
Start importing Assets/TextMesh Pro/Examples & Extras/Resources/Fonts & Materials/Anton SDF - Drop Shadow.mat using Guid(749b9069dc4742c5bfa5c74644049926) Importer(815301076,1909f56bfc062723c751e8b465ee728b) (PreviewImporter) -> (artifact id: '2a1e9c5864b8cf2ab4821edca84d133a') in 0.0275017 seconds
Number of updated asset objects reloaded before import = 0Number of asset objects unloaded after import = 2

========================================================================
Received Import Request.
  Time since last request: 0.000031 seconds.
  path: Assets/Office_Props/Materials/(Mat)EmissiveWarm.mat
  artifactKey: Guid(ad2591d1028f32d4a8bae13135f480f7) Importer(815301076,1909f56bfc062723c751e8b465ee728b)
Start importing Assets/Office_Props/Materials/(Mat)EmissiveWarm.mat using Guid(ad2591d1028f32d4a8bae13135f480f7) Importer(815301076,1909f56bfc062723c751e8b465ee728b) (PreviewImporter) -> (artifact id: '3873a952e06ff4f2e15edac00e7ef6a0') in 0.022892 seconds
Number of updated asset objects reloaded before import = 0Number of asset objects unloaded after import = 1

========================================================================
Received Import Request.
  Time since last request: 0.000046 seconds.
  path: Assets/Office_Props/Materials/(Mat)GradientGrey.mat
  artifactKey: Guid(3441f6441092d3c459a48c3c48ea63c6) Importer(815301076,1909f56bfc062723c751e8b465ee728b)
Start importing Assets/Office_Props/Materials/(Mat)GradientGrey.mat using Guid(3441f6441092d3c459a48c3c48ea63c6) Importer(815301076,1909f56bfc062723c751e8b465ee728b) (PreviewImporter) -> (artifact id: '93cba9b54b1a502c36aae9dcc12220ab') in 0.0185142 seconds
Number of updated asset objects reloaded before import = 0Number of asset objects unloaded after import = 2

========================================================================
Received Import Request.
  Time since last request: 0.000028 seconds.
  path: Assets/UniversalAssets/JMO Assets/Cartoon FX Remaster/CFXR Assets/Graphics/cfxr smoke cloud x4 ab.mat
  artifactKey: Guid(7840d900dc0a4ed4dbcd26e23f064dd8) Importer(815301076,1909f56bfc062723c751e8b465ee728b)
Start importing Assets/UniversalAssets/JMO Assets/Cartoon FX Remaster/CFXR Assets/Graphics/cfxr smoke cloud x4 ab.mat using Guid(7840d900dc0a4ed4dbcd26e23f064dd8) Importer(815301076,1909f56bfc062723c751e8b465ee728b) (PreviewImporter) -> (artifact id: 'db92dd43a3f1accd6875c1de609478d1') in 0.0198864 seconds
Number of updated asset objects reloaded before import = 0Number of asset objects unloaded after import = 4

========================================================================
Received Import Request.
  Time since last request: 0.000024 seconds.
  path: Assets/TextMesh Pro/Examples & Extras/Resources/Fonts & Materials/Bangers SDF - Outline.mat
  artifactKey: Guid(f629c6e43dba4bf38cb74d8860150664) Importer(815301076,1909f56bfc062723c751e8b465ee728b)
Start importing Assets/TextMesh Pro/Examples & Extras/Resources/Fonts & Materials/Bangers SDF - Outline.mat using Guid(f629c6e43dba4bf38cb74d8860150664) Importer(815301076,1909f56bfc062723c751e8b465ee728b) (PreviewImporter) -> (artifact id: 'cbb2f32a79e3944ed780bb9be1f64b43') in 0.0090606 seconds
Number of updated asset objects reloaded before import = 0Number of asset objects unloaded after import = 2

========================================================================
Received Import Request.
  Time since last request: 0.000032 seconds.
  path: Assets/Desert Pack/Materials/ColorPaletteShowCase.mat
  artifactKey: Guid(adddff3fab177f74c81ad7ac2f724ff6) Importer(815301076,1909f56bfc062723c751e8b465ee728b)
Start importing Assets/Desert Pack/Materials/ColorPaletteShowCase.mat using Guid(adddff3fab177f74c81ad7ac2f724ff6) Importer(815301076,1909f56bfc062723c751e8b465ee728b) (PreviewImporter) -> (artifact id: '5f141cdd76627d389266c943885c3b63') in 0.0193929 seconds
Number of updated asset objects reloaded before import = 0Number of asset objects unloaded after import = 1

========================================================================
Received Import Request.
  Time since last request: 0.000043 seconds.
  path: Assets/TextMesh Pro/Examples & Extras/Resources/Fonts & Materials/Bangers SDF - Drop Shadow - 2 Pass.mat
  artifactKey: Guid(947a44964e53bf0448ff698b2a2219c0) Importer(815301076,1909f56bfc062723c751e8b465ee728b)
Start importing Assets/TextMesh Pro/Examples & Extras/Resources/Fonts & Materials/Bangers SDF - Drop Shadow - 2 Pass.mat using Guid(947a44964e53bf0448ff698b2a2219c0) Importer(815301076,1909f56bfc062723c751e8b465ee728b) (PreviewImporter) -> (artifact id: 'bb5de8950bed06fcf7bdc9965b85b2b6') in 0.0413605 seconds
Number of updated asset objects reloaded before import = 0Number of asset objects unloaded after import = 2

========================================================================
Received Import Request.
  Time since last request: 0.000027 seconds.
  path: Assets/TextMesh Pro/Examples & Extras/Resources/Fonts & Materials/Anton SDF - Sunny Days.mat
  artifactKey: Guid(6522f30e342599e4e9dd4cc2cc03c830) Importer(815301076,1909f56bfc062723c751e8b465ee728b)
Start importing Assets/TextMesh Pro/Examples & Extras/Resources/Fonts & Materials/Anton SDF - Sunny Days.mat using Guid(6522f30e342599e4e9dd4cc2cc03c830) Importer(815301076,1909f56bfc062723c751e8b465ee728b) (PreviewImporter) -> (artifact id: '19a31e1da94eb205dc5b5c0f42080572') in 0.1081449 seconds
Number of updated asset objects reloaded before import = 0Number of asset objects unloaded after import = 4

========================================================================
Received Import Request.
  Time since last request: 0.000024 seconds.
  path: Assets/TextMesh Pro/Examples & Extras/Materials/Crate - Surface Shader Scene.mat
  artifactKey: Guid(e6b9b44320f4448d9d5e0ee634259966) Importer(815301076,1909f56bfc062723c751e8b465ee728b)
Start importing Assets/TextMesh Pro/Examples & Extras/Materials/Crate - Surface Shader Scene.mat using Guid(e6b9b44320f4448d9d5e0ee634259966) Importer(815301076,1909f56bfc062723c751e8b465ee728b) (PreviewImporter) -> (artifact id: '1804e08cc326b3cb51927de8ce771f04') in 0.018477 seconds
Number of updated asset objects reloaded before import = 0Number of asset objects unloaded after import = 3

========================================================================
Received Import Request.
  Time since last request: 0.000038 seconds.
  path: Assets/TextMesh Pro/Examples & Extras/Resources/Fonts & Materials/Bangers SDF - Drop Shadow.mat
  artifactKey: Guid(f2dcf029949142e28b974630369c8b4e) Importer(815301076,1909f56bfc062723c751e8b465ee728b)
Start importing Assets/TextMesh Pro/Examples & Extras/Resources/Fonts & Materials/Bangers SDF - Drop Shadow.mat using Guid(f2dcf029949142e28b974630369c8b4e) Importer(815301076,1909f56bfc062723c751e8b465ee728b) (PreviewImporter) -> (artifact id: '88147ce3b6f8742839dddf88a3adedef') in 0.0080552 seconds
Number of updated asset objects reloaded before import = 0Number of asset objects unloaded after import = 2

========================================================================
Received Import Request.
  Time since last request: 0.000029 seconds.
  path: Assets/LeanTween/Examples/Material/DirectionalArrowMaterial.mat
  artifactKey: Guid(79809b4fc57ad41b982c1dd5ceb812b2) Importer(815301076,1909f56bfc062723c751e8b465ee728b)
Start importing Assets/LeanTween/Examples/Material/DirectionalArrowMaterial.mat using Guid(79809b4fc57ad41b982c1dd5ceb812b2) Importer(815301076,1909f56bfc062723c751e8b465ee728b) (PreviewImporter) -> (artifact id: 'a5335065bd82c70fcb1e5743b5b91d09') in 0.0088381 seconds
Number of updated asset objects reloaded before import = 0Number of asset objects unloaded after import = 1

========================================================================
Received Import Request.
  Time since last request: 0.000032 seconds.
  path: Assets/UniversalAssets/JMO Assets/Cartoon FX Remaster/CFXR Assets/Graphics/cfxr proc glow soft invert add.mat
  artifactKey: Guid(efaa1dd14471b6143b5ee7827566c1e0) Importer(815301076,1909f56bfc062723c751e8b465ee728b)
Start importing Assets/UniversalAssets/JMO Assets/Cartoon FX Remaster/CFXR Assets/Graphics/cfxr proc glow soft invert add.mat using Guid(efaa1dd14471b6143b5ee7827566c1e0) Importer(815301076,1909f56bfc062723c751e8b465ee728b) (PreviewImporter) -> (artifact id: 'af1d0c330d0b1cddc4d6db96007745f2') in 0.0735044 seconds
Number of updated asset objects reloaded before import = 0Number of asset objects unloaded after import = 2

========================================================================
Received Import Request.
  Time since last request: 0.000033 seconds.
  path: Assets/LowPoly-Animals/Water/Dolphin/Materials/Dolphin_Mat_v5.mat
  artifactKey: Guid(b723f57ca235c644a9eaa076bb011232) Importer(815301076,1909f56bfc062723c751e8b465ee728b)
Start importing Assets/LowPoly-Animals/Water/Dolphin/Materials/Dolphin_Mat_v5.mat using Guid(b723f57ca235c644a9eaa076bb011232) Importer(815301076,1909f56bfc062723c751e8b465ee728b) (PreviewImporter) -> (artifact id: 'ce1ad3e465f43afb9844698ed6346907') in 0.0310624 seconds
Number of updated asset objects reloaded before import = 0Number of asset objects unloaded after import = 2

========================================================================
Received Import Request.
  Time since last request: 0.000049 seconds.
  path: Assets/Office_Props/Materials/(Mat)Glass.mat
  artifactKey: Guid(a3a530523bec0cc41aed4f3a4d9da936) Importer(815301076,1909f56bfc062723c751e8b465ee728b)
Start importing Assets/Office_Props/Materials/(Mat)Glass.mat using Guid(a3a530523bec0cc41aed4f3a4d9da936) Importer(815301076,1909f56bfc062723c751e8b465ee728b) (PreviewImporter) -> (artifact id: 'ecc52b5ce1ca8e6a07f0b3813c14b5d0') in 4.2284304 seconds
Number of updated asset objects reloaded before import = 0Number of asset objects unloaded after import = 1

Editor requested this worker to shutdown with reason: Scaling down because of idle timeout
AssetImportWorker is now disconnected from the server
Process exiting
Exiting without the bug reporter. Application will terminate with return code 0